<?xml version="1.0" encoding="UTF-8"?>
<coverage generated="1757975106398" clover="3.2.0">
  <project timestamp="1757975106398" name="All files">
    <metrics statements="219" coveredstatements="177" conditionals="78" coveredconditionals="39" methods="78" coveredmethods="65" elements="375" coveredelements="281" complexity="0" loc="219" ncloc="219" packages="7" files="20" classes="20"/>
    <package name="src">
      <metrics statements="2" coveredstatements="2" conditionals="1" coveredconditionals="1" methods="1" coveredmethods="1"/>
      <file name="App.jsx" path="C:/Users/R3/Desktop/Projects/Ryhma5/App/frontend/src/App.jsx">
        <metrics statements="2" coveredstatements="2" conditionals="1" coveredconditionals="1" methods="1" coveredmethods="1"/>
        <line num="9" count="16" type="stmt"/>
        <line num="10" count="72" type="stmt"/>
      </file>
    </package>
    <package name="src.components.notes">
      <metrics statements="55" coveredstatements="48" conditionals="32" coveredconditionals="19" methods="21" coveredmethods="19"/>
      <file name="CollaborativeEditor.jsx" path="C:/Users/R3/Desktop/Projects/Ryhma5/App/frontend/src/components/notes/CollaborativeEditor.jsx">
        <metrics statements="33" coveredstatements="28" conditionals="12" coveredconditionals="7" methods="12" coveredmethods="10"/>
        <line num="7" count="16" type="stmt"/>
        <line num="19" count="18" type="stmt"/>
        <line num="21" count="18" type="stmt"/>
        <line num="22" count="18" type="stmt"/>
        <line num="24" count="18" type="stmt"/>
        <line num="38" count="18" type="stmt"/>
        <line num="39" count="2" type="stmt"/>
        <line num="40" count="2" type="stmt"/>
        <line num="43" count="18" type="stmt"/>
        <line num="44" count="2" type="cond" truecount="3" falsecount="0"/>
        <line num="45" count="2" type="stmt"/>
        <line num="49" count="18" type="stmt"/>
        <line num="50" count="2" type="cond" truecount="1" falsecount="0"/>
        <line num="53" count="18" type="stmt"/>
        <line num="54" count="2" type="cond" truecount="3" falsecount="0"/>
        <line num="55" count="2" type="stmt"/>
        <line num="56" count="0" type="cond" truecount="0" falsecount="1"/>
        <line num="57" count="0" type="stmt"/>
        <line num="58" count="0" type="stmt"/>
        <line num="62" count="2" type="stmt"/>
        <line num="65" count="18" type="stmt"/>
        <line num="66" count="2" type="cond" truecount="0" falsecount="1"/>
        <line num="68" count="2" type="stmt"/>
        <line num="69" count="24" type="cond" truecount="0" falsecount="1"/>
        <line num="70" count="0" type="stmt"/>
        <line num="71" count="0" type="stmt"/>
        <line num="74" count="24" type="stmt"/>
        <line num="75" count="24" type="stmt"/>
        <line num="76" count="24" type="stmt"/>
        <line num="79" count="2" type="stmt"/>
        <line num="80" count="2" type="stmt"/>
        <line num="83" count="18" type="cond" truecount="0" falsecount="1"/>
        <line num="91" count="18" type="cond" truecount="0" falsecount="1"/>
      </file>
      <file name="MainContent.jsx" path="C:/Users/R3/Desktop/Projects/Ryhma5/App/frontend/src/components/notes/MainContent.jsx">
        <metrics statements="11" coveredstatements="9" conditionals="16" coveredconditionals="8" methods="3" coveredmethods="3"/>
        <line num="7" count="16" type="stmt"/>
        <line num="8" count="70" type="stmt"/>
        <line num="10" count="70" type="stmt"/>
        <line num="11" count="8" type="stmt"/>
        <line num="14" count="70" type="stmt"/>
        <line num="15" count="70" type="cond" truecount="3" falsecount="0"/>
        <line num="17" count="14" type="cond" truecount="1" falsecount="1"/>
        <line num="21" count="14" type="cond" truecount="1" falsecount="0"/>
        <line num="24" count="0" type="cond" truecount="0" falsecount="4"/>
        <line num="28" count="0" type="cond" truecount="0" falsecount="2"/>
        <line num="31" count="70" type="stmt"/>
      </file>
      <file name="Sidebar.jsx" path="C:/Users/R3/Desktop/Projects/Ryhma5/App/frontend/src/components/notes/Sidebar.jsx">
        <metrics statements="11" coveredstatements="11" conditionals="4" coveredconditionals="4" methods="6" coveredmethods="6"/>
        <line num="7" count="16" type="stmt"/>
        <line num="15" count="70" type="stmt"/>
        <line num="17" count="70" type="stmt"/>
        <line num="19" count="70" type="stmt"/>
        <line num="20" count="8" type="stmt"/>
        <line num="23" count="70" type="stmt"/>
        <line num="24" count="52" type="stmt"/>
        <line num="41" count="13" type="stmt"/>
        <line num="49" count="44" type="stmt"/>
        <line num="55" count="1" type="stmt"/>
        <line num="56" count="1" type="stmt"/>
      </file>
    </package>
    <package name="src.components.ui">
      <metrics statements="14" coveredstatements="13" conditionals="3" coveredconditionals="2" methods="7" coveredmethods="7"/>
      <file name="button.jsx" path="C:/Users/R3/Desktop/Projects/Ryhma5/App/frontend/src/components/ui/button.jsx">
        <metrics statements="3" coveredstatements="3" conditionals="3" coveredconditionals="2" methods="1" coveredmethods="1"/>
        <line num="7" count="16" type="stmt"/>
        <line num="38" count="16" type="stmt"/>
        <line num="45" count="754" type="cond" truecount="1" falsecount="1"/>
      </file>
      <file name="footer.jsx" path="C:/Users/R3/Desktop/Projects/Ryhma5/App/frontend/src/components/ui/footer.jsx">
        <metrics statements="1" coveredstatements="1" conditionals="0" coveredconditionals="0" methods="1" coveredmethods="1"/>
        <line num="1" count="16" type="stmt"/>
      </file>
      <file name="header.jsx" path="C:/Users/R3/Desktop/Projects/Ryhma5/App/frontend/src/components/ui/header.jsx">
        <metrics statements="1" coveredstatements="1" conditionals="0" coveredconditionals="0" methods="1" coveredmethods="1"/>
        <line num="4" count="16" type="stmt"/>
      </file>
      <file name="input.jsx" path="C:/Users/R3/Desktop/Projects/Ryhma5/App/frontend/src/components/ui/input.jsx">
        <metrics statements="2" coveredstatements="2" conditionals="0" coveredconditionals="0" methods="1" coveredmethods="1"/>
        <line num="5" count="16" type="stmt"/>
        <line num="17" count="16" type="stmt"/>
      </file>
      <file name="navigation.jsx" path="C:/Users/R3/Desktop/Projects/Ryhma5/App/frontend/src/components/ui/navigation.jsx">
        <metrics statements="6" coveredstatements="5" conditionals="0" coveredconditionals="0" methods="2" coveredmethods="2"/>
        <line num="6" count="16" type="stmt"/>
        <line num="7" count="70" type="stmt"/>
        <line num="8" count="70" type="stmt"/>
        <line num="10" count="70" type="stmt"/>
        <line num="11" count="1" type="stmt"/>
        <line num="12" count="0" type="stmt"/>
      </file>
      <file name="toolbar.jsx" path="C:/Users/R3/Desktop/Projects/Ryhma5/App/frontend/src/components/ui/toolbar.jsx">
        <metrics statements="1" coveredstatements="1" conditionals="0" coveredconditionals="0" methods="1" coveredmethods="1"/>
        <line num="4" count="16" type="stmt"/>
      </file>
    </package>
    <package name="src.hooks">
      <metrics statements="74" coveredstatements="45" conditionals="26" coveredconditionals="4" methods="28" coveredmethods="17"/>
      <file name="useAuth.js" path="C:/Users/R3/Desktop/Projects/Ryhma5/App/frontend/src/hooks/useAuth.js">
        <metrics statements="1" coveredstatements="1" conditionals="0" coveredconditionals="0" methods="1" coveredmethods="1"/>
        <line num="4" count="934" type="stmt"/>
      </file>
      <file name="useNotesStore.js" path="C:/Users/R3/Desktop/Projects/Ryhma5/App/frontend/src/hooks/useNotesStore.js">
        <metrics statements="73" coveredstatements="44" conditionals="26" coveredconditionals="4" methods="27" coveredmethods="16"/>
        <line num="4" count="16" type="stmt"/>
        <line num="6" count="32" type="stmt"/>
        <line num="7" count="48" type="stmt"/>
        <line num="8" count="48" type="stmt"/>
        <line num="12" count="16" type="stmt"/>
        <line num="25" count="1" type="stmt"/>
        <line num="26" count="1" type="stmt"/>
        <line num="28" count="0" type="stmt"/>
        <line num="29" count="14" type="stmt"/>
        <line num="30" count="0" type="stmt"/>
        <line num="31" count="2" type="stmt"/>
        <line num="34" count="16" type="stmt"/>
        <line num="35" count="16" type="stmt"/>
        <line num="36" count="16" type="stmt"/>
        <line num="41" count="8" type="cond" truecount="0" falsecount="1"/>
        <line num="43" count="8" type="stmt"/>
        <line num="45" count="0" type="stmt"/>
        <line num="50" count="1" type="stmt"/>
        <line num="51" count="1" type="stmt"/>
        <line num="52" count="1" type="stmt"/>
        <line num="58" count="1" type="cond" truecount="0" falsecount="1"/>
        <line num="60" count="1" type="stmt"/>
        <line num="62" count="0" type="stmt"/>
        <line num="67" count="2" type="cond" truecount="2" falsecount="1"/>
        <line num="69" count="2" type="stmt"/>
        <line num="70" count="2" type="cond" truecount="0" falsecount="1"/>
        <line num="72" count="2" type="stmt"/>
        <line num="76" count="2" type="stmt"/>
        <line num="77" count="4" type="stmt"/>
        <line num="78" count="4" type="stmt"/>
        <line num="79" count="4" type="stmt"/>
        <line num="82" count="2" type="stmt"/>
        <line num="83" count="0" type="cond" truecount="0" falsecount="1"/>
        <line num="84" count="0" type="stmt"/>
        <line num="85" count="0" type="cond" truecount="0" falsecount="1"/>
        <line num="89" count="2" type="stmt"/>
        <line num="90" count="1" type="cond" truecount="1" falsecount="0"/>
        <line num="91" count="1" type="stmt"/>
        <line num="98" count="2" type="stmt"/>
        <line num="102" count="1" type="stmt"/>
        <line num="103" count="1" type="cond" truecount="0" falsecount="1"/>
        <line num="104" count="0" type="stmt"/>
        <line num="105" count="0" type="stmt"/>
        <line num="110" count="0" type="stmt"/>
        <line num="111" count="0" type="stmt"/>
        <line num="113" count="0" type="cond" truecount="0" falsecount="4"/>
        <line num="114" count="0" type="stmt"/>
        <line num="115" count="0" type="stmt"/>
        <line num="118" count="0" type="stmt"/>
        <line num="129" count="2" type="stmt"/>
        <line num="139" count="0" type="stmt"/>
        <line num="140" count="0" type="stmt"/>
        <line num="142" count="0" type="stmt"/>
        <line num="144" count="0" type="cond" truecount="0" falsecount="2"/>
        <line num="148" count="0" type="cond" truecount="0" falsecount="3"/>
        <line num="151" count="0" type="stmt"/>
        <line num="153" count="0" type="stmt"/>
        <line num="159" count="2" type="stmt"/>
        <line num="163" count="1" type="stmt"/>
        <line num="164" count="1" type="cond" truecount="1" falsecount="0"/>
        <line num="165" count="1" type="stmt"/>
        <line num="166" count="1" type="stmt"/>
        <line num="171" count="0" type="stmt"/>
        <line num="172" count="0" type="stmt"/>
        <line num="180" count="0" type="cond" truecount="0" falsecount="1"/>
        <line num="182" count="0" type="stmt"/>
        <line num="184" count="0" type="cond" truecount="0" falsecount="2"/>
        <line num="194" count="0" type="stmt"/>
        <line num="195" count="0" type="stmt"/>
        <line num="200" count="24" type="stmt"/>
        <line num="202" count="24" type="cond" truecount="0" falsecount="1"/>
        <line num="204" count="24" type="stmt"/>
        <line num="206" count="24" type="stmt"/>
      </file>
    </package>
    <package name="src.lib">
      <metrics statements="5" coveredstatements="4" conditionals="3" coveredconditionals="2" methods="0" coveredmethods="0"/>
      <file name="supabaseClient.js" path="C:/Users/R3/Desktop/Projects/Ryhma5/App/frontend/src/lib/supabaseClient.js">
        <metrics statements="5" coveredstatements="4" conditionals="3" coveredconditionals="2" methods="0" coveredmethods="0"/>
        <line num="3" count="16" type="stmt"/>
        <line num="4" count="16" type="stmt"/>
        <line num="6" count="16" type="cond" truecount="2" falsecount="1"/>
        <line num="7" count="0" type="stmt"/>
        <line num="10" count="16" type="stmt"/>
      </file>
    </package>
    <package name="src.pages">
      <metrics statements="36" coveredstatements="35" conditionals="6" coveredconditionals="5" methods="10" coveredmethods="10"/>
      <file name="landingPage.jsx" path="C:/Users/R3/Desktop/Projects/Ryhma5/App/frontend/src/pages/landingPage.jsx">
        <metrics statements="1" coveredstatements="1" conditionals="0" coveredconditionals="0" methods="1" coveredmethods="1"/>
        <line num="4" count="16" type="stmt"/>
      </file>
      <file name="loginForm.jsx" path="C:/Users/R3/Desktop/Projects/Ryhma5/App/frontend/src/pages/loginForm.jsx">
        <metrics statements="14" coveredstatements="14" conditionals="1" coveredconditionals="1" methods="4" coveredmethods="4"/>
        <line num="8" count="16" type="stmt"/>
        <line num="9" count="432" type="stmt"/>
        <line num="10" count="432" type="stmt"/>
        <line num="11" count="432" type="stmt"/>
        <line num="12" count="432" type="stmt"/>
        <line num="14" count="432" type="stmt"/>
        <line num="15" count="9" type="stmt"/>
        <line num="16" count="9" type="stmt"/>
        <line num="17" count="9" type="stmt"/>
        <line num="18" count="9" type="stmt"/>
        <line num="20" count="5" type="stmt"/>
        <line num="21" count="5" type="stmt"/>
        <line num="33" count="138" type="stmt"/>
        <line num="34" count="58" type="stmt"/>
      </file>
      <file name="notesPage.jsx" path="C:/Users/R3/Desktop/Projects/Ryhma5/App/frontend/src/pages/notesPage.jsx">
        <metrics statements="1" coveredstatements="1" conditionals="0" coveredconditionals="0" methods="1" coveredmethods="1"/>
        <line num="4" count="16" type="stmt"/>
      </file>
      <file name="registrationForm.jsx" path="C:/Users/R3/Desktop/Projects/Ryhma5/App/frontend/src/pages/registrationForm.jsx">
        <metrics statements="20" coveredstatements="19" conditionals="5" coveredconditionals="4" methods="4" coveredmethods="4"/>
        <line num="10" count="16" type="stmt"/>
        <line num="11" count="272" type="stmt"/>
        <line num="12" count="272" type="stmt"/>
        <line num="13" count="272" type="stmt"/>
        <line num="14" count="272" type="stmt"/>
        <line num="16" count="272" type="stmt"/>
        <line num="17" count="8" type="stmt"/>
        <line num="18" count="8" type="stmt"/>
        <line num="19" count="8" type="cond" truecount="1" falsecount="0"/>
        <line num="20" count="3" type="stmt"/>
        <line num="21" count="3" type="stmt"/>
        <line num="23" count="5" type="cond" truecount="1" falsecount="0"/>
        <line num="24" count="4" type="stmt"/>
        <line num="25" count="4" type="stmt"/>
        <line num="27" count="1" type="stmt"/>
        <line num="28" count="1" type="stmt"/>
        <line num="29" count="0" type="stmt"/>
        <line num="31" count="1" type="cond" truecount="1" falsecount="1"/>
        <line num="43" count="81" type="stmt"/>
        <line num="44" count="44" type="stmt"/>
      </file>
    </package>
    <package name="src.utils">
      <metrics statements="33" coveredstatements="30" conditionals="7" coveredconditionals="6" methods="11" coveredmethods="11"/>
      <file name="AuthContext.jsx" path="C:/Users/R3/Desktop/Projects/Ryhma5/App/frontend/src/utils/AuthContext.jsx">
        <metrics statements="26" coveredstatements="23" conditionals="7" coveredconditionals="6" methods="8" coveredmethods="8"/>
        <line num="4" count="16" type="stmt"/>
        <line num="6" count="32" type="stmt"/>
        <line num="7" count="104" type="stmt"/>
        <line num="8" count="104" type="stmt"/>
        <line num="10" count="104" type="stmt"/>
        <line num="11" count="32" type="stmt"/>
        <line num="12" count="32" type="stmt"/>
        <line num="13" count="32" type="cond" truecount="2" falsecount="0"/>
        <line num="14" count="32" type="stmt"/>
        <line num="17" count="32" type="stmt"/>
        <line num="19" count="32" type="stmt"/>
        <line num="20" count="20" type="cond" truecount="2" falsecount="0"/>
        <line num="23" count="32" type="stmt"/>
        <line num="24" count="16" type="stmt"/>
        <line num="28" count="104" type="stmt"/>
        <line num="29" count="1" type="stmt"/>
        <line num="30" count="1" type="cond" truecount="1" falsecount="0"/>
        <line num="31" count="0" type="stmt"/>
        <line num="34" count="104" type="stmt"/>
        <line num="35" count="9" type="stmt"/>
        <line num="36" count="9" type="cond" truecount="1" falsecount="0"/>
        <line num="37" count="4" type="stmt"/>
        <line num="40" count="104" type="stmt"/>
        <line num="41" count="1" type="stmt"/>
        <line num="42" count="0" type="cond" truecount="0" falsecount="1"/>
        <line num="43" count="0" type="stmt"/>
      </file>
      <file name="utils.js" path="C:/Users/R3/Desktop/Projects/Ryhma5/App/frontend/src/utils/utils.js">
        <metrics statements="1" coveredstatements="1" conditionals="0" coveredconditionals="0" methods="1" coveredmethods="1"/>
        <line num="5" count="2122" type="stmt"/>
      </file>
      <file name="validation.js" path="C:/Users/R3/Desktop/Projects/Ryhma5/App/frontend/src/utils/validation.js">
        <metrics statements="6" coveredstatements="6" conditionals="0" coveredconditionals="0" methods="2" coveredmethods="2"/>
        <line num="1" count="16" type="stmt"/>
        <line num="2" count="5" type="stmt"/>
        <line num="3" count="5" type="stmt"/>
        <line num="6" count="16" type="stmt"/>
        <line num="7" count="8" type="stmt"/>
        <line num="8" count="8" type="stmt"/>
      </file>
    </package>
  </project>
</coverage>
