<?xml version="1.0" encoding="UTF-8"?>
<coverage generated="1757773558793" clover="3.2.0">
  <project timestamp="1757773558793" name="All files">
    <metrics statements="122" coveredstatements="85" conditionals="35" coveredconditionals="24" methods="40" coveredmethods="29" elements="197" coveredelements="138" complexity="0" loc="122" ncloc="122" packages="7" files="17" classes="17"/>
    <package name="frontend">
      <metrics statements="4" coveredstatements="4" conditionals="0" coveredconditionals="0" methods="1" coveredmethods="1"/>
      <file name="cypress.config.js" path="C:\Users\R3\Desktop\Projects\Ryhma5\App\frontend\cypress.config.js">
        <metrics statements="4" coveredstatements="4" conditionals="0" coveredconditionals="0" methods="1" coveredmethods="1"/>
        <line num="1" count="1" type="stmt"/>
        <line num="3" count="1" type="stmt"/>
        <line num="7" count="1" type="stmt"/>
        <line num="9" count="1" type="stmt"/>
      </file>
    </package>
    <package name="frontend.src">
      <metrics statements="2" coveredstatements="2" conditionals="1" coveredconditionals="1" methods="1" coveredmethods="1"/>
      <file name="App.jsx" path="C:/Users/R3/Desktop/Projects/Ryhma5/App/frontend/src/App.jsx">
        <metrics statements="2" coveredstatements="2" conditionals="1" coveredconditionals="1" methods="1" coveredmethods="1"/>
        <line num="9" count="4" type="stmt"/>
        <line num="10" count="20" type="stmt"/>
      </file>
    </package>
    <package name="frontend.src.components.ui">
      <metrics statements="14" coveredstatements="12" conditionals="3" coveredconditionals="2" methods="7" coveredmethods="6"/>
      <file name="button.jsx" path="C:/Users/R3/Desktop/Projects/Ryhma5/App/frontend/src/components/ui/button.jsx">
        <metrics statements="3" coveredstatements="3" conditionals="3" coveredconditionals="2" methods="1" coveredmethods="1"/>
        <line num="7" count="4" type="stmt"/>
        <line num="38" count="4" type="stmt"/>
        <line num="45" count="176" type="cond" truecount="1" falsecount="1"/>
      </file>
      <file name="footer.jsx" path="C:/Users/R3/Desktop/Projects/Ryhma5/App/frontend/src/components/ui/footer.jsx">
        <metrics statements="1" coveredstatements="1" conditionals="0" coveredconditionals="0" methods="1" coveredmethods="1"/>
        <line num="1" count="4" type="stmt"/>
      </file>
      <file name="header.jsx" path="C:/Users/R3/Desktop/Projects/Ryhma5/App/frontend/src/components/ui/header.jsx">
        <metrics statements="1" coveredstatements="1" conditionals="0" coveredconditionals="0" methods="1" coveredmethods="1"/>
        <line num="4" count="4" type="stmt"/>
      </file>
      <file name="input.jsx" path="C:/Users/R3/Desktop/Projects/Ryhma5/App/frontend/src/components/ui/input.jsx">
        <metrics statements="2" coveredstatements="2" conditionals="0" coveredconditionals="0" methods="1" coveredmethods="1"/>
        <line num="5" count="4" type="stmt"/>
        <line num="17" count="4" type="stmt"/>
      </file>
      <file name="navigation.jsx" path="C:/Users/R3/Desktop/Projects/Ryhma5/App/frontend/src/components/ui/navigation.jsx">
        <metrics statements="6" coveredstatements="4" conditionals="0" coveredconditionals="0" methods="2" coveredmethods="1"/>
        <line num="7" count="4" type="stmt"/>
        <line num="9" count="52" type="stmt"/>
        <line num="10" count="52" type="stmt"/>
        <line num="12" count="52" type="stmt"/>
        <line num="13" count="0" type="stmt"/>
        <line num="14" count="0" type="stmt"/>
      </file>
      <file name="toolbar.jsx" path="C:/Users/R3/Desktop/Projects/Ryhma5/App/frontend/src/components/ui/toolbar.jsx">
        <metrics statements="1" coveredstatements="1" conditionals="0" coveredconditionals="0" methods="1" coveredmethods="1"/>
        <line num="4" count="4" type="stmt"/>
      </file>
    </package>
    <package name="frontend.src.hooks">
      <metrics statements="1" coveredstatements="1" conditionals="0" coveredconditionals="0" methods="1" coveredmethods="1"/>
      <file name="useAuth.js" path="C:/Users/R3/Desktop/Projects/Ryhma5/App/frontend/src/hooks/useAuth.js">
        <metrics statements="1" coveredstatements="1" conditionals="0" coveredconditionals="0" methods="1" coveredmethods="1"/>
        <line num="4" count="200" type="stmt"/>
      </file>
    </package>
    <package name="frontend.src.lib">
      <metrics statements="5" coveredstatements="4" conditionals="3" coveredconditionals="2" methods="0" coveredmethods="0"/>
      <file name="supabaseClient.js" path="C:/Users/R3/Desktop/Projects/Ryhma5/App/frontend/src/lib/supabaseClient.js">
        <metrics statements="5" coveredstatements="4" conditionals="3" coveredconditionals="2" methods="0" coveredmethods="0"/>
        <line num="3" count="4" type="stmt"/>
        <line num="4" count="4" type="stmt"/>
        <line num="6" count="4" type="cond" truecount="2" falsecount="1"/>
        <line num="7" count="0" type="stmt"/>
        <line num="10" count="4" type="stmt"/>
      </file>
    </package>
    <package name="frontend.src.pages">
      <metrics statements="63" coveredstatements="39" conditionals="21" coveredconditionals="15" methods="19" coveredmethods="13"/>
      <file name="landingPage.jsx" path="C:/Users/R3/Desktop/Projects/Ryhma5/App/frontend/src/pages/landingPage.jsx">
        <metrics statements="1" coveredstatements="1" conditionals="0" coveredconditionals="0" methods="1" coveredmethods="1"/>
        <line num="4" count="4" type="stmt"/>
      </file>
      <file name="loginForm.jsx" path="C:/Users/R3/Desktop/Projects/Ryhma5/App/frontend/src/pages/loginForm.jsx">
        <metrics statements="14" coveredstatements="12" conditionals="1" coveredconditionals="1" methods="4" coveredmethods="4"/>
        <line num="8" count="4" type="stmt"/>
        <line num="9" count="128" type="stmt"/>
        <line num="10" count="128" type="stmt"/>
        <line num="11" count="128" type="stmt"/>
        <line num="12" count="128" type="stmt"/>
        <line num="14" count="128" type="stmt"/>
        <line num="15" count="2" type="stmt"/>
        <line num="16" count="2" type="stmt"/>
        <line num="17" count="2" type="stmt"/>
        <line num="18" count="2" type="stmt"/>
        <line num="20" count="0" type="stmt"/>
        <line num="21" count="0" type="stmt"/>
        <line num="33" count="44" type="stmt"/>
        <line num="34" count="16" type="stmt"/>
      </file>
      <file name="notesPage.jsx" path="C:/Users/R3/Desktop/Projects/Ryhma5/App/frontend/src/pages/notesPage.jsx">
        <metrics statements="28" coveredstatements="25" conditionals="15" coveredconditionals="14" methods="10" coveredmethods="8"/>
        <line num="11" count="4" type="stmt"/>
        <line num="17" count="76" type="stmt"/>
        <line num="18" count="76" type="stmt"/>
        <line num="19" count="76" type="stmt"/>
        <line num="21" count="76" type="stmt"/>
        <line num="50" count="76" type="stmt"/>
        <line num="51" count="10" type="stmt"/>
        <line num="52" count="10" type="stmt"/>
        <line num="53" count="10" type="stmt"/>
        <line num="56" count="76" type="stmt"/>
        <line num="57" count="15" type="cond" truecount="2" falsecount="0"/>
        <line num="58" count="15" type="stmt"/>
        <line num="61" count="76" type="stmt"/>
        <line num="62" count="152" type="stmt"/>
        <line num="66" count="142" type="stmt"/>
        <line num="68" count="76" type="stmt"/>
        <line num="69" count="76" type="cond" truecount="1" falsecount="0"/>
        <line num="71" count="12" type="cond" truecount="2" falsecount="1"/>
        <line num="73" count="10" type="stmt"/>
        <line num="75" count="2" type="stmt"/>
        <line num="77" count="0" type="stmt"/>
        <line num="81" count="76" type="stmt"/>
        <line num="106" count="0" type="stmt"/>
        <line num="119" count="1" type="stmt"/>
        <line num="120" count="1" type="stmt"/>
        <line num="121" count="1" type="stmt"/>
        <line num="134" count="0" type="stmt"/>
        <line num="147" count="2" type="stmt"/>
      </file>
      <file name="registrationForm.jsx" path="C:/Users/R3/Desktop/Projects/Ryhma5/App/frontend/src/pages/registrationForm.jsx">
        <metrics statements="20" coveredstatements="1" conditionals="5" coveredconditionals="0" methods="4" coveredmethods="0"/>
        <line num="10" count="4" type="stmt"/>
        <line num="11" count="0" type="stmt"/>
        <line num="12" count="0" type="stmt"/>
        <line num="13" count="0" type="stmt"/>
        <line num="14" count="0" type="stmt"/>
        <line num="16" count="0" type="stmt"/>
        <line num="17" count="0" type="stmt"/>
        <line num="18" count="0" type="stmt"/>
        <line num="19" count="0" type="cond" truecount="0" falsecount="1"/>
        <line num="20" count="0" type="stmt"/>
        <line num="21" count="0" type="stmt"/>
        <line num="23" count="0" type="cond" truecount="0" falsecount="1"/>
        <line num="24" count="0" type="stmt"/>
        <line num="25" count="0" type="stmt"/>
        <line num="27" count="0" type="stmt"/>
        <line num="28" count="0" type="stmt"/>
        <line num="29" count="0" type="stmt"/>
        <line num="31" count="0" type="cond" truecount="0" falsecount="2"/>
        <line num="43" count="0" type="stmt"/>
        <line num="44" count="0" type="stmt"/>
      </file>
    </package>
    <package name="frontend.src.utils">
      <metrics statements="33" coveredstatements="23" conditionals="7" coveredconditionals="4" methods="11" coveredmethods="7"/>
      <file name="AuthContext.jsx" path="C:/Users/R3/Desktop/Projects/Ryhma5/App/frontend/src/utils/AuthContext.jsx">
        <metrics statements="26" coveredstatements="20" conditionals="7" coveredconditionals="4" methods="8" coveredmethods="6"/>
        <line num="4" count="4" type="stmt"/>
        <line num="6" count="8" type="stmt"/>
        <line num="7" count="28" type="stmt"/>
        <line num="8" count="28" type="stmt"/>
        <line num="10" count="28" type="stmt"/>
        <line num="11" count="8" type="stmt"/>
        <line num="12" count="8" type="stmt"/>
        <line num="13" count="8" type="cond" truecount="2" falsecount="0"/>
        <line num="14" count="8" type="stmt"/>
        <line num="17" count="8" type="stmt"/>
        <line num="19" count="8" type="stmt"/>
        <line num="20" count="6" type="cond" truecount="2" falsecount="0"/>
        <line num="23" count="8" type="stmt"/>
        <line num="24" count="4" type="stmt"/>
        <line num="28" count="28" type="stmt"/>
        <line num="29" count="0" type="stmt"/>
        <line num="30" count="0" type="cond" truecount="0" falsecount="1"/>
        <line num="31" count="0" type="stmt"/>
        <line num="34" count="28" type="stmt"/>
        <line num="35" count="2" type="stmt"/>
        <line num="36" count="2" type="cond" truecount="0" falsecount="1"/>
        <line num="37" count="2" type="stmt"/>
        <line num="40" count="28" type="stmt"/>
        <line num="41" count="0" type="stmt"/>
        <line num="42" count="0" type="cond" truecount="0" falsecount="1"/>
        <line num="43" count="0" type="stmt"/>
      </file>
      <file name="utils.js" path="C:/Users/R3/Desktop/Projects/Ryhma5/App/frontend/src/utils/utils.js">
        <metrics statements="1" coveredstatements="1" conditionals="0" coveredconditionals="0" methods="1" coveredmethods="1"/>
        <line num="5" count="424" type="stmt"/>
      </file>
      <file name="validation.js" path="C:/Users/R3/Desktop/Projects/Ryhma5/App/frontend/src/utils/validation.js">
        <metrics statements="6" coveredstatements="2" conditionals="0" coveredconditionals="0" methods="2" coveredmethods="0"/>
        <line num="1" count="4" type="stmt"/>
        <line num="2" count="0" type="stmt"/>
        <line num="3" count="0" type="stmt"/>
        <line num="6" count="4" type="stmt"/>
        <line num="7" count="0" type="stmt"/>
        <line num="8" count="0" type="stmt"/>
      </file>
    </package>
  </project>
</coverage>
