{"C:/Users/R3/Desktop/Projects/Ryhma5/App/frontend/src/App.jsx": {"path":"C:/Users/R3/Desktop/Projects/Ryhma5/App/frontend/src/App.jsx","statementMap":{"0":{"start":{"line":10,"column":28},"end":{"line":10,"column":null}},"1":{"start":{"line":9,"column":9},"end":{"line":9,"column":null}}},"fnMap":{"0":{"name":"App","decl":{"start":{"line":9,"column":9},"end":{"line":9,"column":null}},"loc":{"start":{"line":9,"column":9},"end":{"line":31,"column":null}}}},"branchMap":{"0":{"loc":{"start":{"line":17,"column":8},"end":{"line":22,"column":null}},"type":"cond-expr","locations":[{"start":{"line":17,"column":8},"end":{"line":22,"column":null}}]}},"s":{"0":72,"1":16},"f":{"0":72},"b":{"0":[8]}}
,"C:/Users/R3/Desktop/Projects/Ryhma5/App/frontend/src/components/notes/CollaborativeEditor.jsx": {"path":"C:/Users/R3/Desktop/Projects/Ryhma5/App/frontend/src/components/notes/CollaborativeEditor.jsx","statementMap":{"0":{"start":{"line":19,"column":8},"end":{"line":19,"column":null}},"1":{"start":{"line":21,"column":21},"end":{"line":21,"column":null}},"2":{"start":{"line":22,"column":31},"end":{"line":22,"column":null}},"3":{"start":{"line":24,"column":19},"end":{"line":35,"column":null}},"4":{"start":{"line":38,"column":4},"end":{"line":41,"column":null}},"5":{"start":{"line":39,"column":8},"end":{"line":39,"column":null}},"6":{"start":{"line":40,"column":8},"end":{"line":40,"column":null}},"7":{"start":{"line":40,"column":21},"end":{"line":40,"column":null}},"8":{"start":{"line":43,"column":4},"end":{"line":47,"column":null}},"9":{"start":{"line":44,"column":8},"end":{"line":46,"column":null}},"10":{"start":{"line":45,"column":12},"end":{"line":45,"column":null}},"11":{"start":{"line":49,"column":4},"end":{"line":51,"column":null}},"12":{"start":{"line":50,"column":8},"end":{"line":50,"column":null}},"13":{"start":{"line":50,"column":18},"end":{"line":50,"column":null}},"14":{"start":{"line":53,"column":4},"end":{"line":63,"column":null}},"15":{"start":{"line":54,"column":8},"end":{"line":61,"column":null}},"16":{"start":{"line":55,"column":12},"end":{"line":60,"column":null}},"17":{"start":{"line":56,"column":16},"end":{"line":59,"column":null}},"18":{"start":{"line":57,"column":20},"end":{"line":57,"column":null}},"19":{"start":{"line":58,"column":20},"end":{"line":58,"column":null}},"20":{"start":{"line":62,"column":8},"end":{"line":62,"column":null}},"21":{"start":{"line":62,"column":21},"end":{"line":62,"column":null}},"22":{"start":{"line":65,"column":4},"end":{"line":81,"column":null}},"23":{"start":{"line":66,"column":8},"end":{"line":66,"column":null}},"24":{"start":{"line":66,"column":21},"end":{"line":66,"column":null}},"25":{"start":{"line":68,"column":25},"end":{"line":77,"column":null}},"26":{"start":{"line":69,"column":12},"end":{"line":72,"column":null}},"27":{"start":{"line":70,"column":16},"end":{"line":70,"column":null}},"28":{"start":{"line":71,"column":16},"end":{"line":71,"column":null}},"29":{"start":{"line":74,"column":12},"end":{"line":74,"column":null}},"30":{"start":{"line":75,"column":12},"end":{"line":75,"column":null}},"31":{"start":{"line":76,"column":12},"end":{"line":76,"column":null}},"32":{"start":{"line":76,"column":29},"end":{"line":76,"column":53}},"33":{"start":{"line":79,"column":8},"end":{"line":79,"column":null}},"34":{"start":{"line":80,"column":8},"end":{"line":80,"column":null}},"35":{"start":{"line":80,"column":21},"end":{"line":80,"column":null}},"36":{"start":{"line":83,"column":4},"end":{"line":89,"column":null}},"37":{"start":{"line":91,"column":4},"end":{"line":97,"column":null}},"38":{"start":{"line":7,"column":24},"end":{"line":7,"column":null}}},"fnMap":{"0":{"name":"CollaborativeEditor","decl":{"start":{"line":7,"column":24},"end":{"line":7,"column":null}},"loc":{"start":{"line":7,"column":24},"end":{"line":110,"column":null}}},"1":{"name":"(anonymous_1)","decl":{"start":{"line":38,"column":14},"end":{"line":38,"column":null}},"loc":{"start":{"line":38,"column":14},"end":{"line":41,"column":7}}},"2":{"name":"(anonymous_2)","decl":{"start":{"line":40,"column":15},"end":{"line":40,"column":21}},"loc":{"start":{"line":40,"column":21},"end":{"line":40,"column":null}}},"3":{"name":"(anonymous_3)","decl":{"start":{"line":43,"column":14},"end":{"line":43,"column":null}},"loc":{"start":{"line":43,"column":14},"end":{"line":47,"column":7}}},"4":{"name":"(anonymous_4)","decl":{"start":{"line":49,"column":14},"end":{"line":49,"column":null}},"loc":{"start":{"line":49,"column":14},"end":{"line":51,"column":7}}},"5":{"name":"(anonymous_5)","decl":{"start":{"line":53,"column":14},"end":{"line":53,"column":null}},"loc":{"start":{"line":53,"column":14},"end":{"line":63,"column":7}}},"6":{"name":"(anonymous_6)","decl":{"start":{"line":55,"column":48},"end":{"line":55,"column":49}},"loc":{"start":{"line":55,"column":49},"end":{"line":60,"column":null}}},"7":{"name":"(anonymous_7)","decl":{"start":{"line":62,"column":15},"end":{"line":62,"column":21}},"loc":{"start":{"line":62,"column":21},"end":{"line":62,"column":null}}},"8":{"name":"(anonymous_8)","decl":{"start":{"line":65,"column":14},"end":{"line":65,"column":null}},"loc":{"start":{"line":65,"column":14},"end":{"line":81,"column":7}}},"9":{"name":"(anonymous_9)","decl":{"start":{"line":68,"column":25},"end":{"line":68,"column":null}},"loc":{"start":{"line":68,"column":25},"end":{"line":77,"column":null}}},"10":{"name":"(anonymous_10)","decl":{"start":{"line":76,"column":23},"end":{"line":76,"column":29}},"loc":{"start":{"line":76,"column":29},"end":{"line":76,"column":53}}},"11":{"name":"(anonymous_11)","decl":{"start":{"line":80,"column":15},"end":{"line":80,"column":21}},"loc":{"start":{"line":80,"column":21},"end":{"line":80,"column":null}}}},"branchMap":{"0":{"loc":{"start":{"line":44,"column":8},"end":{"line":46,"column":null}},"type":"if","locations":[{"start":{"line":44,"column":8},"end":{"line":46,"column":null}}]},"1":{"loc":{"start":{"line":44,"column":12},"end":{"line":44,"column":45}},"type":"binary-expr","locations":[{"start":{"line":44,"column":12},"end":{"line":44,"column":22}},{"start":{"line":44,"column":22},"end":{"line":44,"column":45}}]},"2":{"loc":{"start":{"line":50,"column":8},"end":{"line":50,"column":null}},"type":"if","locations":[{"start":{"line":50,"column":8},"end":{"line":50,"column":null}}]},"3":{"loc":{"start":{"line":54,"column":8},"end":{"line":61,"column":null}},"type":"if","locations":[{"start":{"line":54,"column":8},"end":{"line":61,"column":null}}]},"4":{"loc":{"start":{"line":54,"column":12},"end":{"line":54,"column":36}},"type":"binary-expr","locations":[{"start":{"line":54,"column":12},"end":{"line":54,"column":30}},{"start":{"line":54,"column":30},"end":{"line":54,"column":36}}]},"5":{"loc":{"start":{"line":56,"column":16},"end":{"line":59,"column":null}},"type":"if","locations":[{"start":{"line":56,"column":16},"end":{"line":59,"column":null}}]},"6":{"loc":{"start":{"line":66,"column":8},"end":{"line":66,"column":null}},"type":"if","locations":[{"start":{"line":66,"column":8},"end":{"line":66,"column":null}}]},"7":{"loc":{"start":{"line":69,"column":12},"end":{"line":72,"column":null}},"type":"if","locations":[{"start":{"line":69,"column":12},"end":{"line":72,"column":null}}]},"8":{"loc":{"start":{"line":83,"column":4},"end":{"line":89,"column":null}},"type":"if","locations":[{"start":{"line":83,"column":4},"end":{"line":89,"column":null}}]},"9":{"loc":{"start":{"line":91,"column":4},"end":{"line":97,"column":null}},"type":"if","locations":[{"start":{"line":91,"column":4},"end":{"line":97,"column":null}}]}},"s":{"0":18,"1":18,"2":18,"3":18,"4":18,"5":2,"6":2,"7":1,"8":18,"9":2,"10":2,"11":18,"12":2,"13":2,"14":18,"15":2,"16":2,"17":0,"18":0,"19":0,"20":2,"21":1,"22":18,"23":2,"24":0,"25":2,"26":24,"27":0,"28":0,"29":24,"30":24,"31":24,"32":0,"33":2,"34":2,"35":1,"36":18,"37":18,"38":16},"f":{"0":18,"1":2,"2":1,"3":2,"4":2,"5":2,"6":0,"7":1,"8":2,"9":24,"10":0,"11":1},"b":{"0":[2],"1":[2,2],"2":[2],"3":[2],"4":[2,2],"5":[0],"6":[0],"7":[0],"8":[0],"9":[0]}}
,"C:/Users/R3/Desktop/Projects/Ryhma5/App/frontend/src/components/notes/MainContent.jsx": {"path":"C:/Users/R3/Desktop/Projects/Ryhma5/App/frontend/src/components/notes/MainContent.jsx","statementMap":{"0":{"start":{"line":7,"column":20},"end":{"line":102,"column":null}},"1":{"start":{"line":8,"column":54},"end":{"line":8,"column":null}},"2":{"start":{"line":10,"column":4},"end":{"line":12,"column":null}},"3":{"start":{"line":11,"column":8},"end":{"line":11,"column":null}},"4":{"start":{"line":14,"column":23},"end":{"line":29,"column":null}},"5":{"start":{"line":15,"column":8},"end":{"line":15,"column":null}},"6":{"start":{"line":15,"column":38},"end":{"line":15,"column":null}},"7":{"start":{"line":17,"column":23},"end":{"line":19,"column":28}},"8":{"start":{"line":21,"column":8},"end":{"line":21,"column":null}},"9":{"start":{"line":21,"column":21},"end":{"line":21,"column":null}},"10":{"start":{"line":24,"column":12},"end":{"line":27,"column":23}},"11":{"start":{"line":28,"column":8},"end":{"line":28,"column":null}},"12":{"start":{"line":31,"column":20},"end":{"line":31,"column":null}},"13":{"start":{"line":7,"column":6},"end":{"line":7,"column":20}}},"fnMap":{"0":{"name":"(anonymous_0)","decl":{"start":{"line":7,"column":20},"end":{"line":7,"column":null}},"loc":{"start":{"line":7,"column":20},"end":{"line":102,"column":null}}},"1":{"name":"(anonymous_1)","decl":{"start":{"line":10,"column":14},"end":{"line":10,"column":null}},"loc":{"start":{"line":10,"column":14},"end":{"line":12,"column":7}}},"2":{"name":"(anonymous_2)","decl":{"start":{"line":14,"column":23},"end":{"line":14,"column":24}},"loc":{"start":{"line":14,"column":24},"end":{"line":29,"column":null}}}},"branchMap":{"0":{"loc":{"start":{"line":15,"column":8},"end":{"line":15,"column":null}},"type":"if","locations":[{"start":{"line":15,"column":8},"end":{"line":15,"column":null}}]},"1":{"loc":{"start":{"line":15,"column":12},"end":{"line":15,"column":36}},"type":"binary-expr","locations":[{"start":{"line":15,"column":12},"end":{"line":15,"column":21}},{"start":{"line":15,"column":21},"end":{"line":15,"column":36}}]},"2":{"loc":{"start":{"line":17,"column":23},"end":{"line":19,"column":28}},"type":"cond-expr","locations":[{"start":{"line":18,"column":14},"end":{"line":18,"column":31}},{"start":{"line":19,"column":14},"end":{"line":19,"column":28}}]},"3":{"loc":{"start":{"line":21,"column":8},"end":{"line":21,"column":null}},"type":"if","locations":[{"start":{"line":21,"column":8},"end":{"line":21,"column":null}}]},"4":{"loc":{"start":{"line":24,"column":12},"end":{"line":27,"column":23}},"type":"binary-expr","locations":[{"start":{"line":24,"column":12},"end":{"line":24,"column":null}},{"start":{"line":25,"column":12},"end":{"line":25,"column":null}},{"start":{"line":26,"column":12},"end":{"line":26,"column":27}},{"start":{"line":27,"column":12},"end":{"line":27,"column":23}}]},"5":{"loc":{"start":{"line":28,"column":15},"end":{"line":28,"column":null}},"type":"binary-expr","locations":[{"start":{"line":28,"column":15},"end":{"line":28,"column":26}},{"start":{"line":28,"column":26},"end":{"line":28,"column":null}}]},"6":{"loc":{"start":{"line":37,"column":20},"end":{"line":68,"column":21}},"type":"cond-expr","locations":[{"start":{"line":37,"column":20},"end":{"line":68,"column":21}}]},"7":{"loc":{"start":{"line":58,"column":37},"end":{"line":62,"column":null}},"type":"cond-expr","locations":[{"start":{"line":59,"column":42},"end":{"line":61,"column":null}},{"start":{"line":62,"column":42},"end":{"line":62,"column":null}}]},"8":{"loc":{"start":{"line":86,"column":20},"end":{"line":90,"column":21}},"type":"cond-expr","locations":[{"start":{"line":86,"column":20},"end":{"line":90,"column":21}}]}},"s":{"0":16,"1":70,"2":70,"3":8,"4":70,"5":70,"6":56,"7":14,"8":14,"9":14,"10":0,"11":0,"12":70,"13":16},"f":{"0":70,"1":8,"2":70},"b":{"0":[56],"1":[70,14],"2":[14,0],"3":[14],"4":[0,0,0,0],"5":[0,0],"6":[14],"7":[14,0],"8":[14]}}
,"C:/Users/R3/Desktop/Projects/Ryhma5/App/frontend/src/components/notes/Sidebar.jsx": {"path":"C:/Users/R3/Desktop/Projects/Ryhma5/App/frontend/src/components/notes/Sidebar.jsx","statementMap":{"0":{"start":{"line":7,"column":16},"end":{"line":78,"column":null}},"1":{"start":{"line":15,"column":8},"end":{"line":15,"column":null}},"2":{"start":{"line":17,"column":21},"end":{"line":17,"column":null}},"3":{"start":{"line":19,"column":4},"end":{"line":21,"column":null}},"4":{"start":{"line":20,"column":8},"end":{"line":20,"column":null}},"5":{"start":{"line":23,"column":26},"end":{"line":24,"column":null}},"6":{"start":{"line":24,"column":8},"end":{"line":24,"column":null}},"7":{"start":{"line":41,"column":41},"end":{"line":41,"column":null}},"8":{"start":{"line":49,"column":35},"end":{"line":49,"column":66}},"9":{"start":{"line":55,"column":32},"end":{"line":55,"column":null}},"10":{"start":{"line":56,"column":32},"end":{"line":56,"column":null}},"11":{"start":{"line":7,"column":6},"end":{"line":7,"column":16}}},"fnMap":{"0":{"name":"(anonymous_0)","decl":{"start":{"line":7,"column":16},"end":{"line":7,"column":null}},"loc":{"start":{"line":7,"column":16},"end":{"line":78,"column":null}}},"1":{"name":"(anonymous_1)","decl":{"start":{"line":19,"column":14},"end":{"line":19,"column":null}},"loc":{"start":{"line":19,"column":14},"end":{"line":21,"column":7}}},"2":{"name":"(anonymous_2)","decl":{"start":{"line":23,"column":39},"end":{"line":23,"column":40}},"loc":{"start":{"line":24,"column":8},"end":{"line":24,"column":null}}},"3":{"name":"(anonymous_3)","decl":{"start":{"line":41,"column":34},"end":{"line":41,"column":35}},"loc":{"start":{"line":41,"column":41},"end":{"line":41,"column":null}}},"4":{"name":"(anonymous_4)","decl":{"start":{"line":48,"column":35},"end":{"line":48,"column":36}},"loc":{"start":{"line":48,"column":36},"end":{"line":72,"column":null}}},"5":{"name":"(anonymous_5)","decl":{"start":{"line":54,"column":37},"end":{"line":54,"column":null}},"loc":{"start":{"line":54,"column":37},"end":{"line":57,"column":null}}}},"branchMap":{"0":{"loc":{"start":{"line":59,"column":32},"end":{"line":59,"column":null}},"type":"cond-expr","locations":[{"start":{"line":59,"column":41},"end":{"line":59,"column":87}},{"start":{"line":59,"column":87},"end":{"line":59,"column":null}}]},"1":{"loc":{"start":{"line":63,"column":68},"end":{"line":63,"column":128}},"type":"cond-expr","locations":[{"start":{"line":63,"column":77},"end":{"line":63,"column":111}},{"start":{"line":63,"column":111},"end":{"line":63,"column":128}}]}},"s":{"0":16,"1":70,"2":70,"3":70,"4":8,"5":70,"6":52,"7":13,"8":44,"9":1,"10":1,"11":16},"f":{"0":70,"1":8,"2":52,"3":13,"4":44,"5":1},"b":{"0":[18,26],"1":[18,26]}}
,"C:/Users/R3/Desktop/Projects/Ryhma5/App/frontend/src/components/ui/button.jsx": {"path":"C:/Users/R3/Desktop/Projects/Ryhma5/App/frontend/src/components/ui/button.jsx","statementMap":{"0":{"start":{"line":7,"column":23},"end":{"line":35,"column":null}},"1":{"start":{"line":45,"column":15},"end":{"line":45,"column":null}},"2":{"start":{"line":38,"column":9},"end":{"line":38,"column":16}}},"fnMap":{"0":{"name":"Button","decl":{"start":{"line":38,"column":9},"end":{"line":38,"column":16}},"loc":{"start":{"line":44,"column":1},"end":{"line":53,"column":null}}}},"branchMap":{"0":{"loc":{"start":{"line":42,"column":2},"end":{"line":42,"column":17}},"type":"default-arg","locations":[{"start":{"line":42,"column":12},"end":{"line":42,"column":17}}]},"1":{"loc":{"start":{"line":45,"column":15},"end":{"line":45,"column":null}},"type":"cond-expr","locations":[{"start":{"line":45,"column":25},"end":{"line":45,"column":32}},{"start":{"line":45,"column":32},"end":{"line":45,"column":null}}]}},"s":{"0":16,"1":754,"2":16},"f":{"0":754},"b":{"0":[754],"1":[0,754]}}
,"C:/Users/R3/Desktop/Projects/Ryhma5/App/frontend/src/components/ui/footer.jsx": {"path":"C:/Users/R3/Desktop/Projects/Ryhma5/App/frontend/src/components/ui/footer.jsx","statementMap":{"0":{"start":{"line":1,"column":22},"end":{"line":9,"column":2}},"1":{"start":{"line":1,"column":13},"end":{"line":1,"column":22}}},"fnMap":{"0":{"name":"(anonymous_0)","decl":{"start":{"line":1,"column":22},"end":{"line":1,"column":23}},"loc":{"start":{"line":1,"column":34},"end":{"line":9,"column":2}}}},"branchMap":{},"s":{"0":16,"1":16},"f":{"0":700},"b":{}}
,"C:/Users/R3/Desktop/Projects/Ryhma5/App/frontend/src/components/ui/header.jsx": {"path":"C:/Users/R3/Desktop/Projects/Ryhma5/App/frontend/src/components/ui/header.jsx","statementMap":{"0":{"start":{"line":4,"column":22},"end":{"line":23,"column":2}},"1":{"start":{"line":4,"column":13},"end":{"line":4,"column":22}}},"fnMap":{"0":{"name":"(anonymous_0)","decl":{"start":{"line":4,"column":22},"end":{"line":4,"column":null}},"loc":{"start":{"line":4,"column":22},"end":{"line":23,"column":2}}}},"branchMap":{},"s":{"0":16,"1":16},"f":{"0":700},"b":{}}
,"C:/Users/R3/Desktop/Projects/Ryhma5/App/frontend/src/components/ui/input.jsx": {"path":"C:/Users/R3/Desktop/Projects/Ryhma5/App/frontend/src/components/ui/input.jsx","statementMap":{"0":{"start":{"line":5,"column":14},"end":{"line":16,"column":null}},"1":{"start":{"line":17,"column":0},"end":{"line":17,"column":null}}},"fnMap":{"0":{"name":"(anonymous_0)","decl":{"start":{"line":5,"column":31},"end":{"line":5,"column":32}},"loc":{"start":{"line":5,"column":63},"end":{"line":16,"column":null}}}},"branchMap":{},"s":{"0":16,"1":16},"f":{"0":1368},"b":{}}
,"C:/Users/R3/Desktop/Projects/Ryhma5/App/frontend/src/components/ui/navigation.jsx": {"path":"C:/Users/R3/Desktop/Projects/Ryhma5/App/frontend/src/components/ui/navigation.jsx","statementMap":{"0":{"start":{"line":6,"column":19},"end":{"line":22,"column":null}},"1":{"start":{"line":7,"column":24},"end":{"line":7,"column":null}},"2":{"start":{"line":8,"column":21},"end":{"line":8,"column":null}},"3":{"start":{"line":10,"column":25},"end":{"line":13,"column":null}},"4":{"start":{"line":11,"column":8},"end":{"line":11,"column":null}},"5":{"start":{"line":12,"column":8},"end":{"line":12,"column":null}},"6":{"start":{"line":6,"column":6},"end":{"line":6,"column":19}}},"fnMap":{"0":{"name":"(anonymous_0)","decl":{"start":{"line":6,"column":19},"end":{"line":6,"column":null}},"loc":{"start":{"line":6,"column":19},"end":{"line":22,"column":null}}},"1":{"name":"(anonymous_1)","decl":{"start":{"line":10,"column":25},"end":{"line":10,"column":null}},"loc":{"start":{"line":10,"column":25},"end":{"line":13,"column":null}}}},"branchMap":{},"s":{"0":16,"1":70,"2":70,"3":70,"4":1,"5":0,"6":16},"f":{"0":70,"1":1},"b":{}}
,"C:/Users/R3/Desktop/Projects/Ryhma5/App/frontend/src/components/ui/toolbar.jsx": {"path":"C:/Users/R3/Desktop/Projects/Ryhma5/App/frontend/src/components/ui/toolbar.jsx","statementMap":{"0":{"start":{"line":4,"column":16},"end":{"line":31,"column":null}},"1":{"start":{"line":4,"column":6},"end":{"line":4,"column":16}}},"fnMap":{"0":{"name":"(anonymous_0)","decl":{"start":{"line":4,"column":16},"end":{"line":4,"column":null}},"loc":{"start":{"line":4,"column":16},"end":{"line":31,"column":null}}}},"branchMap":{},"s":{"0":16,"1":16},"f":{"0":70},"b":{}}
,"C:/Users/R3/Desktop/Projects/Ryhma5/App/frontend/src/hooks/useAuth.js": {"path":"C:/Users/R3/Desktop/Projects/Ryhma5/App/frontend/src/hooks/useAuth.js","statementMap":{"0":{"start":{"line":4,"column":23},"end":{"line":4,"column":52}},"1":{"start":{"line":4,"column":29},"end":{"line":4,"column":52}}},"fnMap":{"0":{"name":"(anonymous_0)","decl":{"start":{"line":4,"column":23},"end":{"line":4,"column":24}},"loc":{"start":{"line":4,"column":29},"end":{"line":4,"column":52}}}},"branchMap":{},"s":{"0":16,"1":934},"f":{"0":934},"b":{}}
,"C:/Users/R3/Desktop/Projects/Ryhma5/App/frontend/src/hooks/useNotesStore.js": {"path":"C:/Users/R3/Desktop/Projects/Ryhma5/App/frontend/src/hooks/useNotesStore.js","statementMap":{"0":{"start":{"line":4,"column":17},"end":{"line":10,"column":1}},"1":{"start":{"line":6,"column":2},"end":{"line":9,"column":4}},"2":{"start":{"line":7,"column":4},"end":{"line":7,"column":26}},"3":{"start":{"line":8,"column":4},"end":{"line":8,"column":53}},"4":{"start":{"line":8,"column":31},"end":{"line":8,"column":44}},"5":{"start":{"line":12,"column":29},"end":{"line":208,"column":3}},"6":{"start":{"line":12,"column":51},"end":{"line":208,"column":1}},"7":{"start":{"line":25,"column":4},"end":{"line":25,"column":64}},"8":{"start":{"line":26,"column":4},"end":{"line":26,"column":38}},"9":{"start":{"line":28,"column":29},"end":{"line":28,"column":56}},"10":{"start":{"line":29,"column":29},"end":{"line":29,"column":56}},"11":{"start":{"line":30,"column":30},"end":{"line":30,"column":58}},"12":{"start":{"line":31,"column":28},"end":{"line":31,"column":54}},"13":{"start":{"line":34,"column":4},"end":{"line":34,"column":40}},"14":{"start":{"line":35,"column":4},"end":{"line":46,"column":5}},"15":{"start":{"line":36,"column":30},"end":{"line":39,"column":50}},"16":{"start":{"line":41,"column":6},"end":{"line":41,"column":29}},"17":{"start":{"line":41,"column":17},"end":{"line":41,"column":29}},"18":{"start":{"line":43,"column":6},"end":{"line":43,"column":43}},"19":{"start":{"line":45,"column":6},"end":{"line":45,"column":50}},"20":{"start":{"line":50,"column":4},"end":{"line":50,"column":40}},"21":{"start":{"line":51,"column":4},"end":{"line":63,"column":5}},"22":{"start":{"line":52,"column":30},"end":{"line":56,"column":17}},"23":{"start":{"line":58,"column":6},"end":{"line":58,"column":29}},"24":{"start":{"line":58,"column":17},"end":{"line":58,"column":29}},"25":{"start":{"line":60,"column":6},"end":{"line":60,"column":50}},"26":{"start":{"line":62,"column":6},"end":{"line":62,"column":50}},"27":{"start":{"line":67,"column":4},"end":{"line":67,"column":33}},"28":{"start":{"line":67,"column":26},"end":{"line":67,"column":33}},"29":{"start":{"line":69,"column":17},"end":{"line":69,"column":38}},"30":{"start":{"line":70,"column":4},"end":{"line":70,"column":33}},"31":{"start":{"line":70,"column":14},"end":{"line":70,"column":33}},"32":{"start":{"line":72,"column":20},"end":{"line":74,"column":6}},"33":{"start":{"line":76,"column":4},"end":{"line":80,"column":7}},"34":{"start":{"line":77,"column":20},"end":{"line":77,"column":43}},"35":{"start":{"line":78,"column":20},"end":{"line":78,"column":66}},"36":{"start":{"line":78,"column":52},"end":{"line":78,"column":65}},"37":{"start":{"line":79,"column":6},"end":{"line":79,"column":34}},"38":{"start":{"line":82,"column":4},"end":{"line":87,"column":7}},"39":{"start":{"line":83,"column":6},"end":{"line":86,"column":7}},"40":{"start":{"line":84,"column":8},"end":{"line":84,"column":37}},"41":{"start":{"line":85,"column":8},"end":{"line":85,"column":64}},"42":{"start":{"line":85,"column":30},"end":{"line":85,"column":64}},"43":{"start":{"line":89,"column":4},"end":{"line":96,"column":7}},"44":{"start":{"line":90,"column":6},"end":{"line":95,"column":7}},"45":{"start":{"line":91,"column":8},"end":{"line":94,"column":11}},"46":{"start":{"line":98,"column":4},"end":{"line":98,"column":38}},"47":{"start":{"line":102,"column":20},"end":{"line":102,"column":41}},"48":{"start":{"line":103,"column":4},"end":{"line":106,"column":5}},"49":{"start":{"line":104,"column":6},"end":{"line":104,"column":28}},"50":{"start":{"line":105,"column":6},"end":{"line":105,"column":54}},"51":{"start":{"line":110,"column":47},"end":{"line":110,"column":52}},"52":{"start":{"line":111,"column":17},"end":{"line":111,"column":34}},"53":{"start":{"line":113,"column":4},"end":{"line":116,"column":5}},"54":{"start":{"line":114,"column":6},"end":{"line":114,"column":36}},"55":{"start":{"line":115,"column":6},"end":{"line":115,"column":13}},"56":{"start":{"line":118,"column":4},"end":{"line":125,"column":7}},"57":{"start":{"line":129,"column":25},"end":{"line":157,"column":18}},"58":{"start":{"line":139,"column":30},"end":{"line":139,"column":41}},"59":{"start":{"line":140,"column":50},"end":{"line":140,"column":55}},"60":{"start":{"line":142,"column":10},"end":{"line":146,"column":14}},"61":{"start":{"line":142,"column":26},"end":{"line":146,"column":11}},"62":{"start":{"line":144,"column":14},"end":{"line":144,"column":71}},"63":{"start":{"line":148,"column":10},"end":{"line":154,"column":11}},"64":{"start":{"line":151,"column":12},"end":{"line":151,"column":56}},"65":{"start":{"line":153,"column":12},"end":{"line":153,"column":47}},"66":{"start":{"line":159,"column":4},"end":{"line":159,"column":48}},"67":{"start":{"line":163,"column":37},"end":{"line":163,"column":42}},"68":{"start":{"line":164,"column":4},"end":{"line":167,"column":5}},"69":{"start":{"line":165,"column":6},"end":{"line":165,"column":41}},"70":{"start":{"line":166,"column":6},"end":{"line":166,"column":42}},"71":{"start":{"line":171,"column":4},"end":{"line":196,"column":5}},"72":{"start":{"line":172,"column":24},"end":{"line":178,"column":30}},"73":{"start":{"line":180,"column":6},"end":{"line":180,"column":29}},"74":{"start":{"line":180,"column":17},"end":{"line":180,"column":29}},"75":{"start":{"line":182,"column":6},"end":{"line":191,"column":10}},"76":{"start":{"line":182,"column":22},"end":{"line":191,"column":7}},"77":{"start":{"line":184,"column":10},"end":{"line":186,"column":18}},"78":{"start":{"line":194,"column":6},"end":{"line":194,"column":49}},"79":{"start":{"line":195,"column":6},"end":{"line":195,"column":34}},"80":{"start":{"line":200,"column":75},"end":{"line":200,"column":80}},"81":{"start":{"line":202,"column":4},"end":{"line":202,"column":32}},"82":{"start":{"line":202,"column":25},"end":{"line":202,"column":32}},"83":{"start":{"line":204,"column":4},"end":{"line":204,"column":39}},"84":{"start":{"line":206,"column":4},"end":{"line":206,"column":51}}},"fnMap":{"0":{"name":"(anonymous_0)","decl":{"start":{"line":4,"column":17},"end":{"line":4,"column":18}},"loc":{"start":{"line":4,"column":34},"end":{"line":10,"column":1}}},"1":{"name":"(anonymous_1)","decl":{"start":{"line":6,"column":9},"end":{"line":6,"column":10}},"loc":{"start":{"line":6,"column":22},"end":{"line":9,"column":3}}},"2":{"name":"(anonymous_2)","decl":{"start":{"line":8,"column":25},"end":{"line":8,"column":26}},"loc":{"start":{"line":8,"column":31},"end":{"line":8,"column":44}}},"3":{"name":"(anonymous_3)","decl":{"start":{"line":12,"column":36},"end":{"line":12,"column":37}},"loc":{"start":{"line":12,"column":51},"end":{"line":208,"column":1}}},"4":{"name":"(anonymous_4)","decl":{"start":{"line":24,"column":19},"end":{"line":24,"column":24}},"loc":{"start":{"line":24,"column":37},"end":{"line":27,"column":3}}},"5":{"name":"(anonymous_5)","decl":{"start":{"line":28,"column":18},"end":{"line":28,"column":19}},"loc":{"start":{"line":28,"column":29},"end":{"line":28,"column":56}}},"6":{"name":"(anonymous_6)","decl":{"start":{"line":29,"column":18},"end":{"line":29,"column":19}},"loc":{"start":{"line":29,"column":29},"end":{"line":29,"column":56}}},"7":{"name":"(anonymous_7)","decl":{"start":{"line":30,"column":20},"end":{"line":30,"column":21}},"loc":{"start":{"line":30,"column":30},"end":{"line":30,"column":58}}},"8":{"name":"(anonymous_8)","decl":{"start":{"line":31,"column":18},"end":{"line":31,"column":19}},"loc":{"start":{"line":31,"column":28},"end":{"line":31,"column":54}}},"9":{"name":"(anonymous_9)","decl":{"start":{"line":33,"column":14},"end":{"line":33,"column":19}},"loc":{"start":{"line":33,"column":26},"end":{"line":47,"column":3}}},"10":{"name":"(anonymous_10)","decl":{"start":{"line":49,"column":17},"end":{"line":49,"column":22}},"loc":{"start":{"line":49,"column":35},"end":{"line":64,"column":3}}},"11":{"name":"(anonymous_11)","decl":{"start":{"line":66,"column":17},"end":{"line":66,"column":22}},"loc":{"start":{"line":66,"column":59},"end":{"line":99,"column":3}}},"12":{"name":"(anonymous_12)","decl":{"start":{"line":76,"column":46},"end":{"line":76,"column":47}},"loc":{"start":{"line":76,"column":52},"end":{"line":80,"column":5}}},"13":{"name":"(anonymous_13)","decl":{"start":{"line":78,"column":43},"end":{"line":78,"column":44}},"loc":{"start":{"line":78,"column":52},"end":{"line":78,"column":65}}},"14":{"name":"(anonymous_14)","decl":{"start":{"line":82,"column":57},"end":{"line":82,"column":58}},"loc":{"start":{"line":82,"column":74},"end":{"line":87,"column":5}}},"15":{"name":"(anonymous_15)","decl":{"start":{"line":89,"column":28},"end":{"line":89,"column":29}},"loc":{"start":{"line":89,"column":40},"end":{"line":96,"column":5}}},"16":{"name":"(anonymous_16)","decl":{"start":{"line":101,"column":19},"end":{"line":101,"column":20}},"loc":{"start":{"line":101,"column":25},"end":{"line":107,"column":3}}},"17":{"name":"(anonymous_17)","decl":{"start":{"line":109,"column":35},"end":{"line":109,"column":40}},"loc":{"start":{"line":109,"column":57},"end":{"line":126,"column":3}}},"18":{"name":"(anonymous_18)","decl":{"start":{"line":128,"column":29},"end":{"line":128,"column":30}},"loc":{"start":{"line":128,"column":35},"end":{"line":160,"column":3}}},"19":{"name":"(anonymous_19)","decl":{"start":{"line":138,"column":8},"end":{"line":138,"column":9}},"loc":{"start":{"line":138,"column":21},"end":{"line":155,"column":9}}},"20":{"name":"(anonymous_20)","decl":{"start":{"line":142,"column":14},"end":{"line":142,"column":15}},"loc":{"start":{"line":142,"column":26},"end":{"line":146,"column":11}}},"21":{"name":"(anonymous_21)","decl":{"start":{"line":143,"column":35},"end":{"line":143,"column":39}},"loc":{"start":{"line":144,"column":14},"end":{"line":144,"column":71}}},"22":{"name":"(anonymous_22)","decl":{"start":{"line":162,"column":31},"end":{"line":162,"column":32}},"loc":{"start":{"line":162,"column":37},"end":{"line":168,"column":3}}},"23":{"name":"(anonymous_23)","decl":{"start":{"line":170,"column":31},"end":{"line":170,"column":36}},"loc":{"start":{"line":170,"column":58},"end":{"line":197,"column":3}}},"24":{"name":"(anonymous_24)","decl":{"start":{"line":182,"column":10},"end":{"line":182,"column":11}},"loc":{"start":{"line":182,"column":22},"end":{"line":191,"column":7}}},"25":{"name":"(anonymous_25)","decl":{"start":{"line":183,"column":31},"end":{"line":183,"column":35}},"loc":{"start":{"line":184,"column":10},"end":{"line":186,"column":18}}},"26":{"name":"(anonymous_26)","decl":{"start":{"line":199,"column":23},"end":{"line":199,"column":24}},"loc":{"start":{"line":199,"column":39},"end":{"line":207,"column":3}}}},"branchMap":{"0":{"loc":{"start":{"line":41,"column":6},"end":{"line":41,"column":29}},"type":"if","locations":[{"start":{"line":41,"column":6},"end":{"line":41,"column":29}}]},"1":{"loc":{"start":{"line":58,"column":6},"end":{"line":58,"column":29}},"type":"if","locations":[{"start":{"line":58,"column":6},"end":{"line":58,"column":29}}]},"2":{"loc":{"start":{"line":67,"column":4},"end":{"line":67,"column":33}},"type":"if","locations":[{"start":{"line":67,"column":4},"end":{"line":67,"column":33}}]},"3":{"loc":{"start":{"line":67,"column":8},"end":{"line":67,"column":24}},"type":"binary-expr","locations":[{"start":{"line":67,"column":8},"end":{"line":67,"column":15}},{"start":{"line":67,"column":19},"end":{"line":67,"column":24}}]},"4":{"loc":{"start":{"line":70,"column":4},"end":{"line":70,"column":33}},"type":"if","locations":[{"start":{"line":70,"column":4},"end":{"line":70,"column":33}}]},"5":{"loc":{"start":{"line":83,"column":6},"end":{"line":86,"column":7}},"type":"if","locations":[{"start":{"line":83,"column":6},"end":{"line":86,"column":7}}]},"6":{"loc":{"start":{"line":85,"column":8},"end":{"line":85,"column":64}},"type":"if","locations":[{"start":{"line":85,"column":8},"end":{"line":85,"column":64}}]},"7":{"loc":{"start":{"line":90,"column":6},"end":{"line":95,"column":7}},"type":"if","locations":[{"start":{"line":90,"column":6},"end":{"line":95,"column":7}}]},"8":{"loc":{"start":{"line":103,"column":4},"end":{"line":106,"column":5}},"type":"if","locations":[{"start":{"line":103,"column":4},"end":{"line":106,"column":5}}]},"9":{"loc":{"start":{"line":113,"column":4},"end":{"line":116,"column":5}},"type":"if","locations":[{"start":{"line":113,"column":4},"end":{"line":116,"column":5}}]},"10":{"loc":{"start":{"line":113,"column":8},"end":{"line":113,"column":50}},"type":"binary-expr","locations":[{"start":{"line":113,"column":8},"end":{"line":113,"column":24}},{"start":{"line":113,"column":28},"end":{"line":113,"column":33}},{"start":{"line":113,"column":37},"end":{"line":113,"column":50}}]},"11":{"loc":{"start":{"line":144,"column":14},"end":{"line":144,"column":71}},"type":"cond-expr","locations":[{"start":{"line":144,"column":53},"end":{"line":144,"column":64}},{"start":{"line":144,"column":67},"end":{"line":144,"column":71}}]},"12":{"loc":{"start":{"line":148,"column":10},"end":{"line":154,"column":11}},"type":"if","locations":[{"start":{"line":148,"column":10},"end":{"line":154,"column":11}}]},"13":{"loc":{"start":{"line":148,"column":14},"end":{"line":149,"column":54}},"type":"binary-expr","locations":[{"start":{"line":148,"column":14},"end":{"line":148,"column":52}},{"start":{"line":149,"column":12},"end":{"line":149,"column":54}}]},"14":{"loc":{"start":{"line":164,"column":4},"end":{"line":167,"column":5}},"type":"if","locations":[{"start":{"line":164,"column":4},"end":{"line":167,"column":5}}]},"15":{"loc":{"start":{"line":180,"column":6},"end":{"line":180,"column":29}},"type":"if","locations":[{"start":{"line":180,"column":6},"end":{"line":180,"column":29}}]},"16":{"loc":{"start":{"line":184,"column":10},"end":{"line":186,"column":18}},"type":"cond-expr","locations":[{"start":{"line":185,"column":14},"end":{"line":185,"column":72}},{"start":{"line":186,"column":14},"end":{"line":186,"column":18}}]},"17":{"loc":{"start":{"line":188,"column":22},"end":{"line":190,"column":30}},"type":"cond-expr","locations":[{"start":{"line":189,"column":12},"end":{"line":189,"column":84}},{"start":{"line":190,"column":12},"end":{"line":190,"column":30}}]},"18":{"loc":{"start":{"line":202,"column":4},"end":{"line":202,"column":32}},"type":"if","locations":[{"start":{"line":202,"column":4},"end":{"line":202,"column":32}}]}},"s":{"0":16,"1":32,"2":48,"3":48,"4":0,"5":16,"6":16,"7":1,"8":1,"9":0,"10":14,"11":0,"12":2,"13":16,"14":16,"15":16,"16":8,"17":0,"18":8,"19":0,"20":1,"21":1,"22":1,"23":1,"24":0,"25":1,"26":0,"27":2,"28":0,"29":2,"30":2,"31":0,"32":2,"33":2,"34":4,"35":4,"36":2,"37":4,"38":2,"39":0,"40":0,"41":0,"42":0,"43":2,"44":1,"45":1,"46":2,"47":1,"48":1,"49":0,"50":0,"51":0,"52":0,"53":0,"54":0,"55":0,"56":0,"57":2,"58":0,"59":0,"60":0,"61":0,"62":0,"63":0,"64":0,"65":0,"66":2,"67":1,"68":1,"69":1,"70":1,"71":0,"72":0,"73":0,"74":0,"75":0,"76":0,"77":0,"78":0,"79":0,"80":24,"81":24,"82":0,"83":24,"84":24},"f":{"0":32,"1":48,"2":0,"3":16,"4":1,"5":0,"6":14,"7":0,"8":2,"9":16,"10":1,"11":2,"12":4,"13":2,"14":0,"15":1,"16":1,"17":0,"18":2,"19":0,"20":0,"21":0,"22":1,"23":0,"24":0,"25":0,"26":24},"b":{"0":[0],"1":[0],"2":[0],"3":[2,2],"4":[0],"5":[0],"6":[0],"7":[1],"8":[0],"9":[0],"10":[0,0,0],"11":[0,0],"12":[0],"13":[0,0],"14":[1],"15":[0],"16":[0,0],"17":[0,0],"18":[0]}}
,"C:/Users/R3/Desktop/Projects/Ryhma5/App/frontend/src/lib/supabaseClient.js": {"path":"C:/Users/R3/Desktop/Projects/Ryhma5/App/frontend/src/lib/supabaseClient.js","statementMap":{"0":{"start":{"line":3,"column":20},"end":{"line":3,"column":53}},"1":{"start":{"line":4,"column":24},"end":{"line":4,"column":69}},"2":{"start":{"line":6,"column":0},"end":{"line":8,"column":1}},"3":{"start":{"line":7,"column":2},"end":{"line":7,"column":88}},"4":{"start":{"line":10,"column":24},"end":{"line":10,"column":66}}},"fnMap":{},"branchMap":{"0":{"loc":{"start":{"line":6,"column":0},"end":{"line":8,"column":1}},"type":"if","locations":[{"start":{"line":6,"column":0},"end":{"line":8,"column":1}}]},"1":{"loc":{"start":{"line":6,"column":4},"end":{"line":6,"column":36}},"type":"binary-expr","locations":[{"start":{"line":6,"column":4},"end":{"line":6,"column":16}},{"start":{"line":6,"column":20},"end":{"line":6,"column":36}}]}},"s":{"0":16,"1":16,"2":16,"3":0,"4":16},"f":{},"b":{"0":[0],"1":[16,16]}}
,"C:/Users/R3/Desktop/Projects/Ryhma5/App/frontend/src/pages/landingPage.jsx": {"path":"C:/Users/R3/Desktop/Projects/Ryhma5/App/frontend/src/pages/landingPage.jsx","statementMap":{"0":{"start":{"line":4,"column":20},"end":{"line":12,"column":null}},"1":{"start":{"line":4,"column":6},"end":{"line":4,"column":20}}},"fnMap":{"0":{"name":"(anonymous_0)","decl":{"start":{"line":4,"column":20},"end":{"line":4,"column":null}},"loc":{"start":{"line":4,"column":20},"end":{"line":12,"column":null}}}},"branchMap":{},"s":{"0":16,"1":16},"f":{"0":16},"b":{}}
,"C:/Users/R3/Desktop/Projects/Ryhma5/App/frontend/src/pages/loginForm.jsx": {"path":"C:/Users/R3/Desktop/Projects/Ryhma5/App/frontend/src/pages/loginForm.jsx","statementMap":{"0":{"start":{"line":8,"column":18},"end":{"line":42,"column":null}},"1":{"start":{"line":9,"column":23},"end":{"line":9,"column":null}},"2":{"start":{"line":10,"column":30},"end":{"line":10,"column":null}},"3":{"start":{"line":11,"column":36},"end":{"line":11,"column":null}},"4":{"start":{"line":12,"column":30},"end":{"line":12,"column":null}},"5":{"start":{"line":14,"column":24},"end":{"line":23,"column":null}},"6":{"start":{"line":15,"column":8},"end":{"line":15,"column":null}},"7":{"start":{"line":16,"column":8},"end":{"line":16,"column":null}},"8":{"start":{"line":17,"column":8},"end":{"line":22,"column":null}},"9":{"start":{"line":18,"column":12},"end":{"line":18,"column":null}},"10":{"start":{"line":20,"column":12},"end":{"line":20,"column":null}},"11":{"start":{"line":21,"column":12},"end":{"line":21,"column":null}},"12":{"start":{"line":33,"column":117},"end":{"line":33,"column":null}},"13":{"start":{"line":34,"column":126},"end":{"line":34,"column":null}},"14":{"start":{"line":8,"column":6},"end":{"line":8,"column":18}}},"fnMap":{"0":{"name":"(anonymous_0)","decl":{"start":{"line":8,"column":18},"end":{"line":8,"column":null}},"loc":{"start":{"line":8,"column":18},"end":{"line":42,"column":null}}},"1":{"name":"(anonymous_1)","decl":{"start":{"line":14,"column":24},"end":{"line":14,"column":31}},"loc":{"start":{"line":14,"column":31},"end":{"line":23,"column":null}}},"2":{"name":"(anonymous_2)","decl":{"start":{"line":33,"column":110},"end":{"line":33,"column":111}},"loc":{"start":{"line":33,"column":117},"end":{"line":33,"column":null}}},"3":{"name":"(anonymous_3)","decl":{"start":{"line":34,"column":119},"end":{"line":34,"column":120}},"loc":{"start":{"line":34,"column":126},"end":{"line":34,"column":null}}}},"branchMap":{"0":{"loc":{"start":{"line":31,"column":21},"end":{"line":31,"column":30}},"type":"binary-expr","locations":[{"start":{"line":31,"column":21},"end":{"line":31,"column":30}}]}},"s":{"0":16,"1":432,"2":432,"3":432,"4":432,"5":432,"6":9,"7":9,"8":9,"9":9,"10":5,"11":5,"12":138,"13":58,"14":16},"f":{"0":432,"1":9,"2":138,"3":58},"b":{"0":[432]}}
,"C:/Users/R3/Desktop/Projects/Ryhma5/App/frontend/src/pages/notesPage.jsx": {"path":"C:/Users/R3/Desktop/Projects/Ryhma5/App/frontend/src/pages/notesPage.jsx","statementMap":{"0":{"start":{"line":4,"column":18},"end":{"line":11,"column":null}},"1":{"start":{"line":4,"column":6},"end":{"line":4,"column":18}}},"fnMap":{"0":{"name":"(anonymous_0)","decl":{"start":{"line":4,"column":18},"end":{"line":4,"column":null}},"loc":{"start":{"line":4,"column":18},"end":{"line":11,"column":null}}}},"branchMap":{},"s":{"0":16,"1":16},"f":{"0":8},"b":{}}
,"C:/Users/R3/Desktop/Projects/Ryhma5/App/frontend/src/pages/registrationForm.jsx": {"path":"C:/Users/R3/Desktop/Projects/Ryhma5/App/frontend/src/pages/registrationForm.jsx","statementMap":{"0":{"start":{"line":10,"column":25},"end":{"line":52,"column":null}},"1":{"start":{"line":11,"column":23},"end":{"line":11,"column":null}},"2":{"start":{"line":12,"column":30},"end":{"line":12,"column":null}},"3":{"start":{"line":13,"column":36},"end":{"line":13,"column":null}},"4":{"start":{"line":14,"column":30},"end":{"line":14,"column":null}},"5":{"start":{"line":16,"column":25},"end":{"line":33,"column":null}},"6":{"start":{"line":17,"column":8},"end":{"line":17,"column":null}},"7":{"start":{"line":18,"column":8},"end":{"line":18,"column":null}},"8":{"start":{"line":19,"column":8},"end":{"line":22,"column":null}},"9":{"start":{"line":20,"column":12},"end":{"line":20,"column":null}},"10":{"start":{"line":21,"column":12},"end":{"line":21,"column":null}},"11":{"start":{"line":23,"column":8},"end":{"line":26,"column":null}},"12":{"start":{"line":24,"column":12},"end":{"line":24,"column":null}},"13":{"start":{"line":25,"column":12},"end":{"line":25,"column":null}},"14":{"start":{"line":27,"column":8},"end":{"line":32,"column":null}},"15":{"start":{"line":28,"column":12},"end":{"line":28,"column":null}},"16":{"start":{"line":29,"column":12},"end":{"line":29,"column":null}},"17":{"start":{"line":31,"column":12},"end":{"line":31,"column":null}},"18":{"start":{"line":43,"column":117},"end":{"line":43,"column":null}},"19":{"start":{"line":44,"column":126},"end":{"line":44,"column":null}},"20":{"start":{"line":10,"column":6},"end":{"line":10,"column":25}}},"fnMap":{"0":{"name":"(anonymous_0)","decl":{"start":{"line":10,"column":25},"end":{"line":10,"column":null}},"loc":{"start":{"line":10,"column":25},"end":{"line":52,"column":null}}},"1":{"name":"(anonymous_1)","decl":{"start":{"line":16,"column":25},"end":{"line":16,"column":32}},"loc":{"start":{"line":16,"column":32},"end":{"line":33,"column":null}}},"2":{"name":"(anonymous_2)","decl":{"start":{"line":43,"column":110},"end":{"line":43,"column":111}},"loc":{"start":{"line":43,"column":117},"end":{"line":43,"column":null}}},"3":{"name":"(anonymous_3)","decl":{"start":{"line":44,"column":119},"end":{"line":44,"column":120}},"loc":{"start":{"line":44,"column":126},"end":{"line":44,"column":null}}}},"branchMap":{"0":{"loc":{"start":{"line":19,"column":8},"end":{"line":22,"column":null}},"type":"if","locations":[{"start":{"line":19,"column":8},"end":{"line":22,"column":null}}]},"1":{"loc":{"start":{"line":23,"column":8},"end":{"line":26,"column":null}},"type":"if","locations":[{"start":{"line":23,"column":8},"end":{"line":26,"column":null}}]},"2":{"loc":{"start":{"line":31,"column":21},"end":{"line":31,"column":null}},"type":"binary-expr","locations":[{"start":{"line":31,"column":21},"end":{"line":31,"column":39}},{"start":{"line":31,"column":39},"end":{"line":31,"column":null}}]},"3":{"loc":{"start":{"line":41,"column":21},"end":{"line":41,"column":30}},"type":"binary-expr","locations":[{"start":{"line":41,"column":21},"end":{"line":41,"column":30}}]}},"s":{"0":16,"1":272,"2":272,"3":272,"4":272,"5":272,"6":8,"7":8,"8":8,"9":3,"10":3,"11":5,"12":4,"13":4,"14":1,"15":1,"16":0,"17":1,"18":81,"19":44,"20":16},"f":{"0":272,"1":8,"2":81,"3":44},"b":{"0":[3],"1":[4],"2":[1,0],"3":[272]}}
,"C:/Users/R3/Desktop/Projects/Ryhma5/App/frontend/src/utils/AuthContext.jsx": {"path":"C:/Users/R3/Desktop/Projects/Ryhma5/App/frontend/src/utils/AuthContext.jsx","statementMap":{"0":{"start":{"line":4,"column":27},"end":{"line":4,"column":43}},"1":{"start":{"line":6,"column":28},"end":{"line":51,"column":2}},"2":{"start":{"line":7,"column":26},"end":{"line":7,"column":null}},"3":{"start":{"line":8,"column":32},"end":{"line":8,"column":null}},"4":{"start":{"line":10,"column":2},"end":{"line":26,"column":null}},"5":{"start":{"line":11,"column":23},"end":{"line":15,"column":null}},"6":{"start":{"line":12,"column":23},"end":{"line":12,"column":null}},"7":{"start":{"line":13,"column":6},"end":{"line":13,"column":null}},"8":{"start":{"line":14,"column":6},"end":{"line":14,"column":null}},"9":{"start":{"line":17,"column":4},"end":{"line":17,"column":null}},"10":{"start":{"line":19,"column":31},"end":{"line":21,"column":null}},"11":{"start":{"line":20,"column":6},"end":{"line":20,"column":null}},"12":{"start":{"line":23,"column":4},"end":{"line":25,"column":null}},"13":{"start":{"line":24,"column":6},"end":{"line":24,"column":null}},"14":{"start":{"line":28,"column":17},"end":{"line":32,"column":null}},"15":{"start":{"line":29,"column":28},"end":{"line":29,"column":null}},"16":{"start":{"line":30,"column":4},"end":{"line":30,"column":null}},"17":{"start":{"line":30,"column":15},"end":{"line":30,"column":null}},"18":{"start":{"line":31,"column":4},"end":{"line":31,"column":null}},"19":{"start":{"line":34,"column":17},"end":{"line":38,"column":null}},"20":{"start":{"line":35,"column":28},"end":{"line":35,"column":null}},"21":{"start":{"line":36,"column":4},"end":{"line":36,"column":null}},"22":{"start":{"line":36,"column":15},"end":{"line":36,"column":null}},"23":{"start":{"line":37,"column":4},"end":{"line":37,"column":null}},"24":{"start":{"line":40,"column":18},"end":{"line":44,"column":null}},"25":{"start":{"line":41,"column":22},"end":{"line":41,"column":null}},"26":{"start":{"line":42,"column":4},"end":{"line":42,"column":null}},"27":{"start":{"line":42,"column":15},"end":{"line":42,"column":null}},"28":{"start":{"line":43,"column":4},"end":{"line":43,"column":null}},"29":{"start":{"line":6,"column":13},"end":{"line":6,"column":28}}},"fnMap":{"0":{"name":"(anonymous_0)","decl":{"start":{"line":6,"column":28},"end":{"line":6,"column":29}},"loc":{"start":{"line":6,"column":41},"end":{"line":51,"column":2}}},"1":{"name":"(anonymous_1)","decl":{"start":{"line":10,"column":12},"end":{"line":10,"column":null}},"loc":{"start":{"line":10,"column":12},"end":{"line":26,"column":5}}},"2":{"name":"(anonymous_2)","decl":{"start":{"line":11,"column":23},"end":{"line":11,"column":null}},"loc":{"start":{"line":11,"column":23},"end":{"line":15,"column":null}}},"3":{"name":"(anonymous_3)","decl":{"start":{"line":19,"column":63},"end":{"line":19,"column":64}},"loc":{"start":{"line":19,"column":72},"end":{"line":21,"column":null}}},"4":{"name":"(anonymous_4)","decl":{"start":{"line":23,"column":11},"end":{"line":23,"column":null}},"loc":{"start":{"line":23,"column":11},"end":{"line":25,"column":null}}},"5":{"name":"(anonymous_5)","decl":{"start":{"line":28,"column":17},"end":{"line":28,"column":24}},"loc":{"start":{"line":28,"column":31},"end":{"line":32,"column":null}}},"6":{"name":"(anonymous_6)","decl":{"start":{"line":34,"column":17},"end":{"line":34,"column":24}},"loc":{"start":{"line":34,"column":31},"end":{"line":38,"column":null}}},"7":{"name":"(anonymous_7)","decl":{"start":{"line":40,"column":18},"end":{"line":40,"column":null}},"loc":{"start":{"line":40,"column":18},"end":{"line":44,"column":null}}}},"branchMap":{"0":{"loc":{"start":{"line":13,"column":14},"end":{"line":13,"column":null}},"type":"binary-expr","locations":[{"start":{"line":13,"column":14},"end":{"line":13,"column":36}},{"start":{"line":13,"column":36},"end":{"line":13,"column":null}}]},"1":{"loc":{"start":{"line":20,"column":14},"end":{"line":20,"column":null}},"type":"binary-expr","locations":[{"start":{"line":20,"column":14},"end":{"line":20,"column":31}},{"start":{"line":20,"column":31},"end":{"line":20,"column":null}}]},"2":{"loc":{"start":{"line":30,"column":4},"end":{"line":30,"column":null}},"type":"if","locations":[{"start":{"line":30,"column":4},"end":{"line":30,"column":null}}]},"3":{"loc":{"start":{"line":36,"column":4},"end":{"line":36,"column":null}},"type":"if","locations":[{"start":{"line":36,"column":4},"end":{"line":36,"column":null}}]},"4":{"loc":{"start":{"line":42,"column":4},"end":{"line":42,"column":null}},"type":"if","locations":[{"start":{"line":42,"column":4},"end":{"line":42,"column":null}}]}},"s":{"0":16,"1":16,"2":104,"3":104,"4":104,"5":32,"6":32,"7":32,"8":32,"9":32,"10":32,"11":20,"12":32,"13":16,"14":104,"15":1,"16":1,"17":1,"18":0,"19":104,"20":9,"21":9,"22":5,"23":4,"24":104,"25":1,"26":0,"27":0,"28":0,"29":32},"f":{"0":104,"1":32,"2":32,"3":20,"4":16,"5":1,"6":9,"7":1},"b":{"0":[32,32],"1":[20,16],"2":[1],"3":[5],"4":[0]}}
,"C:/Users/R3/Desktop/Projects/Ryhma5/App/frontend/src/utils/utils.js": {"path":"C:/Users/R3/Desktop/Projects/Ryhma5/App/frontend/src/utils/utils.js","statementMap":{"0":{"start":{"line":5,"column":2},"end":{"line":5,"column":31}}},"fnMap":{"0":{"name":"cn","decl":{"start":{"line":4,"column":16},"end":{"line":4,"column":18}},"loc":{"start":{"line":4,"column":30},"end":{"line":6,"column":1}}}},"branchMap":{},"s":{"0":2122},"f":{"0":2122},"b":{}}
,"C:/Users/R3/Desktop/Projects/Ryhma5/App/frontend/src/utils/validation.js": {"path":"C:/Users/R3/Desktop/Projects/Ryhma5/App/frontend/src/utils/validation.js","statementMap":{"0":{"start":{"line":1,"column":29},"end":{"line":4,"column":1}},"1":{"start":{"line":2,"column":17},"end":{"line":2,"column":45}},"2":{"start":{"line":3,"column":4},"end":{"line":3,"column":31}},"3":{"start":{"line":6,"column":26},"end":{"line":9,"column":1}},"4":{"start":{"line":7,"column":17},"end":{"line":7,"column":45}},"5":{"start":{"line":8,"column":4},"end":{"line":8,"column":28}}},"fnMap":{"0":{"name":"(anonymous_0)","decl":{"start":{"line":1,"column":29},"end":{"line":1,"column":30}},"loc":{"start":{"line":1,"column":43},"end":{"line":4,"column":1}}},"1":{"name":"(anonymous_1)","decl":{"start":{"line":6,"column":26},"end":{"line":6,"column":27}},"loc":{"start":{"line":6,"column":37},"end":{"line":9,"column":1}}}},"branchMap":{},"s":{"0":16,"1":5,"2":5,"3":16,"4":8,"5":8},"f":{"0":5,"1":8},"b":{}}
}
