{"C:\\Users\\R3\\Desktop\\Projects\\Ryhma5\\App\\frontend\\cypress.config.js": {"path":"C:\\Users\\R3\\Desktop\\Projects\\Ryhma5\\App\\frontend\\cypress.config.js","statementMap":{"0":{"start":{"line":1,"column":25},"end":{"line":1,"column":43}},"1":{"start":{"line":3,"column":0},"end":{"line":12,"column":3}},"2":{"start":{"line":7,"column":6},"end":{"line":7,"column":56}},"3":{"start":{"line":9,"column":6},"end":{"line":9,"column":19}}},"fnMap":{"0":{"name":"(anonymous_0)","decl":{"start":{"line":6,"column":4},"end":{"line":6,"column":5}},"loc":{"start":{"line":6,"column":32},"end":{"line":10,"column":5}},"line":6}},"branchMap":{},"s":{"0":1,"1":1,"2":1,"3":1},"f":{"0":1},"b":{},"_coverageSchema":"1a1c01bbd47fc00a2c39e90264f33305004495a9","hash":"80d7f3188314ae99939771c59ce42d15417ec66d","contentHash":"86063ba348a93e2d581012fd918513c0e3e718d7b7fa8f308c0a7c676c6a3b9d"}
,"C:/Users/R3/Desktop/Projects/Ryhma5/App/frontend/src/App.jsx": {"path":"C:/Users/R3/Desktop/Projects/Ryhma5/App/frontend/src/App.jsx","statementMap":{"0":{"start":{"line":10,"column":28},"end":{"line":10,"column":null}},"1":{"start":{"line":9,"column":9},"end":{"line":9,"column":null}}},"fnMap":{"0":{"name":"App","decl":{"start":{"line":9,"column":9},"end":{"line":9,"column":null}},"loc":{"start":{"line":9,"column":9},"end":{"line":32,"column":null}}}},"branchMap":{"0":{"loc":{"start":{"line":17,"column":8},"end":{"line":22,"column":null}},"type":"cond-expr","locations":[{"start":{"line":17,"column":8},"end":{"line":22,"column":null}}]}},"s":{"0":20,"1":4},"f":{"0":20},"b":{"0":[4]}}
,"C:/Users/R3/Desktop/Projects/Ryhma5/App/frontend/src/components/ui/button.jsx": {"path":"C:/Users/R3/Desktop/Projects/Ryhma5/App/frontend/src/components/ui/button.jsx","statementMap":{"0":{"start":{"line":7,"column":23},"end":{"line":35,"column":null}},"1":{"start":{"line":45,"column":15},"end":{"line":45,"column":null}},"2":{"start":{"line":38,"column":9},"end":{"line":38,"column":16}}},"fnMap":{"0":{"name":"Button","decl":{"start":{"line":38,"column":9},"end":{"line":38,"column":16}},"loc":{"start":{"line":44,"column":1},"end":{"line":53,"column":null}}}},"branchMap":{"0":{"loc":{"start":{"line":42,"column":2},"end":{"line":42,"column":17}},"type":"default-arg","locations":[{"start":{"line":42,"column":12},"end":{"line":42,"column":17}}]},"1":{"loc":{"start":{"line":45,"column":15},"end":{"line":45,"column":null}},"type":"cond-expr","locations":[{"start":{"line":45,"column":25},"end":{"line":45,"column":32}},{"start":{"line":45,"column":32},"end":{"line":45,"column":null}}]}},"s":{"0":4,"1":176,"2":4},"f":{"0":176},"b":{"0":[176],"1":[0,176]}}
,"C:/Users/R3/Desktop/Projects/Ryhma5/App/frontend/src/components/ui/footer.jsx": {"path":"C:/Users/R3/Desktop/Projects/Ryhma5/App/frontend/src/components/ui/footer.jsx","statementMap":{"0":{"start":{"line":1,"column":22},"end":{"line":9,"column":2}},"1":{"start":{"line":1,"column":13},"end":{"line":1,"column":22}}},"fnMap":{"0":{"name":"(anonymous_0)","decl":{"start":{"line":1,"column":22},"end":{"line":1,"column":23}},"loc":{"start":{"line":1,"column":34},"end":{"line":9,"column":2}}}},"branchMap":{},"s":{"0":4,"1":4},"f":{"0":128},"b":{}}
,"C:/Users/R3/Desktop/Projects/Ryhma5/App/frontend/src/components/ui/header.jsx": {"path":"C:/Users/R3/Desktop/Projects/Ryhma5/App/frontend/src/components/ui/header.jsx","statementMap":{"0":{"start":{"line":4,"column":22},"end":{"line":23,"column":2}},"1":{"start":{"line":4,"column":13},"end":{"line":4,"column":22}}},"fnMap":{"0":{"name":"(anonymous_0)","decl":{"start":{"line":4,"column":22},"end":{"line":4,"column":null}},"loc":{"start":{"line":4,"column":22},"end":{"line":23,"column":2}}}},"branchMap":{},"s":{"0":4,"1":4},"f":{"0":128},"b":{}}
,"C:/Users/R3/Desktop/Projects/Ryhma5/App/frontend/src/components/ui/input.jsx": {"path":"C:/Users/R3/Desktop/Projects/Ryhma5/App/frontend/src/components/ui/input.jsx","statementMap":{"0":{"start":{"line":5,"column":14},"end":{"line":16,"column":null}},"1":{"start":{"line":17,"column":0},"end":{"line":17,"column":null}}},"fnMap":{"0":{"name":"(anonymous_0)","decl":{"start":{"line":5,"column":31},"end":{"line":5,"column":32}},"loc":{"start":{"line":5,"column":63},"end":{"line":16,"column":null}}}},"branchMap":{},"s":{"0":4,"1":4},"f":{"0":248},"b":{}}
,"C:/Users/R3/Desktop/Projects/Ryhma5/App/frontend/src/components/ui/navigation.jsx": {"path":"C:/Users/R3/Desktop/Projects/Ryhma5/App/frontend/src/components/ui/navigation.jsx","statementMap":{"0":{"start":{"line":7,"column":19},"end":{"line":33,"column":null}},"1":{"start":{"line":9,"column":24},"end":{"line":9,"column":null}},"2":{"start":{"line":10,"column":21},"end":{"line":10,"column":null}},"3":{"start":{"line":12,"column":25},"end":{"line":15,"column":null}},"4":{"start":{"line":13,"column":8},"end":{"line":13,"column":null}},"5":{"start":{"line":14,"column":8},"end":{"line":14,"column":null}},"6":{"start":{"line":7,"column":6},"end":{"line":7,"column":19}}},"fnMap":{"0":{"name":"(anonymous_0)","decl":{"start":{"line":7,"column":19},"end":{"line":7,"column":null}},"loc":{"start":{"line":7,"column":19},"end":{"line":33,"column":null}}},"1":{"name":"(anonymous_1)","decl":{"start":{"line":12,"column":25},"end":{"line":12,"column":null}},"loc":{"start":{"line":12,"column":25},"end":{"line":15,"column":null}}}},"branchMap":{},"s":{"0":4,"1":52,"2":52,"3":52,"4":0,"5":0,"6":4},"f":{"0":52,"1":0},"b":{}}
,"C:/Users/R3/Desktop/Projects/Ryhma5/App/frontend/src/components/ui/toolbar.jsx": {"path":"C:/Users/R3/Desktop/Projects/Ryhma5/App/frontend/src/components/ui/toolbar.jsx","statementMap":{"0":{"start":{"line":4,"column":16},"end":{"line":31,"column":null}},"1":{"start":{"line":4,"column":6},"end":{"line":4,"column":16}}},"fnMap":{"0":{"name":"(anonymous_0)","decl":{"start":{"line":4,"column":16},"end":{"line":4,"column":null}},"loc":{"start":{"line":4,"column":16},"end":{"line":31,"column":null}}}},"branchMap":{},"s":{"0":4,"1":4},"f":{"0":8},"b":{}}
,"C:/Users/R3/Desktop/Projects/Ryhma5/App/frontend/src/hooks/useAuth.js": {"path":"C:/Users/R3/Desktop/Projects/Ryhma5/App/frontend/src/hooks/useAuth.js","statementMap":{"0":{"start":{"line":4,"column":23},"end":{"line":4,"column":52}},"1":{"start":{"line":4,"column":29},"end":{"line":4,"column":52}}},"fnMap":{"0":{"name":"(anonymous_0)","decl":{"start":{"line":4,"column":23},"end":{"line":4,"column":24}},"loc":{"start":{"line":4,"column":29},"end":{"line":4,"column":52}}}},"branchMap":{},"s":{"0":4,"1":200},"f":{"0":200},"b":{}}
,"C:/Users/R3/Desktop/Projects/Ryhma5/App/frontend/src/lib/supabaseClient.js": {"path":"C:/Users/R3/Desktop/Projects/Ryhma5/App/frontend/src/lib/supabaseClient.js","statementMap":{"0":{"start":{"line":3,"column":20},"end":{"line":3,"column":53}},"1":{"start":{"line":4,"column":24},"end":{"line":4,"column":69}},"2":{"start":{"line":6,"column":0},"end":{"line":8,"column":1}},"3":{"start":{"line":7,"column":2},"end":{"line":7,"column":88}},"4":{"start":{"line":10,"column":24},"end":{"line":10,"column":66}}},"fnMap":{},"branchMap":{"0":{"loc":{"start":{"line":6,"column":0},"end":{"line":8,"column":1}},"type":"if","locations":[{"start":{"line":6,"column":0},"end":{"line":8,"column":1}}]},"1":{"loc":{"start":{"line":6,"column":4},"end":{"line":6,"column":36}},"type":"binary-expr","locations":[{"start":{"line":6,"column":4},"end":{"line":6,"column":16}},{"start":{"line":6,"column":20},"end":{"line":6,"column":36}}]}},"s":{"0":4,"1":4,"2":4,"3":0,"4":4},"f":{},"b":{"0":[0],"1":[4,4]}}
,"C:/Users/R3/Desktop/Projects/Ryhma5/App/frontend/src/pages/landingPage.jsx": {"path":"C:/Users/R3/Desktop/Projects/Ryhma5/App/frontend/src/pages/landingPage.jsx","statementMap":{"0":{"start":{"line":4,"column":20},"end":{"line":12,"column":null}},"1":{"start":{"line":4,"column":6},"end":{"line":4,"column":20}}},"fnMap":{"0":{"name":"(anonymous_0)","decl":{"start":{"line":4,"column":20},"end":{"line":4,"column":null}},"loc":{"start":{"line":4,"column":20},"end":{"line":12,"column":null}}}},"branchMap":{},"s":{"0":4,"1":4},"f":{"0":4},"b":{}}
,"C:/Users/R3/Desktop/Projects/Ryhma5/App/frontend/src/pages/loginForm.jsx": {"path":"C:/Users/R3/Desktop/Projects/Ryhma5/App/frontend/src/pages/loginForm.jsx","statementMap":{"0":{"start":{"line":8,"column":18},"end":{"line":42,"column":null}},"1":{"start":{"line":9,"column":23},"end":{"line":9,"column":null}},"2":{"start":{"line":10,"column":30},"end":{"line":10,"column":null}},"3":{"start":{"line":11,"column":36},"end":{"line":11,"column":null}},"4":{"start":{"line":12,"column":30},"end":{"line":12,"column":null}},"5":{"start":{"line":14,"column":24},"end":{"line":23,"column":null}},"6":{"start":{"line":15,"column":8},"end":{"line":15,"column":null}},"7":{"start":{"line":16,"column":8},"end":{"line":16,"column":null}},"8":{"start":{"line":17,"column":8},"end":{"line":22,"column":null}},"9":{"start":{"line":18,"column":12},"end":{"line":18,"column":null}},"10":{"start":{"line":20,"column":12},"end":{"line":20,"column":null}},"11":{"start":{"line":21,"column":12},"end":{"line":21,"column":null}},"12":{"start":{"line":33,"column":117},"end":{"line":33,"column":null}},"13":{"start":{"line":34,"column":126},"end":{"line":34,"column":null}},"14":{"start":{"line":8,"column":6},"end":{"line":8,"column":18}}},"fnMap":{"0":{"name":"(anonymous_0)","decl":{"start":{"line":8,"column":18},"end":{"line":8,"column":null}},"loc":{"start":{"line":8,"column":18},"end":{"line":42,"column":null}}},"1":{"name":"(anonymous_1)","decl":{"start":{"line":14,"column":24},"end":{"line":14,"column":31}},"loc":{"start":{"line":14,"column":31},"end":{"line":23,"column":null}}},"2":{"name":"(anonymous_2)","decl":{"start":{"line":33,"column":110},"end":{"line":33,"column":111}},"loc":{"start":{"line":33,"column":117},"end":{"line":33,"column":null}}},"3":{"name":"(anonymous_3)","decl":{"start":{"line":34,"column":119},"end":{"line":34,"column":120}},"loc":{"start":{"line":34,"column":126},"end":{"line":34,"column":null}}}},"branchMap":{"0":{"loc":{"start":{"line":31,"column":21},"end":{"line":31,"column":30}},"type":"binary-expr","locations":[{"start":{"line":31,"column":21},"end":{"line":31,"column":30}}]}},"s":{"0":4,"1":128,"2":128,"3":128,"4":128,"5":128,"6":2,"7":2,"8":2,"9":2,"10":0,"11":0,"12":44,"13":16,"14":4},"f":{"0":128,"1":2,"2":44,"3":16},"b":{"0":[128]}}
,"C:/Users/R3/Desktop/Projects/Ryhma5/App/frontend/src/pages/notesPage.jsx": {"path":"C:/Users/R3/Desktop/Projects/Ryhma5/App/frontend/src/pages/notesPage.jsx","statementMap":{"0":{"start":{"line":11,"column":18},"end":{"line":205,"column":null}},"1":{"start":{"line":17,"column":44},"end":{"line":17,"column":null}},"2":{"start":{"line":18,"column":42},"end":{"line":18,"column":null}},"3":{"start":{"line":19,"column":40},"end":{"line":19,"column":null}},"4":{"start":{"line":21,"column":18},"end":{"line":48,"column":null}},"5":{"start":{"line":50,"column":31},"end":{"line":54,"column":null}},"6":{"start":{"line":51,"column":22},"end":{"line":51,"column":36}},"7":{"start":{"line":52,"column":8},"end":{"line":52,"column":null}},"8":{"start":{"line":53,"column":8},"end":{"line":53,"column":null}},"9":{"start":{"line":56,"column":4},"end":{"line":59,"column":null}},"10":{"start":{"line":57,"column":22},"end":{"line":57,"column":null}},"11":{"start":{"line":58,"column":8},"end":{"line":58,"column":null}},"12":{"start":{"line":61,"column":26},"end":{"line":62,"column":null}},"13":{"start":{"line":62,"column":8},"end":{"line":62,"column":null}},"14":{"start":{"line":66,"column":28},"end":{"line":66,"column":null}},"15":{"start":{"line":66,"column":47},"end":{"line":66,"column":null}},"16":{"start":{"line":68,"column":23},"end":{"line":79,"column":null}},"17":{"start":{"line":69,"column":8},"end":{"line":69,"column":null}},"18":{"start":{"line":69,"column":30},"end":{"line":69,"column":null}},"19":{"start":{"line":71,"column":8},"end":{"line":78,"column":null}},"20":{"start":{"line":73,"column":16},"end":{"line":73,"column":null}},"21":{"start":{"line":75,"column":16},"end":{"line":75,"column":null}},"22":{"start":{"line":77,"column":16},"end":{"line":77,"column":null}},"23":{"start":{"line":81,"column":20},"end":{"line":81,"column":null}},"24":{"start":{"line":106,"column":43},"end":{"line":106,"column":null}},"25":{"start":{"line":119,"column":40},"end":{"line":119,"column":null}},"26":{"start":{"line":120,"column":40},"end":{"line":120,"column":null}},"27":{"start":{"line":121,"column":40},"end":{"line":121,"column":null}},"28":{"start":{"line":134,"column":43},"end":{"line":134,"column":null}},"29":{"start":{"line":147,"column":43},"end":{"line":147,"column":null}},"30":{"start":{"line":11,"column":6},"end":{"line":11,"column":18}}},"fnMap":{"0":{"name":"(anonymous_0)","decl":{"start":{"line":11,"column":18},"end":{"line":11,"column":null}},"loc":{"start":{"line":11,"column":18},"end":{"line":205,"column":null}}},"1":{"name":"(anonymous_1)","decl":{"start":{"line":50,"column":31},"end":{"line":50,"column":32}},"loc":{"start":{"line":50,"column":32},"end":{"line":54,"column":null}}},"2":{"name":"(anonymous_2)","decl":{"start":{"line":56,"column":14},"end":{"line":56,"column":null}},"loc":{"start":{"line":56,"column":14},"end":{"line":59,"column":7}}},"3":{"name":"(anonymous_3)","decl":{"start":{"line":61,"column":39},"end":{"line":61,"column":null}},"loc":{"start":{"line":62,"column":8},"end":{"line":62,"column":null}}},"4":{"name":"(anonymous_4)","decl":{"start":{"line":66,"column":39},"end":{"line":66,"column":47}},"loc":{"start":{"line":66,"column":47},"end":{"line":66,"column":null}}},"5":{"name":"(anonymous_5)","decl":{"start":{"line":68,"column":23},"end":{"line":68,"column":null}},"loc":{"start":{"line":68,"column":23},"end":{"line":79,"column":null}}},"6":{"name":"(anonymous_6)","decl":{"start":{"line":106,"column":37},"end":{"line":106,"column":43}},"loc":{"start":{"line":106,"column":43},"end":{"line":106,"column":null}}},"7":{"name":"(anonymous_8)","decl":{"start":{"line":118,"column":45},"end":{"line":118,"column":null}},"loc":{"start":{"line":118,"column":45},"end":{"line":122,"column":null}}},"8":{"name":"(anonymous_9)","decl":{"start":{"line":134,"column":37},"end":{"line":134,"column":43}},"loc":{"start":{"line":134,"column":43},"end":{"line":134,"column":null}}},"9":{"name":"(anonymous_11)","decl":{"start":{"line":147,"column":37},"end":{"line":147,"column":43}},"loc":{"start":{"line":147,"column":43},"end":{"line":147,"column":null}}}},"branchMap":{"0":{"loc":{"start":{"line":57,"column":22},"end":{"line":57,"column":null}},"type":"binary-expr","locations":[{"start":{"line":57,"column":22},"end":{"line":57,"column":52}},{"start":{"line":57,"column":52},"end":{"line":57,"column":null}}]},"1":{"loc":{"start":{"line":69,"column":8},"end":{"line":69,"column":null}},"type":"if","locations":[{"start":{"line":69,"column":8},"end":{"line":69,"column":null}}]},"2":{"loc":{"start":{"line":71,"column":8},"end":{"line":78,"column":null}},"type":"switch","locations":[{"start":{"line":72,"column":12},"end":{"line":73,"column":null}},{"start":{"line":74,"column":12},"end":{"line":75,"column":null}},{"start":{"line":76,"column":12},"end":{"line":77,"column":null}}]},"3":{"loc":{"start":{"line":104,"column":21},"end":{"line":104,"column":null}},"type":"binary-expr","locations":[{"start":{"line":104,"column":21},"end":{"line":104,"column":null}}]},"4":{"loc":{"start":{"line":113,"column":21},"end":{"line":113,"column":36}},"type":"binary-expr","locations":[{"start":{"line":113,"column":21},"end":{"line":113,"column":36}},{"start":{"line":113,"column":36},"end":{"line":113,"column":null}}]},"5":{"loc":{"start":{"line":132,"column":21},"end":{"line":132,"column":null}},"type":"binary-expr","locations":[{"start":{"line":132,"column":21},"end":{"line":132,"column":null}}]},"6":{"loc":{"start":{"line":148,"column":103},"end":{"line":148,"column":null}},"type":"cond-expr","locations":[{"start":{"line":148,"column":135},"end":{"line":148,"column":179}},{"start":{"line":148,"column":179},"end":{"line":148,"column":null}}]},"7":{"loc":{"start":{"line":177,"column":21},"end":{"line":189,"column":null}},"type":"cond-expr","locations":[{"start":{"line":178,"column":24},"end":{"line":189,"column":null}},{"start":{"line":189,"column":24},"end":{"line":189,"column":null}}]},"8":{"loc":{"start":{"line":194,"column":24},"end":{"line":194,"column":47}},"type":"cond-expr","locations":[{"start":{"line":194,"column":24},"end":{"line":194,"column":47}}]}},"s":{"0":4,"1":76,"2":76,"3":76,"4":76,"5":76,"6":10,"7":10,"8":10,"9":76,"10":15,"11":15,"12":76,"13":152,"14":76,"15":142,"16":76,"17":76,"18":64,"19":12,"20":10,"21":2,"22":0,"23":76,"24":0,"25":1,"26":1,"27":1,"28":0,"29":2,"30":4},"f":{"0":76,"1":10,"2":15,"3":152,"4":142,"5":76,"6":0,"7":1,"8":0,"9":2},"b":{"0":[15,5],"1":[64],"2":[10,2,0],"3":[76],"4":[76,60],"5":[76],"6":[12,140],"7":[12,64],"8":[12]}}
,"C:/Users/R3/Desktop/Projects/Ryhma5/App/frontend/src/pages/registrationForm.jsx": {"path":"C:/Users/R3/Desktop/Projects/Ryhma5/App/frontend/src/pages/registrationForm.jsx","statementMap":{"0":{"start":{"line":10,"column":25},"end":{"line":52,"column":null}},"1":{"start":{"line":11,"column":23},"end":{"line":11,"column":null}},"2":{"start":{"line":12,"column":30},"end":{"line":12,"column":null}},"3":{"start":{"line":13,"column":36},"end":{"line":13,"column":null}},"4":{"start":{"line":14,"column":30},"end":{"line":14,"column":null}},"5":{"start":{"line":16,"column":25},"end":{"line":33,"column":null}},"6":{"start":{"line":17,"column":8},"end":{"line":17,"column":null}},"7":{"start":{"line":18,"column":8},"end":{"line":18,"column":null}},"8":{"start":{"line":19,"column":8},"end":{"line":22,"column":null}},"9":{"start":{"line":20,"column":12},"end":{"line":20,"column":null}},"10":{"start":{"line":21,"column":12},"end":{"line":21,"column":null}},"11":{"start":{"line":23,"column":8},"end":{"line":26,"column":null}},"12":{"start":{"line":24,"column":12},"end":{"line":24,"column":null}},"13":{"start":{"line":25,"column":12},"end":{"line":25,"column":null}},"14":{"start":{"line":27,"column":8},"end":{"line":32,"column":null}},"15":{"start":{"line":28,"column":12},"end":{"line":28,"column":null}},"16":{"start":{"line":29,"column":12},"end":{"line":29,"column":null}},"17":{"start":{"line":31,"column":12},"end":{"line":31,"column":null}},"18":{"start":{"line":43,"column":117},"end":{"line":43,"column":null}},"19":{"start":{"line":44,"column":126},"end":{"line":44,"column":null}},"20":{"start":{"line":10,"column":6},"end":{"line":10,"column":25}}},"fnMap":{"0":{"name":"(anonymous_0)","decl":{"start":{"line":10,"column":25},"end":{"line":10,"column":null}},"loc":{"start":{"line":10,"column":25},"end":{"line":52,"column":null}}},"1":{"name":"(anonymous_1)","decl":{"start":{"line":16,"column":25},"end":{"line":16,"column":32}},"loc":{"start":{"line":16,"column":32},"end":{"line":33,"column":null}}},"2":{"name":"(anonymous_2)","decl":{"start":{"line":43,"column":110},"end":{"line":43,"column":111}},"loc":{"start":{"line":43,"column":117},"end":{"line":43,"column":null}}},"3":{"name":"(anonymous_3)","decl":{"start":{"line":44,"column":119},"end":{"line":44,"column":120}},"loc":{"start":{"line":44,"column":126},"end":{"line":44,"column":null}}}},"branchMap":{"0":{"loc":{"start":{"line":19,"column":8},"end":{"line":22,"column":null}},"type":"if","locations":[{"start":{"line":19,"column":8},"end":{"line":22,"column":null}}]},"1":{"loc":{"start":{"line":23,"column":8},"end":{"line":26,"column":null}},"type":"if","locations":[{"start":{"line":23,"column":8},"end":{"line":26,"column":null}}]},"2":{"loc":{"start":{"line":31,"column":21},"end":{"line":31,"column":null}},"type":"binary-expr","locations":[{"start":{"line":31,"column":21},"end":{"line":31,"column":39}},{"start":{"line":31,"column":39},"end":{"line":31,"column":null}}]},"3":{"loc":{"start":{"line":41,"column":21},"end":{"line":41,"column":30}},"type":"binary-expr","locations":[{"start":{"line":41,"column":21},"end":{"line":41,"column":30}}]}},"s":{"0":4,"1":0,"2":0,"3":0,"4":0,"5":0,"6":0,"7":0,"8":0,"9":0,"10":0,"11":0,"12":0,"13":0,"14":0,"15":0,"16":0,"17":0,"18":0,"19":0,"20":4},"f":{"0":0,"1":0,"2":0,"3":0},"b":{"0":[0],"1":[0],"2":[0,0],"3":[0]}}
,"C:/Users/R3/Desktop/Projects/Ryhma5/App/frontend/src/utils/AuthContext.jsx": {"path":"C:/Users/R3/Desktop/Projects/Ryhma5/App/frontend/src/utils/AuthContext.jsx","statementMap":{"0":{"start":{"line":4,"column":27},"end":{"line":4,"column":43}},"1":{"start":{"line":6,"column":28},"end":{"line":51,"column":2}},"2":{"start":{"line":7,"column":26},"end":{"line":7,"column":null}},"3":{"start":{"line":8,"column":32},"end":{"line":8,"column":null}},"4":{"start":{"line":10,"column":2},"end":{"line":26,"column":null}},"5":{"start":{"line":11,"column":23},"end":{"line":15,"column":null}},"6":{"start":{"line":12,"column":23},"end":{"line":12,"column":null}},"7":{"start":{"line":13,"column":6},"end":{"line":13,"column":null}},"8":{"start":{"line":14,"column":6},"end":{"line":14,"column":null}},"9":{"start":{"line":17,"column":4},"end":{"line":17,"column":null}},"10":{"start":{"line":19,"column":31},"end":{"line":21,"column":null}},"11":{"start":{"line":20,"column":6},"end":{"line":20,"column":null}},"12":{"start":{"line":23,"column":4},"end":{"line":25,"column":null}},"13":{"start":{"line":24,"column":6},"end":{"line":24,"column":null}},"14":{"start":{"line":28,"column":17},"end":{"line":32,"column":null}},"15":{"start":{"line":29,"column":28},"end":{"line":29,"column":null}},"16":{"start":{"line":30,"column":4},"end":{"line":30,"column":null}},"17":{"start":{"line":30,"column":15},"end":{"line":30,"column":null}},"18":{"start":{"line":31,"column":4},"end":{"line":31,"column":null}},"19":{"start":{"line":34,"column":17},"end":{"line":38,"column":null}},"20":{"start":{"line":35,"column":28},"end":{"line":35,"column":null}},"21":{"start":{"line":36,"column":4},"end":{"line":36,"column":null}},"22":{"start":{"line":36,"column":15},"end":{"line":36,"column":null}},"23":{"start":{"line":37,"column":4},"end":{"line":37,"column":null}},"24":{"start":{"line":40,"column":18},"end":{"line":44,"column":null}},"25":{"start":{"line":41,"column":22},"end":{"line":41,"column":null}},"26":{"start":{"line":42,"column":4},"end":{"line":42,"column":null}},"27":{"start":{"line":42,"column":15},"end":{"line":42,"column":null}},"28":{"start":{"line":43,"column":4},"end":{"line":43,"column":null}},"29":{"start":{"line":6,"column":13},"end":{"line":6,"column":28}}},"fnMap":{"0":{"name":"(anonymous_0)","decl":{"start":{"line":6,"column":28},"end":{"line":6,"column":29}},"loc":{"start":{"line":6,"column":41},"end":{"line":51,"column":2}}},"1":{"name":"(anonymous_1)","decl":{"start":{"line":10,"column":12},"end":{"line":10,"column":null}},"loc":{"start":{"line":10,"column":12},"end":{"line":26,"column":5}}},"2":{"name":"(anonymous_2)","decl":{"start":{"line":11,"column":23},"end":{"line":11,"column":null}},"loc":{"start":{"line":11,"column":23},"end":{"line":15,"column":null}}},"3":{"name":"(anonymous_3)","decl":{"start":{"line":19,"column":63},"end":{"line":19,"column":64}},"loc":{"start":{"line":19,"column":72},"end":{"line":21,"column":null}}},"4":{"name":"(anonymous_4)","decl":{"start":{"line":23,"column":11},"end":{"line":23,"column":null}},"loc":{"start":{"line":23,"column":11},"end":{"line":25,"column":null}}},"5":{"name":"(anonymous_5)","decl":{"start":{"line":28,"column":17},"end":{"line":28,"column":24}},"loc":{"start":{"line":28,"column":31},"end":{"line":32,"column":null}}},"6":{"name":"(anonymous_6)","decl":{"start":{"line":34,"column":17},"end":{"line":34,"column":24}},"loc":{"start":{"line":34,"column":31},"end":{"line":38,"column":null}}},"7":{"name":"(anonymous_7)","decl":{"start":{"line":40,"column":18},"end":{"line":40,"column":null}},"loc":{"start":{"line":40,"column":18},"end":{"line":44,"column":null}}}},"branchMap":{"0":{"loc":{"start":{"line":13,"column":14},"end":{"line":13,"column":null}},"type":"binary-expr","locations":[{"start":{"line":13,"column":14},"end":{"line":13,"column":36}},{"start":{"line":13,"column":36},"end":{"line":13,"column":null}}]},"1":{"loc":{"start":{"line":20,"column":14},"end":{"line":20,"column":null}},"type":"binary-expr","locations":[{"start":{"line":20,"column":14},"end":{"line":20,"column":31}},{"start":{"line":20,"column":31},"end":{"line":20,"column":null}}]},"2":{"loc":{"start":{"line":30,"column":4},"end":{"line":30,"column":null}},"type":"if","locations":[{"start":{"line":30,"column":4},"end":{"line":30,"column":null}}]},"3":{"loc":{"start":{"line":36,"column":4},"end":{"line":36,"column":null}},"type":"if","locations":[{"start":{"line":36,"column":4},"end":{"line":36,"column":null}}]},"4":{"loc":{"start":{"line":42,"column":4},"end":{"line":42,"column":null}},"type":"if","locations":[{"start":{"line":42,"column":4},"end":{"line":42,"column":null}}]}},"s":{"0":4,"1":4,"2":28,"3":28,"4":28,"5":8,"6":8,"7":8,"8":8,"9":8,"10":8,"11":6,"12":8,"13":4,"14":28,"15":0,"16":0,"17":0,"18":0,"19":28,"20":2,"21":2,"22":0,"23":2,"24":28,"25":0,"26":0,"27":0,"28":0,"29":8},"f":{"0":28,"1":8,"2":8,"3":6,"4":4,"5":0,"6":2,"7":0},"b":{"0":[8,8],"1":[6,4],"2":[0],"3":[0],"4":[0]}}
,"C:/Users/R3/Desktop/Projects/Ryhma5/App/frontend/src/utils/utils.js": {"path":"C:/Users/R3/Desktop/Projects/Ryhma5/App/frontend/src/utils/utils.js","statementMap":{"0":{"start":{"line":5,"column":2},"end":{"line":5,"column":31}}},"fnMap":{"0":{"name":"cn","decl":{"start":{"line":4,"column":16},"end":{"line":4,"column":18}},"loc":{"start":{"line":4,"column":30},"end":{"line":6,"column":1}}}},"branchMap":{},"s":{"0":424},"f":{"0":424},"b":{}}
,"C:/Users/R3/Desktop/Projects/Ryhma5/App/frontend/src/utils/validation.js": {"path":"C:/Users/R3/Desktop/Projects/Ryhma5/App/frontend/src/utils/validation.js","statementMap":{"0":{"start":{"line":1,"column":29},"end":{"line":4,"column":1}},"1":{"start":{"line":2,"column":17},"end":{"line":2,"column":45}},"2":{"start":{"line":3,"column":4},"end":{"line":3,"column":31}},"3":{"start":{"line":6,"column":26},"end":{"line":9,"column":1}},"4":{"start":{"line":7,"column":17},"end":{"line":7,"column":45}},"5":{"start":{"line":8,"column":4},"end":{"line":8,"column":28}}},"fnMap":{"0":{"name":"(anonymous_0)","decl":{"start":{"line":1,"column":29},"end":{"line":1,"column":30}},"loc":{"start":{"line":1,"column":43},"end":{"line":4,"column":1}}},"1":{"name":"(anonymous_1)","decl":{"start":{"line":6,"column":26},"end":{"line":6,"column":27}},"loc":{"start":{"line":6,"column":37},"end":{"line":9,"column":1}}}},"branchMap":{},"s":{"0":4,"1":0,"2":0,"3":4,"4":0,"5":0},"f":{"0":0,"1":0},"b":{}}
}
