{"total": {"lines":{"total":122,"covered":85,"skipped":0,"pct":69.67},"statements":{"total":137,"covered":97,"skipped":0,"pct":70.8},"functions":{"total":40,"covered":29,"skipped":0,"pct":72.5},"branches":{"total":35,"covered":24,"skipped":0,"pct":68.57},"branchesTrue":{"total":0,"covered":0,"skipped":0,"pct":100}}
,"C:\\Users\\R3\\Desktop\\Projects\\Ryhma5\\App\\frontend\\cypress.config.js": {"lines":{"total":4,"covered":4,"skipped":0,"pct":100},"functions":{"total":1,"covered":1,"skipped":0,"pct":100},"statements":{"total":4,"covered":4,"skipped":0,"pct":100},"branches":{"total":0,"covered":0,"skipped":0,"pct":100}}
,"C:/Users/R3/Desktop/Projects/Ryhma5/App/frontend/src/App.jsx": {"lines":{"total":2,"covered":2,"skipped":0,"pct":100},"functions":{"total":1,"covered":1,"skipped":0,"pct":100},"statements":{"total":2,"covered":2,"skipped":0,"pct":100},"branches":{"total":1,"covered":1,"skipped":0,"pct":100}}
,"C:/Users/R3/Desktop/Projects/Ryhma5/App/frontend/src/components/ui/button.jsx": {"lines":{"total":3,"covered":3,"skipped":0,"pct":100},"functions":{"total":1,"covered":1,"skipped":0,"pct":100},"statements":{"total":3,"covered":3,"skipped":0,"pct":100},"branches":{"total":3,"covered":2,"skipped":0,"pct":66.66}}
,"C:/Users/R3/Desktop/Projects/Ryhma5/App/frontend/src/components/ui/footer.jsx": {"lines":{"total":1,"covered":1,"skipped":0,"pct":100},"functions":{"total":1,"covered":1,"skipped":0,"pct":100},"statements":{"total":2,"covered":2,"skipped":0,"pct":100},"branches":{"total":0,"covered":0,"skipped":0,"pct":100}}
,"C:/Users/R3/Desktop/Projects/Ryhma5/App/frontend/src/components/ui/header.jsx": {"lines":{"total":1,"covered":1,"skipped":0,"pct":100},"functions":{"total":1,"covered":1,"skipped":0,"pct":100},"statements":{"total":2,"covered":2,"skipped":0,"pct":100},"branches":{"total":0,"covered":0,"skipped":0,"pct":100}}
,"C:/Users/R3/Desktop/Projects/Ryhma5/App/frontend/src/components/ui/input.jsx": {"lines":{"total":2,"covered":2,"skipped":0,"pct":100},"functions":{"total":1,"covered":1,"skipped":0,"pct":100},"statements":{"total":2,"covered":2,"skipped":0,"pct":100},"branches":{"total":0,"covered":0,"skipped":0,"pct":100}}
,"C:/Users/R3/Desktop/Projects/Ryhma5/App/frontend/src/components/ui/navigation.jsx": {"lines":{"total":6,"covered":4,"skipped":0,"pct":66.66},"functions":{"total":2,"covered":1,"skipped":0,"pct":50},"statements":{"total":7,"covered":5,"skipped":0,"pct":71.42},"branches":{"total":0,"covered":0,"skipped":0,"pct":100}}
,"C:/Users/R3/Desktop/Projects/Ryhma5/App/frontend/src/components/ui/toolbar.jsx": {"lines":{"total":1,"covered":1,"skipped":0,"pct":100},"functions":{"total":1,"covered":1,"skipped":0,"pct":100},"statements":{"total":2,"covered":2,"skipped":0,"pct":100},"branches":{"total":0,"covered":0,"skipped":0,"pct":100}}
,"C:/Users/R3/Desktop/Projects/Ryhma5/App/frontend/src/hooks/useAuth.js": {"lines":{"total":1,"covered":1,"skipped":0,"pct":100},"functions":{"total":1,"covered":1,"skipped":0,"pct":100},"statements":{"total":2,"covered":2,"skipped":0,"pct":100},"branches":{"total":0,"covered":0,"skipped":0,"pct":100}}
,"C:/Users/R3/Desktop/Projects/Ryhma5/App/frontend/src/lib/supabaseClient.js": {"lines":{"total":5,"covered":4,"skipped":0,"pct":80},"functions":{"total":0,"covered":0,"skipped":0,"pct":100},"statements":{"total":5,"covered":4,"skipped":0,"pct":80},"branches":{"total":3,"covered":2,"skipped":0,"pct":66.66}}
,"C:/Users/R3/Desktop/Projects/Ryhma5/App/frontend/src/pages/landingPage.jsx": {"lines":{"total":1,"covered":1,"skipped":0,"pct":100},"functions":{"total":1,"covered":1,"skipped":0,"pct":100},"statements":{"total":2,"covered":2,"skipped":0,"pct":100},"branches":{"total":0,"covered":0,"skipped":0,"pct":100}}
,"C:/Users/R3/Desktop/Projects/Ryhma5/App/frontend/src/pages/loginForm.jsx": {"lines":{"total":14,"covered":12,"skipped":0,"pct":85.71},"functions":{"total":4,"covered":4,"skipped":0,"pct":100},"statements":{"total":15,"covered":13,"skipped":0,"pct":86.66},"branches":{"total":1,"covered":1,"skipped":0,"pct":100}}
,"C:/Users/R3/Desktop/Projects/Ryhma5/App/frontend/src/pages/notesPage.jsx": {"lines":{"total":28,"covered":25,"skipped":0,"pct":89.28},"functions":{"total":10,"covered":8,"skipped":0,"pct":80},"statements":{"total":31,"covered":28,"skipped":0,"pct":90.32},"branches":{"total":15,"covered":14,"skipped":0,"pct":93.33}}
,"C:/Users/R3/Desktop/Projects/Ryhma5/App/frontend/src/pages/registrationForm.jsx": {"lines":{"total":20,"covered":1,"skipped":0,"pct":5},"functions":{"total":4,"covered":0,"skipped":0,"pct":0},"statements":{"total":21,"covered":2,"skipped":0,"pct":9.52},"branches":{"total":5,"covered":0,"skipped":0,"pct":0}}
,"C:/Users/R3/Desktop/Projects/Ryhma5/App/frontend/src/utils/AuthContext.jsx": {"lines":{"total":26,"covered":20,"skipped":0,"pct":76.92},"functions":{"total":8,"covered":6,"skipped":0,"pct":75},"statements":{"total":30,"covered":21,"skipped":0,"pct":70},"branches":{"total":7,"covered":4,"skipped":0,"pct":57.14}}
,"C:/Users/R3/Desktop/Projects/Ryhma5/App/frontend/src/utils/utils.js": {"lines":{"total":1,"covered":1,"skipped":0,"pct":100},"functions":{"total":1,"covered":1,"skipped":0,"pct":100},"statements":{"total":1,"covered":1,"skipped":0,"pct":100},"branches":{"total":0,"covered":0,"skipped":0,"pct":100}}
,"C:/Users/R3/Desktop/Projects/Ryhma5/App/frontend/src/utils/validation.js": {"lines":{"total":6,"covered":2,"skipped":0,"pct":33.33},"functions":{"total":2,"covered":0,"skipped":0,"pct":0},"statements":{"total":6,"covered":2,"skipped":0,"pct":33.33},"branches":{"total":0,"covered":0,"skipped":0,"pct":100}}
}
