{"total": {"lines":{"total":219,"covered":177,"skipped":0,"pct":80.82},"statements":{"total":254,"covered":199,"skipped":0,"pct":78.34},"functions":{"total":78,"covered":65,"skipped":0,"pct":83.33},"branches":{"total":78,"covered":39,"skipped":0,"pct":50},"branchesTrue":{"total":0,"covered":0,"skipped":0,"pct":100}}
,"C:/Users/R3/Desktop/Projects/Ryhma5/App/frontend/src/App.jsx": {"lines":{"total":2,"covered":2,"skipped":0,"pct":100},"functions":{"total":1,"covered":1,"skipped":0,"pct":100},"statements":{"total":2,"covered":2,"skipped":0,"pct":100},"branches":{"total":1,"covered":1,"skipped":0,"pct":100}}
,"C:/Users/R3/Desktop/Projects/Ryhma5/App/frontend/src/components/notes/CollaborativeEditor.jsx": {"lines":{"total":33,"covered":28,"skipped":0,"pct":84.84},"functions":{"total":12,"covered":10,"skipped":0,"pct":83.33},"statements":{"total":39,"covered":32,"skipped":0,"pct":82.05},"branches":{"total":12,"covered":7,"skipped":0,"pct":58.33}}
,"C:/Users/R3/Desktop/Projects/Ryhma5/App/frontend/src/components/notes/MainContent.jsx": {"lines":{"total":11,"covered":9,"skipped":0,"pct":81.81},"functions":{"total":3,"covered":3,"skipped":0,"pct":100},"statements":{"total":14,"covered":12,"skipped":0,"pct":85.71},"branches":{"total":16,"covered":8,"skipped":0,"pct":50}}
,"C:/Users/R3/Desktop/Projects/Ryhma5/App/frontend/src/components/notes/Sidebar.jsx": {"lines":{"total":11,"covered":11,"skipped":0,"pct":100},"functions":{"total":6,"covered":6,"skipped":0,"pct":100},"statements":{"total":12,"covered":12,"skipped":0,"pct":100},"branches":{"total":4,"covered":4,"skipped":0,"pct":100}}
,"C:/Users/R3/Desktop/Projects/Ryhma5/App/frontend/src/components/ui/button.jsx": {"lines":{"total":3,"covered":3,"skipped":0,"pct":100},"functions":{"total":1,"covered":1,"skipped":0,"pct":100},"statements":{"total":3,"covered":3,"skipped":0,"pct":100},"branches":{"total":3,"covered":2,"skipped":0,"pct":66.66}}
,"C:/Users/R3/Desktop/Projects/Ryhma5/App/frontend/src/components/ui/footer.jsx": {"lines":{"total":1,"covered":1,"skipped":0,"pct":100},"functions":{"total":1,"covered":1,"skipped":0,"pct":100},"statements":{"total":2,"covered":2,"skipped":0,"pct":100},"branches":{"total":0,"covered":0,"skipped":0,"pct":100}}
,"C:/Users/R3/Desktop/Projects/Ryhma5/App/frontend/src/components/ui/header.jsx": {"lines":{"total":1,"covered":1,"skipped":0,"pct":100},"functions":{"total":1,"covered":1,"skipped":0,"pct":100},"statements":{"total":2,"covered":2,"skipped":0,"pct":100},"branches":{"total":0,"covered":0,"skipped":0,"pct":100}}
,"C:/Users/R3/Desktop/Projects/Ryhma5/App/frontend/src/components/ui/input.jsx": {"lines":{"total":2,"covered":2,"skipped":0,"pct":100},"functions":{"total":1,"covered":1,"skipped":0,"pct":100},"statements":{"total":2,"covered":2,"skipped":0,"pct":100},"branches":{"total":0,"covered":0,"skipped":0,"pct":100}}
,"C:/Users/R3/Desktop/Projects/Ryhma5/App/frontend/src/components/ui/navigation.jsx": {"lines":{"total":6,"covered":5,"skipped":0,"pct":83.33},"functions":{"total":2,"covered":2,"skipped":0,"pct":100},"statements":{"total":7,"covered":6,"skipped":0,"pct":85.71},"branches":{"total":0,"covered":0,"skipped":0,"pct":100}}
,"C:/Users/R3/Desktop/Projects/Ryhma5/App/frontend/src/components/ui/toolbar.jsx": {"lines":{"total":1,"covered":1,"skipped":0,"pct":100},"functions":{"total":1,"covered":1,"skipped":0,"pct":100},"statements":{"total":2,"covered":2,"skipped":0,"pct":100},"branches":{"total":0,"covered":0,"skipped":0,"pct":100}}
,"C:/Users/R3/Desktop/Projects/Ryhma5/App/frontend/src/hooks/useAuth.js": {"lines":{"total":1,"covered":1,"skipped":0,"pct":100},"functions":{"total":1,"covered":1,"skipped":0,"pct":100},"statements":{"total":2,"covered":2,"skipped":0,"pct":100},"branches":{"total":0,"covered":0,"skipped":0,"pct":100}}
,"C:/Users/R3/Desktop/Projects/Ryhma5/App/frontend/src/hooks/useNotesStore.js": {"lines":{"total":73,"covered":44,"skipped":0,"pct":60.27},"functions":{"total":27,"covered":16,"skipped":0,"pct":59.25},"statements":{"total":85,"covered":46,"skipped":0,"pct":54.11},"branches":{"total":26,"covered":4,"skipped":0,"pct":15.38}}
,"C:/Users/R3/Desktop/Projects/Ryhma5/App/frontend/src/lib/supabaseClient.js": {"lines":{"total":5,"covered":4,"skipped":0,"pct":80},"functions":{"total":0,"covered":0,"skipped":0,"pct":100},"statements":{"total":5,"covered":4,"skipped":0,"pct":80},"branches":{"total":3,"covered":2,"skipped":0,"pct":66.66}}
,"C:/Users/R3/Desktop/Projects/Ryhma5/App/frontend/src/pages/landingPage.jsx": {"lines":{"total":1,"covered":1,"skipped":0,"pct":100},"functions":{"total":1,"covered":1,"skipped":0,"pct":100},"statements":{"total":2,"covered":2,"skipped":0,"pct":100},"branches":{"total":0,"covered":0,"skipped":0,"pct":100}}
,"C:/Users/R3/Desktop/Projects/Ryhma5/App/frontend/src/pages/loginForm.jsx": {"lines":{"total":14,"covered":14,"skipped":0,"pct":100},"functions":{"total":4,"covered":4,"skipped":0,"pct":100},"statements":{"total":15,"covered":15,"skipped":0,"pct":100},"branches":{"total":1,"covered":1,"skipped":0,"pct":100}}
,"C:/Users/R3/Desktop/Projects/Ryhma5/App/frontend/src/pages/notesPage.jsx": {"lines":{"total":1,"covered":1,"skipped":0,"pct":100},"functions":{"total":1,"covered":1,"skipped":0,"pct":100},"statements":{"total":2,"covered":2,"skipped":0,"pct":100},"branches":{"total":0,"covered":0,"skipped":0,"pct":100}}
,"C:/Users/R3/Desktop/Projects/Ryhma5/App/frontend/src/pages/registrationForm.jsx": {"lines":{"total":20,"covered":19,"skipped":0,"pct":95},"functions":{"total":4,"covered":4,"skipped":0,"pct":100},"statements":{"total":21,"covered":20,"skipped":0,"pct":95.23},"branches":{"total":5,"covered":4,"skipped":0,"pct":80}}
,"C:/Users/R3/Desktop/Projects/Ryhma5/App/frontend/src/utils/AuthContext.jsx": {"lines":{"total":26,"covered":23,"skipped":0,"pct":88.46},"functions":{"total":8,"covered":8,"skipped":0,"pct":100},"statements":{"total":30,"covered":26,"skipped":0,"pct":86.66},"branches":{"total":7,"covered":6,"skipped":0,"pct":85.71}}
,"C:/Users/R3/Desktop/Projects/Ryhma5/App/frontend/src/utils/utils.js": {"lines":{"total":1,"covered":1,"skipped":0,"pct":100},"functions":{"total":1,"covered":1,"skipped":0,"pct":100},"statements":{"total":1,"covered":1,"skipped":0,"pct":100},"branches":{"total":0,"covered":0,"skipped":0,"pct":100}}
,"C:/Users/R3/Desktop/Projects/Ryhma5/App/frontend/src/utils/validation.js": {"lines":{"total":6,"covered":6,"skipped":0,"pct":100},"functions":{"total":2,"covered":2,"skipped":0,"pct":100},"statements":{"total":6,"covered":6,"skipped":0,"pct":100},"branches":{"total":0,"covered":0,"skipped":0,"pct":100}}
}
