TN:
SF:src\App.jsx
FN:9,App
FNF:1
FNH:1
FNDA:72,App
DA:9,16
DA:10,72
LF:2
LH:2
BRDA:17,0,0,8
BRF:1
BRH:1
end_of_record
TN:
SF:src\components\notes\CollaborativeEditor.jsx
FN:7,CollaborativeEditor
FN:38,(anonymous_1)
FN:40,(anonymous_2)
FN:43,(anonymous_3)
FN:49,(anonymous_4)
FN:53,(anonymous_5)
FN:55,(anonymous_6)
FN:62,(anonymous_7)
FN:65,(anonymous_8)
FN:68,(anonymous_9)
FN:76,(anonymous_10)
FN:80,(anonymous_11)
FNF:12
FNH:10
FNDA:18,CollaborativeEditor
FNDA:2,(anonymous_1)
FNDA:1,(anonymous_2)
FNDA:2,(anonymous_3)
FNDA:2,(anonymous_4)
FNDA:2,(anonymous_5)
FNDA:0,(anonymous_6)
FNDA:1,(anonymous_7)
FNDA:2,(anonymous_8)
FNDA:24,(anonymous_9)
FNDA:0,(anonymous_10)
FNDA:1,(anonymous_11)
DA:7,16
DA:19,18
DA:21,18
DA:22,18
DA:24,18
DA:38,18
DA:39,2
DA:40,2
DA:43,18
DA:44,2
DA:45,2
DA:49,18
DA:50,2
DA:53,18
DA:54,2
DA:55,2
DA:56,0
DA:57,0
DA:58,0
DA:62,2
DA:65,18
DA:66,2
DA:68,2
DA:69,24
DA:70,0
DA:71,0
DA:74,24
DA:75,24
DA:76,24
DA:79,2
DA:80,2
DA:83,18
DA:91,18
LF:33
LH:28
BRDA:44,0,0,2
BRDA:44,1,0,2
BRDA:44,1,1,2
BRDA:50,2,0,2
BRDA:54,3,0,2
BRDA:54,4,0,2
BRDA:54,4,1,2
BRDA:56,5,0,0
BRDA:66,6,0,0
BRDA:69,7,0,0
BRDA:83,8,0,0
BRDA:91,9,0,0
BRF:12
BRH:7
end_of_record
TN:
SF:src\components\notes\MainContent.jsx
FN:7,(anonymous_0)
FN:10,(anonymous_1)
FN:14,(anonymous_2)
FNF:3
FNH:3
FNDA:70,(anonymous_0)
FNDA:8,(anonymous_1)
FNDA:70,(anonymous_2)
DA:7,16
DA:8,70
DA:10,70
DA:11,8
DA:14,70
DA:15,70
DA:17,14
DA:21,14
DA:24,0
DA:28,0
DA:31,70
LF:11
LH:9
BRDA:15,0,0,56
BRDA:15,1,0,70
BRDA:15,1,1,14
BRDA:17,2,0,14
BRDA:17,2,1,0
BRDA:21,3,0,14
BRDA:24,4,0,0
BRDA:24,4,1,0
BRDA:24,4,2,0
BRDA:24,4,3,0
BRDA:28,5,0,0
BRDA:28,5,1,0
BRDA:37,6,0,14
BRDA:58,7,0,14
BRDA:58,7,1,0
BRDA:86,8,0,14
BRF:16
BRH:8
end_of_record
TN:
SF:src\components\notes\Sidebar.jsx
FN:7,(anonymous_0)
FN:19,(anonymous_1)
FN:23,(anonymous_2)
FN:41,(anonymous_3)
FN:48,(anonymous_4)
FN:54,(anonymous_5)
FNF:6
FNH:6
FNDA:70,(anonymous_0)
FNDA:8,(anonymous_1)
FNDA:52,(anonymous_2)
FNDA:13,(anonymous_3)
FNDA:44,(anonymous_4)
FNDA:1,(anonymous_5)
DA:7,16
DA:15,70
DA:17,70
DA:19,70
DA:20,8
DA:23,70
DA:24,52
DA:41,13
DA:49,44
DA:55,1
DA:56,1
LF:11
LH:11
BRDA:59,0,0,18
BRDA:59,0,1,26
BRDA:63,1,0,18
BRDA:63,1,1,26
BRF:4
BRH:4
end_of_record
TN:
SF:src\components\ui\button.jsx
FN:38,Button
FNF:1
FNH:1
FNDA:754,Button
DA:7,16
DA:38,16
DA:45,754
LF:3
LH:3
BRDA:42,0,0,754
BRDA:45,1,0,0
BRDA:45,1,1,754
BRF:3
BRH:2
end_of_record
TN:
SF:src\components\ui\footer.jsx
FN:1,(anonymous_0)
FNF:1
FNH:1
FNDA:700,(anonymous_0)
DA:1,16
LF:1
LH:1
BRF:0
BRH:0
end_of_record
TN:
SF:src\components\ui\header.jsx
FN:4,(anonymous_0)
FNF:1
FNH:1
FNDA:700,(anonymous_0)
DA:4,16
LF:1
LH:1
BRF:0
BRH:0
end_of_record
TN:
SF:src\components\ui\input.jsx
FN:5,(anonymous_0)
FNF:1
FNH:1
FNDA:1368,(anonymous_0)
DA:5,16
DA:17,16
LF:2
LH:2
BRF:0
BRH:0
end_of_record
TN:
SF:src\components\ui\navigation.jsx
FN:6,(anonymous_0)
FN:10,(anonymous_1)
FNF:2
FNH:2
FNDA:70,(anonymous_0)
FNDA:1,(anonymous_1)
DA:6,16
DA:7,70
DA:8,70
DA:10,70
DA:11,1
DA:12,0
LF:6
LH:5
BRF:0
BRH:0
end_of_record
TN:
SF:src\components\ui\toolbar.jsx
FN:4,(anonymous_0)
FNF:1
FNH:1
FNDA:70,(anonymous_0)
DA:4,16
LF:1
LH:1
BRF:0
BRH:0
end_of_record
TN:
SF:src\hooks\useAuth.js
FN:4,(anonymous_0)
FNF:1
FNH:1
FNDA:934,(anonymous_0)
DA:4,934
LF:1
LH:1
BRF:0
BRH:0
end_of_record
TN:
SF:src\hooks\useNotesStore.js
FN:4,(anonymous_0)
FN:6,(anonymous_1)
FN:8,(anonymous_2)
FN:12,(anonymous_3)
FN:24,(anonymous_4)
FN:28,(anonymous_5)
FN:29,(anonymous_6)
FN:30,(anonymous_7)
FN:31,(anonymous_8)
FN:33,(anonymous_9)
FN:49,(anonymous_10)
FN:66,(anonymous_11)
FN:76,(anonymous_12)
FN:78,(anonymous_13)
FN:82,(anonymous_14)
FN:89,(anonymous_15)
FN:101,(anonymous_16)
FN:109,(anonymous_17)
FN:128,(anonymous_18)
FN:138,(anonymous_19)
FN:142,(anonymous_20)
FN:143,(anonymous_21)
FN:162,(anonymous_22)
FN:170,(anonymous_23)
FN:182,(anonymous_24)
FN:183,(anonymous_25)
FN:199,(anonymous_26)
FNF:27
FNH:16
FNDA:32,(anonymous_0)
FNDA:48,(anonymous_1)
FNDA:0,(anonymous_2)
FNDA:16,(anonymous_3)
FNDA:1,(anonymous_4)
FNDA:0,(anonymous_5)
FNDA:14,(anonymous_6)
FNDA:0,(anonymous_7)
FNDA:2,(anonymous_8)
FNDA:16,(anonymous_9)
FNDA:1,(anonymous_10)
FNDA:2,(anonymous_11)
FNDA:4,(anonymous_12)
FNDA:2,(anonymous_13)
FNDA:0,(anonymous_14)
FNDA:1,(anonymous_15)
FNDA:1,(anonymous_16)
FNDA:0,(anonymous_17)
FNDA:2,(anonymous_18)
FNDA:0,(anonymous_19)
FNDA:0,(anonymous_20)
FNDA:0,(anonymous_21)
FNDA:1,(anonymous_22)
FNDA:0,(anonymous_23)
FNDA:0,(anonymous_24)
FNDA:0,(anonymous_25)
FNDA:24,(anonymous_26)
DA:4,16
DA:6,32
DA:7,48
DA:8,48
DA:12,16
DA:25,1
DA:26,1
DA:28,0
DA:29,14
DA:30,0
DA:31,2
DA:34,16
DA:35,16
DA:36,16
DA:41,8
DA:43,8
DA:45,0
DA:50,1
DA:51,1
DA:52,1
DA:58,1
DA:60,1
DA:62,0
DA:67,2
DA:69,2
DA:70,2
DA:72,2
DA:76,2
DA:77,4
DA:78,4
DA:79,4
DA:82,2
DA:83,0
DA:84,0
DA:85,0
DA:89,2
DA:90,1
DA:91,1
DA:98,2
DA:102,1
DA:103,1
DA:104,0
DA:105,0
DA:110,0
DA:111,0
DA:113,0
DA:114,0
DA:115,0
DA:118,0
DA:129,2
DA:139,0
DA:140,0
DA:142,0
DA:144,0
DA:148,0
DA:151,0
DA:153,0
DA:159,2
DA:163,1
DA:164,1
DA:165,1
DA:166,1
DA:171,0
DA:172,0
DA:180,0
DA:182,0
DA:184,0
DA:194,0
DA:195,0
DA:200,24
DA:202,24
DA:204,24
DA:206,24
LF:73
LH:44
BRDA:41,0,0,0
BRDA:58,1,0,0
BRDA:67,2,0,0
BRDA:67,3,0,2
BRDA:67,3,1,2
BRDA:70,4,0,0
BRDA:83,5,0,0
BRDA:85,6,0,0
BRDA:90,7,0,1
BRDA:103,8,0,0
BRDA:113,9,0,0
BRDA:113,10,0,0
BRDA:113,10,1,0
BRDA:113,10,2,0
BRDA:144,11,0,0
BRDA:144,11,1,0
BRDA:148,12,0,0
BRDA:148,13,0,0
BRDA:148,13,1,0
BRDA:164,14,0,1
BRDA:180,15,0,0
BRDA:184,16,0,0
BRDA:184,16,1,0
BRDA:188,17,0,0
BRDA:188,17,1,0
BRDA:202,18,0,0
BRF:26
BRH:4
end_of_record
TN:
SF:src\lib\supabaseClient.js
FNF:0
FNH:0
DA:3,16
DA:4,16
DA:6,16
DA:7,0
DA:10,16
LF:5
LH:4
BRDA:6,0,0,0
BRDA:6,1,0,16
BRDA:6,1,1,16
BRF:3
BRH:2
end_of_record
TN:
SF:src\pages\landingPage.jsx
FN:4,(anonymous_0)
FNF:1
FNH:1
FNDA:16,(anonymous_0)
DA:4,16
LF:1
LH:1
BRF:0
BRH:0
end_of_record
TN:
SF:src\pages\loginForm.jsx
FN:8,(anonymous_0)
FN:14,(anonymous_1)
FN:33,(anonymous_2)
FN:34,(anonymous_3)
FNF:4
FNH:4
FNDA:432,(anonymous_0)
FNDA:9,(anonymous_1)
FNDA:138,(anonymous_2)
FNDA:58,(anonymous_3)
DA:8,16
DA:9,432
DA:10,432
DA:11,432
DA:12,432
DA:14,432
DA:15,9
DA:16,9
DA:17,9
DA:18,9
DA:20,5
DA:21,5
DA:33,138
DA:34,58
LF:14
LH:14
BRDA:31,0,0,432
BRF:1
BRH:1
end_of_record
TN:
SF:src\pages\notesPage.jsx
FN:4,(anonymous_0)
FNF:1
FNH:1
FNDA:8,(anonymous_0)
DA:4,16
LF:1
LH:1
BRF:0
BRH:0
end_of_record
TN:
SF:src\pages\registrationForm.jsx
FN:10,(anonymous_0)
FN:16,(anonymous_1)
FN:43,(anonymous_2)
FN:44,(anonymous_3)
FNF:4
FNH:4
FNDA:272,(anonymous_0)
FNDA:8,(anonymous_1)
FNDA:81,(anonymous_2)
FNDA:44,(anonymous_3)
DA:10,16
DA:11,272
DA:12,272
DA:13,272
DA:14,272
DA:16,272
DA:17,8
DA:18,8
DA:19,8
DA:20,3
DA:21,3
DA:23,5
DA:24,4
DA:25,4
DA:27,1
DA:28,1
DA:29,0
DA:31,1
DA:43,81
DA:44,44
LF:20
LH:19
BRDA:19,0,0,3
BRDA:23,1,0,4
BRDA:31,2,0,1
BRDA:31,2,1,0
BRDA:41,3,0,272
BRF:5
BRH:4
end_of_record
TN:
SF:src\utils\AuthContext.jsx
FN:6,(anonymous_0)
FN:10,(anonymous_1)
FN:11,(anonymous_2)
FN:19,(anonymous_3)
FN:23,(anonymous_4)
FN:28,(anonymous_5)
FN:34,(anonymous_6)
FN:40,(anonymous_7)
FNF:8
FNH:8
FNDA:104,(anonymous_0)
FNDA:32,(anonymous_1)
FNDA:32,(anonymous_2)
FNDA:20,(anonymous_3)
FNDA:16,(anonymous_4)
FNDA:1,(anonymous_5)
FNDA:9,(anonymous_6)
FNDA:1,(anonymous_7)
DA:4,16
DA:6,32
DA:7,104
DA:8,104
DA:10,104
DA:11,32
DA:12,32
DA:13,32
DA:14,32
DA:17,32
DA:19,32
DA:20,20
DA:23,32
DA:24,16
DA:28,104
DA:29,1
DA:30,1
DA:31,0
DA:34,104
DA:35,9
DA:36,9
DA:37,4
DA:40,104
DA:41,1
DA:42,0
DA:43,0
LF:26
LH:23
BRDA:13,0,0,32
BRDA:13,0,1,32
BRDA:20,1,0,20
BRDA:20,1,1,16
BRDA:30,2,0,1
BRDA:36,3,0,5
BRDA:42,4,0,0
BRF:7
BRH:6
end_of_record
TN:
SF:src\utils\utils.js
FN:4,cn
FNF:1
FNH:1
FNDA:2122,cn
DA:5,2122
LF:1
LH:1
BRF:0
BRH:0
end_of_record
TN:
SF:src\utils\validation.js
FN:1,(anonymous_0)
FN:6,(anonymous_1)
FNF:2
FNH:2
FNDA:5,(anonymous_0)
FNDA:8,(anonymous_1)
DA:1,16
DA:2,5
DA:3,5
DA:6,16
DA:7,8
DA:8,8
LF:6
LH:6
BRF:0
BRH:0
end_of_record
