TN:
SF:cypress.config.js
FN:6,(anonymous_0)
FNF:1
FNH:1
FNDA:1,(anonymous_0)
DA:1,1
DA:3,1
DA:7,1
DA:9,1
LF:4
LH:4
BRF:0
BRH:0
end_of_record
TN:
SF:src\App.jsx
FN:9,App
FNF:1
FNH:1
FNDA:20,App
DA:9,4
DA:10,20
LF:2
LH:2
BRDA:17,0,0,4
BRF:1
BRH:1
end_of_record
TN:
SF:src\components\ui\button.jsx
FN:38,Button
FNF:1
FNH:1
FNDA:176,Button
DA:7,4
DA:38,4
DA:45,176
LF:3
LH:3
BRDA:42,0,0,176
BRDA:45,1,0,0
BRDA:45,1,1,176
BRF:3
BRH:2
end_of_record
TN:
SF:src\components\ui\footer.jsx
FN:1,(anonymous_0)
FNF:1
FNH:1
FNDA:128,(anonymous_0)
DA:1,4
LF:1
LH:1
BRF:0
BRH:0
end_of_record
TN:
SF:src\components\ui\header.jsx
FN:4,(anonymous_0)
FNF:1
FNH:1
FNDA:128,(anonymous_0)
DA:4,4
LF:1
LH:1
BRF:0
BRH:0
end_of_record
TN:
SF:src\components\ui\input.jsx
FN:5,(anonymous_0)
FNF:1
FNH:1
FNDA:248,(anonymous_0)
DA:5,4
DA:17,4
LF:2
LH:2
BRF:0
BRH:0
end_of_record
TN:
SF:src\components\ui\navigation.jsx
FN:7,(anonymous_0)
FN:12,(anonymous_1)
FNF:2
FNH:1
FNDA:52,(anonymous_0)
FNDA:0,(anonymous_1)
DA:7,4
DA:9,52
DA:10,52
DA:12,52
DA:13,0
DA:14,0
LF:6
LH:4
BRF:0
BRH:0
end_of_record
TN:
SF:src\components\ui\toolbar.jsx
FN:4,(anonymous_0)
FNF:1
FNH:1
FNDA:8,(anonymous_0)
DA:4,4
LF:1
LH:1
BRF:0
BRH:0
end_of_record
TN:
SF:src\hooks\useAuth.js
FN:4,(anonymous_0)
FNF:1
FNH:1
FNDA:200,(anonymous_0)
DA:4,200
LF:1
LH:1
BRF:0
BRH:0
end_of_record
TN:
SF:src\lib\supabaseClient.js
FNF:0
FNH:0
DA:3,4
DA:4,4
DA:6,4
DA:7,0
DA:10,4
LF:5
LH:4
BRDA:6,0,0,0
BRDA:6,1,0,4
BRDA:6,1,1,4
BRF:3
BRH:2
end_of_record
TN:
SF:src\pages\landingPage.jsx
FN:4,(anonymous_0)
FNF:1
FNH:1
FNDA:4,(anonymous_0)
DA:4,4
LF:1
LH:1
BRF:0
BRH:0
end_of_record
TN:
SF:src\pages\loginForm.jsx
FN:8,(anonymous_0)
FN:14,(anonymous_1)
FN:33,(anonymous_2)
FN:34,(anonymous_3)
FNF:4
FNH:4
FNDA:128,(anonymous_0)
FNDA:2,(anonymous_1)
FNDA:44,(anonymous_2)
FNDA:16,(anonymous_3)
DA:8,4
DA:9,128
DA:10,128
DA:11,128
DA:12,128
DA:14,128
DA:15,2
DA:16,2
DA:17,2
DA:18,2
DA:20,0
DA:21,0
DA:33,44
DA:34,16
LF:14
LH:12
BRDA:31,0,0,128
BRF:1
BRH:1
end_of_record
TN:
SF:src\pages\notesPage.jsx
FN:11,(anonymous_0)
FN:50,(anonymous_1)
FN:56,(anonymous_2)
FN:61,(anonymous_3)
FN:66,(anonymous_4)
FN:68,(anonymous_5)
FN:106,(anonymous_6)
FN:118,(anonymous_8)
FN:134,(anonymous_9)
FN:147,(anonymous_11)
FNF:10
FNH:8
FNDA:76,(anonymous_0)
FNDA:10,(anonymous_1)
FNDA:15,(anonymous_2)
FNDA:152,(anonymous_3)
FNDA:142,(anonymous_4)
FNDA:76,(anonymous_5)
FNDA:0,(anonymous_6)
FNDA:1,(anonymous_8)
FNDA:0,(anonymous_9)
FNDA:2,(anonymous_11)
DA:11,4
DA:17,76
DA:18,76
DA:19,76
DA:21,76
DA:50,76
DA:51,10
DA:52,10
DA:53,10
DA:56,76
DA:57,15
DA:58,15
DA:61,76
DA:62,152
DA:66,142
DA:68,76
DA:69,76
DA:71,12
DA:73,10
DA:75,2
DA:77,0
DA:81,76
DA:106,0
DA:119,1
DA:120,1
DA:121,1
DA:134,0
DA:147,2
LF:28
LH:25
BRDA:57,0,0,15
BRDA:57,0,1,5
BRDA:69,1,0,64
BRDA:71,2,0,10
BRDA:71,2,1,2
BRDA:71,2,2,0
BRDA:104,3,0,76
BRDA:113,4,0,76
BRDA:113,4,1,60
BRDA:132,5,0,76
BRDA:148,6,0,12
BRDA:148,6,1,140
BRDA:177,7,0,12
BRDA:177,7,1,64
BRDA:194,8,0,12
BRF:15
BRH:14
end_of_record
TN:
SF:src\pages\registrationForm.jsx
FN:10,(anonymous_0)
FN:16,(anonymous_1)
FN:43,(anonymous_2)
FN:44,(anonymous_3)
FNF:4
FNH:0
FNDA:0,(anonymous_0)
FNDA:0,(anonymous_1)
FNDA:0,(anonymous_2)
FNDA:0,(anonymous_3)
DA:10,4
DA:11,0
DA:12,0
DA:13,0
DA:14,0
DA:16,0
DA:17,0
DA:18,0
DA:19,0
DA:20,0
DA:21,0
DA:23,0
DA:24,0
DA:25,0
DA:27,0
DA:28,0
DA:29,0
DA:31,0
DA:43,0
DA:44,0
LF:20
LH:1
BRDA:19,0,0,0
BRDA:23,1,0,0
BRDA:31,2,0,0
BRDA:31,2,1,0
BRDA:41,3,0,0
BRF:5
BRH:0
end_of_record
TN:
SF:src\utils\AuthContext.jsx
FN:6,(anonymous_0)
FN:10,(anonymous_1)
FN:11,(anonymous_2)
FN:19,(anonymous_3)
FN:23,(anonymous_4)
FN:28,(anonymous_5)
FN:34,(anonymous_6)
FN:40,(anonymous_7)
FNF:8
FNH:6
FNDA:28,(anonymous_0)
FNDA:8,(anonymous_1)
FNDA:8,(anonymous_2)
FNDA:6,(anonymous_3)
FNDA:4,(anonymous_4)
FNDA:0,(anonymous_5)
FNDA:2,(anonymous_6)
FNDA:0,(anonymous_7)
DA:4,4
DA:6,8
DA:7,28
DA:8,28
DA:10,28
DA:11,8
DA:12,8
DA:13,8
DA:14,8
DA:17,8
DA:19,8
DA:20,6
DA:23,8
DA:24,4
DA:28,28
DA:29,0
DA:30,0
DA:31,0
DA:34,28
DA:35,2
DA:36,2
DA:37,2
DA:40,28
DA:41,0
DA:42,0
DA:43,0
LF:26
LH:20
BRDA:13,0,0,8
BRDA:13,0,1,8
BRDA:20,1,0,6
BRDA:20,1,1,4
BRDA:30,2,0,0
BRDA:36,3,0,0
BRDA:42,4,0,0
BRF:7
BRH:4
end_of_record
TN:
SF:src\utils\utils.js
FN:4,cn
FNF:1
FNH:1
FNDA:424,cn
DA:5,424
LF:1
LH:1
BRF:0
BRH:0
end_of_record
TN:
SF:src\utils\validation.js
FN:1,(anonymous_0)
FN:6,(anonymous_1)
FNF:2
FNH:0
FNDA:0,(anonymous_0)
FNDA:0,(anonymous_1)
DA:1,4
DA:2,0
DA:3,0
DA:6,4
DA:7,0
DA:8,0
LF:6
LH:2
BRF:0
BRH:0
end_of_record
