{
  "C:/Users/R3/Desktop/Projects/Ryhma5/App/frontend/src/utils/utils.js": {
    "path": "C:/Users/R3/Desktop/Projects/Ryhma5/App/frontend/src/utils/utils.js",
    "statementMap": {
      "0": {
        "start": {
          "line": 5,
          "column": 2
        },
        "end": {
          "line": 5,
          "column": 31
        }
      }
    },
    "fnMap": {
      "0": {
        "name": "cn",
        "decl": {
          "start": {
            "line": 4,
            "column": 16
          },
          "end": {
            "line": 4,
            "column": 18
          }
        },
        "loc": {
          "start": {
            "line": 4,
            "column": 30
          },
          "end": {
            "line": 6,
            "column": 1
          }
        },
        "line": 4
      }
    },
    "branchMap": {},
    "s": {
      "0": 2122
    },
    "f": {
      "0": 2122
    },
    "b": {},
    "inputSourceMap": {
      "version": 3,
      "sources": [
        "C:/Users/R3/Desktop/Projects/Ryhma5/App/frontend/src/utils/utils.js"
      ],
      "names": [],
      "mappings": "AAAA,MAAM,CAAC,CAAC,CAAC,IAAI,CAAC,CAAC,CAAC,IAAI,CAAC,CAAC,IAAI,CAAC,CAAC;AAC5B,MAAM,CAAC,CAAC,CAAC,OAAO,CAAC,CAAC,CAAC,IAAI,CAAC,CAAC,QAAQ,CAAC,KAAK,CAAC;AACxC;AACA,MAAM,CAAC,QAAQ,CAAC,EAAE,CAAC,CAAC,CAAC,CAAC,MAAM,CAAC,CAAC,CAAC;AAC/B,CAAC,CAAC,MAAM,CAAC,OAAO,CAAC,IAAI,CAAC,MAAM,CAAC,CAAC,CAAC;AAC/B,CAAC;"
    },
    "_coverageSchema": "1a1c01bbd47fc00a2c39e90264f33305004495a9",
    "hash": "8696f81bc032655d3f5dee8bada2a93deab6ff20"
  },
  "C:/Users/R3/Desktop/Projects/Ryhma5/App/frontend/src/components/ui/button.jsx": {
    "path": "C:/Users/R3/Desktop/Projects/Ryhma5/App/frontend/src/components/ui/button.jsx",
    "statementMap": {
      "0": {
        "start": {
          "line": 2,
          "column": 20
        },
        "end": {
          "line": 2,
          "column": 97
        }
      },
      "1": {
        "start": {
          "line": 7,
          "column": 0
        },
        "end": {
          "line": 18,
          "column": 1
        }
      },
      "2": {
        "start": {
          "line": 8,
          "column": 2
        },
        "end": {
          "line": 12,
          "column": 3
        }
      },
      "3": {
        "start": {
          "line": 9,
          "column": 4
        },
        "end": {
          "line": 11,
          "column": 6
        }
      },
      "4": {
        "start": {
          "line": 14,
          "column": 2
        },
        "end": {
          "line": 14,
          "column": 39
        }
      },
      "5": {
        "start": {
          "line": 15,
          "column": 2
        },
        "end": {
          "line": 15,
          "column": 39
        }
      },
      "6": {
        "start": {
          "line": 16,
          "column": 2
        },
        "end": {
          "line": 16,
          "column": 134
        }
      },
      "7": {
        "start": {
          "line": 17,
          "column": 2
        },
        "end": {
          "line": 17,
          "column": 75
        }
      },
      "8": {
        "start": {
          "line": 25,
          "column": 23
        },
        "end": {
          "line": 46,
          "column": 2
        }
      },
      "9": {
        "start": {
          "line": 48,
          "column": 17
        },
        "end": {
          "line": 48,
          "column": 42
        }
      },
      "10": {
        "start": {
          "line": 49,
          "column": 4
        },
        "end": {
          "line": 61,
          "column": 13
        }
      },
      "11": {
        "start": {
          "line": 63,
          "column": 0
        },
        "end": {
          "line": 63,
          "column": 12
        }
      },
      "12": {
        "start": {
          "line": 66,
          "column": 0
        },
        "end": {
          "line": 66,
          "column": 27
        }
      },
      "13": {
        "start": {
          "line": 69,
          "column": 0
        },
        "end": {
          "line": 72,
          "column": 1
        }
      },
      "14": {
        "start": {
          "line": 70,
          "column": 2
        },
        "end": {
          "line": 70,
          "column": 39
        }
      },
      "15": {
        "start": {
          "line": 71,
          "column": 2
        },
        "end": {
          "line": 71,
          "column": 39
        }
      },
      "16": {
        "start": {
          "line": 75,
          "column": 0
        },
        "end": {
          "line": 84,
          "column": 1
        }
      },
      "17": {
        "start": {
          "line": 76,
          "column": 2
        },
        "end": {
          "line": 83,
          "column": 5
        }
      },
      "18": {
        "start": {
          "line": 77,
          "column": 4
        },
        "end": {
          "line": 77,
          "column": 147
        }
      },
      "19": {
        "start": {
          "line": 78,
          "column": 4
        },
        "end": {
          "line": 82,
          "column": 7
        }
      },
      "20": {
        "start": {
          "line": 79,
          "column": 6
        },
        "end": {
          "line": 79,
          "column": 31
        }
      },
      "21": {
        "start": {
          "line": 79,
          "column": 24
        },
        "end": {
          "line": 79,
          "column": 31
        }
      },
      "22": {
        "start": {
          "line": 80,
          "column": 32
        },
        "end": {
          "line": 80,
          "column": 196
        }
      },
      "23": {
        "start": {
          "line": 81,
          "column": 6
        },
        "end": {
          "line": 81,
          "column": 75
        }
      },
      "24": {
        "start": {
          "line": 81,
          "column": 29
        },
        "end": {
          "line": 81,
          "column": 75
        }
      }
    },
    "fnMap": {
      "0": {
        "name": "Button",
        "decl": {
          "start": {
            "line": 47,
            "column": 9
          },
          "end": {
            "line": 47,
            "column": 15
          }
        },
        "loc": {
          "start": {
            "line": 47,
            "column": 73
          },
          "end": {
            "line": 62,
            "column": 1
          }
        },
        "line": 47
      },
      "1": {
        "name": "(anonymous_1)",
        "decl": {
          "start": {
            "line": 76,
            "column": 52
          },
          "end": {
            "line": 76,
            "column": 53
          }
        },
        "loc": {
          "start": {
            "line": 76,
            "column": 72
          },
          "end": {
            "line": 83,
            "column": 3
          }
        },
        "line": 76
      },
      "2": {
        "name": "(anonymous_2)",
        "decl": {
          "start": {
            "line": 78,
            "column": 27
          },
          "end": {
            "line": 78,
            "column": 28
          }
        },
        "loc": {
          "start": {
            "line": 78,
            "column": 44
          },
          "end": {
            "line": 82,
            "column": 5
          }
        },
        "line": 78
      }
    },
    "branchMap": {
      "0": {
        "loc": {
          "start": {
            "line": 2,
            "column": 20
          },
          "end": {
            "line": 2,
            "column": 97
          }
        },
        "type": "binary-expr",
        "locations": [
          {
            "start": {
              "line": 2,
              "column": 20
            },
            "end": {
              "line": 2,
              "column": 60
            }
          },
          {
            "start": {
              "line": 2,
              "column": 64
            },
            "end": {
              "line": 2,
              "column": 97
            }
          }
        ],
        "line": 2
      },
      "1": {
        "loc": {
          "start": {
            "line": 7,
            "column": 0
          },
          "end": {
            "line": 18,
            "column": 1
          }
        },
        "type": "if",
        "locations": [
          {
            "start": {
              "line": 7,
              "column": 0
            },
            "end": {
              "line": 18,
              "column": 1
            }
          },
          {
            "start": {},
            "end": {}
          }
        ],
        "line": 7
      },
      "2": {
        "loc": {
          "start": {
            "line": 7,
            "column": 4
          },
          "end": {
            "line": 7,
            "column": 35
          }
        },
        "type": "binary-expr",
        "locations": [
          {
            "start": {
              "line": 7,
              "column": 4
            },
            "end": {
              "line": 7,
              "column": 19
            }
          },
          {
            "start": {
              "line": 7,
              "column": 23
            },
            "end": {
              "line": 7,
              "column": 35
            }
          }
        ],
        "line": 7
      },
      "3": {
        "loc": {
          "start": {
            "line": 8,
            "column": 2
          },
          "end": {
            "line": 12,
            "column": 3
          }
        },
        "type": "if",
        "locations": [
          {
            "start": {
              "line": 8,
              "column": 2
            },
            "end": {
              "line": 12,
              "column": 3
            }
          },
          {
            "start": {},
            "end": {}
          }
        ],
        "line": 8
      },
      "4": {
        "loc": {
          "start": {
            "line": 47,
            "column": 44
          },
          "end": {
            "line": 47,
            "column": 59
          }
        },
        "type": "default-arg",
        "locations": [
          {
            "start": {
              "line": 47,
              "column": 54
            },
            "end": {
              "line": 47,
              "column": 59
            }
          }
        ],
        "line": 47
      },
      "5": {
        "loc": {
          "start": {
            "line": 48,
            "column": 17
          },
          "end": {
            "line": 48,
            "column": 42
          }
        },
        "type": "cond-expr",
        "locations": [
          {
            "start": {
              "line": 48,
              "column": 27
            },
            "end": {
              "line": 48,
              "column": 31
            }
          },
          {
            "start": {
              "line": 48,
              "column": 34
            },
            "end": {
              "line": 48,
              "column": 42
            }
          }
        ],
        "line": 48
      },
      "6": {
        "loc": {
          "start": {
            "line": 69,
            "column": 0
          },
          "end": {
            "line": 72,
            "column": 1
          }
        },
        "type": "if",
        "locations": [
          {
            "start": {
              "line": 69,
              "column": 0
            },
            "end": {
              "line": 72,
              "column": 1
            }
          },
          {
            "start": {},
            "end": {}
          }
        ],
        "line": 69
      },
      "7": {
        "loc": {
          "start": {
            "line": 69,
            "column": 4
          },
          "end": {
            "line": 69,
            "column": 35
          }
        },
        "type": "binary-expr",
        "locations": [
          {
            "start": {
              "line": 69,
              "column": 4
            },
            "end": {
              "line": 69,
              "column": 19
            }
          },
          {
            "start": {
              "line": 69,
              "column": 23
            },
            "end": {
              "line": 69,
              "column": 35
            }
          }
        ],
        "line": 69
      },
      "8": {
        "loc": {
          "start": {
            "line": 75,
            "column": 0
          },
          "end": {
            "line": 84,
            "column": 1
          }
        },
        "type": "if",
        "locations": [
          {
            "start": {
              "line": 75,
              "column": 0
            },
            "end": {
              "line": 84,
              "column": 1
            }
          },
          {
            "start": {},
            "end": {}
          }
        ],
        "line": 75
      },
      "9": {
        "loc": {
          "start": {
            "line": 75,
            "column": 4
          },
          "end": {
            "line": 75,
            "column": 35
          }
        },
        "type": "binary-expr",
        "locations": [
          {
            "start": {
              "line": 75,
              "column": 4
            },
            "end": {
              "line": 75,
              "column": 19
            }
          },
          {
            "start": {
              "line": 75,
              "column": 23
            },
            "end": {
              "line": 75,
              "column": 35
            }
          }
        ],
        "line": 75
      },
      "10": {
        "loc": {
          "start": {
            "line": 79,
            "column": 6
          },
          "end": {
            "line": 79,
            "column": 31
          }
        },
        "type": "if",
        "locations": [
          {
            "start": {
              "line": 79,
              "column": 6
            },
            "end": {
              "line": 79,
              "column": 31
            }
          },
          {
            "start": {},
            "end": {}
          }
        ],
        "line": 79
      },
      "11": {
        "loc": {
          "start": {
            "line": 81,
            "column": 6
          },
          "end": {
            "line": 81,
            "column": 75
          }
        },
        "type": "if",
        "locations": [
          {
            "start": {
              "line": 81,
              "column": 6
            },
            "end": {
              "line": 81,
              "column": 75
            }
          },
          {
            "start": {},
            "end": {}
          }
        ],
        "line": 81
      }
    },
    "s": {
      "0": 16,
      "1": 16,
      "2": 16,
      "3": 0,
      "4": 16,
      "5": 16,
      "6": 16,
      "7": 16,
      "8": 16,
      "9": 754,
      "10": 754,
      "11": 16,
      "12": 16,
      "13": 16,
      "14": 16,
      "15": 16,
      "16": 16,
      "17": 16,
      "18": 16,
      "19": 16,
      "20": 0,
      "21": 0,
      "22": 0,
      "23": 0,
      "24": 0
    },
    "f": {
      "0": 754,
      "1": 16,
      "2": 0
    },
    "b": {
      "0": [
        16,
        0
      ],
      "1": [
        16,
        0
      ],
      "2": [
        16,
        16
      ],
      "3": [
        0,
        16
      ],
      "4": [
        754
      ],
      "5": [
        0,
        754
      ],
      "6": [
        16,
        0
      ],
      "7": [
        16,
        16
      ],
      "8": [
        16,
        0
      ],
      "9": [
        16,
        16
      ],
      "10": [
        0,
        0
      ],
      "11": [
        0,
        0
      ]
    },
    "inputSourceMap": {
      "version": 3,
      "sources": [
        "C:/Users/R3/Desktop/Projects/Ryhma5/App/frontend/src/components/ui/button.jsx"
      ],
      "names": [
        "React",
        "Slot",
        "cva",
        "cn",
        "buttonVariants",
        "variants",
        "variant",
        "default",
        "destructive",
        "outline",
        "secondary",
        "ghost",
        "link",
        "size",
        "sm",
        "lg",
        "icon",
        "defaultVariants",
        "Button",
        "className",
        "asChild",
        "props",
        "Comp",
        "data-slot"
      ],
      "mappings": ";;;;;;;;;;;;;;;;;;;;AAAA,YAAYA,WAAW,QAAO;AAC9B,SAASC,IAAI,QAAQ,uBAAsB;AAC3C,SAASC,GAAG,QAAQ,2BAA2B;AAE/C,SAASC,EAAE,QAAQ,gBAAe;AAElC,MAAMC,iBAAiBF,IACrB,+bACA;IACEG,UAAU;QACRC,SAAS;YACPC,SACE;YACFC,aACE;YACFC,SACE;YACFC,WACE;YACFC,OACE;YACFC,MAAM;QACR;QACAC,MAAM;YACJN,SAAS;YACTO,IAAI;YACJC,IAAI;YACJC,MAAM;QACR;IACF;IACAC,iBAAiB;QACfX,SAAS;QACTO,MAAM;IACR;AACF;AAGF,SAASK,OAAO,EACdC,SAAS,EACTb,OAAO,EACPO,IAAI,EACJO,UAAU,KAAK,EACf,GAAGC,OACJ;IACC,MAAMC,OAAOF,UAAUnB,OAAO;IAE9B,qBACE,QAACqB;QACCC,aAAU;QACVJ,WAAWhB,GAAGC,eAAe;YAAEE;YAASO;YAAMM;QAAU;QACvD,GAAGE,KAAK;;;;;;AAEf;KAfSH;AAiBT,SAASA,MAAM,EAAEd,cAAc,GAAE"
    },
    "_coverageSchema": "1a1c01bbd47fc00a2c39e90264f33305004495a9",
    "hash": "1208c7c27913c21f2e27f86a13f15c46082cb992"
  },
  "C:/Users/R3/Desktop/Projects/Ryhma5/App/frontend/src/components/ui/input.jsx": {
    "path": "C:/Users/R3/Desktop/Projects/Ryhma5/App/frontend/src/components/ui/input.jsx",
    "statementMap": {
      "0": {
        "start": {
          "line": 2,
          "column": 20
        },
        "end": {
          "line": 2,
          "column": 97
        }
      },
      "1": {
        "start": {
          "line": 7,
          "column": 0
        },
        "end": {
          "line": 18,
          "column": 1
        }
      },
      "2": {
        "start": {
          "line": 8,
          "column": 2
        },
        "end": {
          "line": 12,
          "column": 3
        }
      },
      "3": {
        "start": {
          "line": 9,
          "column": 4
        },
        "end": {
          "line": 11,
          "column": 6
        }
      },
      "4": {
        "start": {
          "line": 14,
          "column": 2
        },
        "end": {
          "line": 14,
          "column": 39
        }
      },
      "5": {
        "start": {
          "line": 15,
          "column": 2
        },
        "end": {
          "line": 15,
          "column": 39
        }
      },
      "6": {
        "start": {
          "line": 16,
          "column": 2
        },
        "end": {
          "line": 16,
          "column": 133
        }
      },
      "7": {
        "start": {
          "line": 17,
          "column": 2
        },
        "end": {
          "line": 17,
          "column": 75
        }
      },
      "8": {
        "start": {
          "line": 23,
          "column": 28
        },
        "end": {
          "line": 34,
          "column": 2
        }
      },
      "9": {
        "start": {
          "line": 24,
          "column": 4
        },
        "end": {
          "line": 33,
          "column": 13
        }
      },
      "10": {
        "start": {
          "line": 35,
          "column": 0
        },
        "end": {
          "line": 35,
          "column": 12
        }
      },
      "11": {
        "start": {
          "line": 36,
          "column": 0
        },
        "end": {
          "line": 36,
          "column": 28
        }
      },
      "12": {
        "start": {
          "line": 39,
          "column": 0
        },
        "end": {
          "line": 39,
          "column": 43
        }
      },
      "13": {
        "start": {
          "line": 40,
          "column": 0
        },
        "end": {
          "line": 40,
          "column": 27
        }
      },
      "14": {
        "start": {
          "line": 43,
          "column": 0
        },
        "end": {
          "line": 46,
          "column": 1
        }
      },
      "15": {
        "start": {
          "line": 44,
          "column": 2
        },
        "end": {
          "line": 44,
          "column": 39
        }
      },
      "16": {
        "start": {
          "line": 45,
          "column": 2
        },
        "end": {
          "line": 45,
          "column": 39
        }
      },
      "17": {
        "start": {
          "line": 49,
          "column": 0
        },
        "end": {
          "line": 58,
          "column": 1
        }
      },
      "18": {
        "start": {
          "line": 50,
          "column": 2
        },
        "end": {
          "line": 57,
          "column": 5
        }
      },
      "19": {
        "start": {
          "line": 51,
          "column": 4
        },
        "end": {
          "line": 51,
          "column": 146
        }
      },
      "20": {
        "start": {
          "line": 52,
          "column": 4
        },
        "end": {
          "line": 56,
          "column": 7
        }
      },
      "21": {
        "start": {
          "line": 53,
          "column": 6
        },
        "end": {
          "line": 53,
          "column": 31
        }
      },
      "22": {
        "start": {
          "line": 53,
          "column": 24
        },
        "end": {
          "line": 53,
          "column": 31
        }
      },
      "23": {
        "start": {
          "line": 54,
          "column": 32
        },
        "end": {
          "line": 54,
          "column": 195
        }
      },
      "24": {
        "start": {
          "line": 55,
          "column": 6
        },
        "end": {
          "line": 55,
          "column": 75
        }
      },
      "25": {
        "start": {
          "line": 55,
          "column": 29
        },
        "end": {
          "line": 55,
          "column": 75
        }
      }
    },
    "fnMap": {
      "0": {
        "name": "(anonymous_0)",
        "decl": {
          "start": {
            "line": 23,
            "column": 50
          },
          "end": {
            "line": 23,
            "column": 51
          }
        },
        "loc": {
          "start": {
            "line": 23,
            "column": 88
          },
          "end": {
            "line": 34,
            "column": 1
          }
        },
        "line": 23
      },
      "1": {
        "name": "(anonymous_1)",
        "decl": {
          "start": {
            "line": 50,
            "column": 52
          },
          "end": {
            "line": 50,
            "column": 53
          }
        },
        "loc": {
          "start": {
            "line": 50,
            "column": 72
          },
          "end": {
            "line": 57,
            "column": 3
          }
        },
        "line": 50
      },
      "2": {
        "name": "(anonymous_2)",
        "decl": {
          "start": {
            "line": 52,
            "column": 27
          },
          "end": {
            "line": 52,
            "column": 28
          }
        },
        "loc": {
          "start": {
            "line": 52,
            "column": 44
          },
          "end": {
            "line": 56,
            "column": 5
          }
        },
        "line": 52
      }
    },
    "branchMap": {
      "0": {
        "loc": {
          "start": {
            "line": 2,
            "column": 20
          },
          "end": {
            "line": 2,
            "column": 97
          }
        },
        "type": "binary-expr",
        "locations": [
          {
            "start": {
              "line": 2,
              "column": 20
            },
            "end": {
              "line": 2,
              "column": 60
            }
          },
          {
            "start": {
              "line": 2,
              "column": 64
            },
            "end": {
              "line": 2,
              "column": 97
            }
          }
        ],
        "line": 2
      },
      "1": {
        "loc": {
          "start": {
            "line": 7,
            "column": 0
          },
          "end": {
            "line": 18,
            "column": 1
          }
        },
        "type": "if",
        "locations": [
          {
            "start": {
              "line": 7,
              "column": 0
            },
            "end": {
              "line": 18,
              "column": 1
            }
          },
          {
            "start": {},
            "end": {}
          }
        ],
        "line": 7
      },
      "2": {
        "loc": {
          "start": {
            "line": 7,
            "column": 4
          },
          "end": {
            "line": 7,
            "column": 35
          }
        },
        "type": "binary-expr",
        "locations": [
          {
            "start": {
              "line": 7,
              "column": 4
            },
            "end": {
              "line": 7,
              "column": 19
            }
          },
          {
            "start": {
              "line": 7,
              "column": 23
            },
            "end": {
              "line": 7,
              "column": 35
            }
          }
        ],
        "line": 7
      },
      "3": {
        "loc": {
          "start": {
            "line": 8,
            "column": 2
          },
          "end": {
            "line": 12,
            "column": 3
          }
        },
        "type": "if",
        "locations": [
          {
            "start": {
              "line": 8,
              "column": 2
            },
            "end": {
              "line": 12,
              "column": 3
            }
          },
          {
            "start": {},
            "end": {}
          }
        ],
        "line": 8
      },
      "4": {
        "loc": {
          "start": {
            "line": 43,
            "column": 0
          },
          "end": {
            "line": 46,
            "column": 1
          }
        },
        "type": "if",
        "locations": [
          {
            "start": {
              "line": 43,
              "column": 0
            },
            "end": {
              "line": 46,
              "column": 1
            }
          },
          {
            "start": {},
            "end": {}
          }
        ],
        "line": 43
      },
      "5": {
        "loc": {
          "start": {
            "line": 43,
            "column": 4
          },
          "end": {
            "line": 43,
            "column": 35
          }
        },
        "type": "binary-expr",
        "locations": [
          {
            "start": {
              "line": 43,
              "column": 4
            },
            "end": {
              "line": 43,
              "column": 19
            }
          },
          {
            "start": {
              "line": 43,
              "column": 23
            },
            "end": {
              "line": 43,
              "column": 35
            }
          }
        ],
        "line": 43
      },
      "6": {
        "loc": {
          "start": {
            "line": 49,
            "column": 0
          },
          "end": {
            "line": 58,
            "column": 1
          }
        },
        "type": "if",
        "locations": [
          {
            "start": {
              "line": 49,
              "column": 0
            },
            "end": {
              "line": 58,
              "column": 1
            }
          },
          {
            "start": {},
            "end": {}
          }
        ],
        "line": 49
      },
      "7": {
        "loc": {
          "start": {
            "line": 49,
            "column": 4
          },
          "end": {
            "line": 49,
            "column": 35
          }
        },
        "type": "binary-expr",
        "locations": [
          {
            "start": {
              "line": 49,
              "column": 4
            },
            "end": {
              "line": 49,
              "column": 19
            }
          },
          {
            "start": {
              "line": 49,
              "column": 23
            },
            "end": {
              "line": 49,
              "column": 35
            }
          }
        ],
        "line": 49
      },
      "8": {
        "loc": {
          "start": {
            "line": 53,
            "column": 6
          },
          "end": {
            "line": 53,
            "column": 31
          }
        },
        "type": "if",
        "locations": [
          {
            "start": {
              "line": 53,
              "column": 6
            },
            "end": {
              "line": 53,
              "column": 31
            }
          },
          {
            "start": {},
            "end": {}
          }
        ],
        "line": 53
      },
      "9": {
        "loc": {
          "start": {
            "line": 55,
            "column": 6
          },
          "end": {
            "line": 55,
            "column": 75
          }
        },
        "type": "if",
        "locations": [
          {
            "start": {
              "line": 55,
              "column": 6
            },
            "end": {
              "line": 55,
              "column": 75
            }
          },
          {
            "start": {},
            "end": {}
          }
        ],
        "line": 55
      }
    },
    "s": {
      "0": 16,
      "1": 16,
      "2": 16,
      "3": 0,
      "4": 16,
      "5": 16,
      "6": 16,
      "7": 16,
      "8": 16,
      "9": 1368,
      "10": 16,
      "11": 16,
      "12": 16,
      "13": 16,
      "14": 16,
      "15": 16,
      "16": 16,
      "17": 16,
      "18": 16,
      "19": 16,
      "20": 16,
      "21": 0,
      "22": 0,
      "23": 0,
      "24": 0,
      "25": 0
    },
    "f": {
      "0": 1368,
      "1": 16,
      "2": 0
    },
    "b": {
      "0": [
        16,
        0
      ],
      "1": [
        16,
        0
      ],
      "2": [
        16,
        16
      ],
      "3": [
        0,
        16
      ],
      "4": [
        16,
        0
      ],
      "5": [
        16,
        16
      ],
      "6": [
        16,
        0
      ],
      "7": [
        16,
        16
      ],
      "8": [
        0,
        0
      ],
      "9": [
        0,
        0
      ]
    },
    "inputSourceMap": {
      "version": 3,
      "sources": [
        "C:/Users/R3/Desktop/Projects/Ryhma5/App/frontend/src/components/ui/input.jsx"
      ],
      "names": [
        "React",
        "cn",
        "Input",
        "forwardRef",
        "className",
        "type",
        "props",
        "ref",
        "input",
        "displayName"
      ],
      "mappings": ";;;;;;;;;;;;;;;;;;;;AAAA,YAAYA,WAAW,QAAO;AAE9B,SAASC,EAAE,QAAQ,gBAAe;AAElC,MAAMC,sBAAQF,MAAMG,UAAU,MAAC,CAAC,EAAEC,SAAS,EAAEC,IAAI,EAAE,GAAGC,OAAO,EAAEC;IAC7D,qBACE,QAACC;QACCH,MAAMA;QACND,WAAWH,GACT,2WACAG;QAEFG,KAAKA;QACJ,GAAGD,KAAK;;;;;;AAEf;;AACAJ,MAAMO,WAAW,GAAG;AAEpB,SAASP,KAAK,GAAE"
    },
    "_coverageSchema": "1a1c01bbd47fc00a2c39e90264f33305004495a9",
    "hash": "0ba1dfd08a07bfaf8419a0aec2f12c061479feae"
  },
  "C:/Users/R3/Desktop/Projects/Ryhma5/App/frontend/src/components/ui/footer.jsx": {
    "path": "C:/Users/R3/Desktop/Projects/Ryhma5/App/frontend/src/components/ui/footer.jsx",
    "statementMap": {
      "0": {
        "start": {
          "line": 2,
          "column": 20
        },
        "end": {
          "line": 2,
          "column": 97
        }
      },
      "1": {
        "start": {
          "line": 7,
          "column": 0
        },
        "end": {
          "line": 18,
          "column": 1
        }
      },
      "2": {
        "start": {
          "line": 8,
          "column": 2
        },
        "end": {
          "line": 12,
          "column": 3
        }
      },
      "3": {
        "start": {
          "line": 9,
          "column": 4
        },
        "end": {
          "line": 11,
          "column": 6
        }
      },
      "4": {
        "start": {
          "line": 14,
          "column": 2
        },
        "end": {
          "line": 14,
          "column": 39
        }
      },
      "5": {
        "start": {
          "line": 15,
          "column": 2
        },
        "end": {
          "line": 15,
          "column": 39
        }
      },
      "6": {
        "start": {
          "line": 16,
          "column": 2
        },
        "end": {
          "line": 16,
          "column": 134
        }
      },
      "7": {
        "start": {
          "line": 17,
          "column": 2
        },
        "end": {
          "line": 17,
          "column": 75
        }
      },
      "8": {
        "start": {
          "line": 21,
          "column": 22
        },
        "end": {
          "line": 47,
          "column": 1
        }
      },
      "9": {
        "start": {
          "line": 22,
          "column": 4
        },
        "end": {
          "line": 46,
          "column": 22
        }
      },
      "10": {
        "start": {
          "line": 48,
          "column": 0
        },
        "end": {
          "line": 48,
          "column": 12
        }
      },
      "11": {
        "start": {
          "line": 50,
          "column": 0
        },
        "end": {
          "line": 50,
          "column": 27
        }
      },
      "12": {
        "start": {
          "line": 53,
          "column": 0
        },
        "end": {
          "line": 56,
          "column": 1
        }
      },
      "13": {
        "start": {
          "line": 54,
          "column": 2
        },
        "end": {
          "line": 54,
          "column": 39
        }
      },
      "14": {
        "start": {
          "line": 55,
          "column": 2
        },
        "end": {
          "line": 55,
          "column": 39
        }
      },
      "15": {
        "start": {
          "line": 59,
          "column": 0
        },
        "end": {
          "line": 68,
          "column": 1
        }
      },
      "16": {
        "start": {
          "line": 60,
          "column": 2
        },
        "end": {
          "line": 67,
          "column": 5
        }
      },
      "17": {
        "start": {
          "line": 61,
          "column": 4
        },
        "end": {
          "line": 61,
          "column": 147
        }
      },
      "18": {
        "start": {
          "line": 62,
          "column": 4
        },
        "end": {
          "line": 66,
          "column": 7
        }
      },
      "19": {
        "start": {
          "line": 63,
          "column": 6
        },
        "end": {
          "line": 63,
          "column": 31
        }
      },
      "20": {
        "start": {
          "line": 63,
          "column": 24
        },
        "end": {
          "line": 63,
          "column": 31
        }
      },
      "21": {
        "start": {
          "line": 64,
          "column": 32
        },
        "end": {
          "line": 64,
          "column": 196
        }
      },
      "22": {
        "start": {
          "line": 65,
          "column": 6
        },
        "end": {
          "line": 65,
          "column": 75
        }
      },
      "23": {
        "start": {
          "line": 65,
          "column": 29
        },
        "end": {
          "line": 65,
          "column": 75
        }
      }
    },
    "fnMap": {
      "0": {
        "name": "(anonymous_0)",
        "decl": {
          "start": {
            "line": 21,
            "column": 22
          },
          "end": {
            "line": 21,
            "column": 23
          }
        },
        "loc": {
          "start": {
            "line": 21,
            "column": 39
          },
          "end": {
            "line": 47,
            "column": 1
          }
        },
        "line": 21
      },
      "1": {
        "name": "(anonymous_1)",
        "decl": {
          "start": {
            "line": 60,
            "column": 52
          },
          "end": {
            "line": 60,
            "column": 53
          }
        },
        "loc": {
          "start": {
            "line": 60,
            "column": 72
          },
          "end": {
            "line": 67,
            "column": 3
          }
        },
        "line": 60
      },
      "2": {
        "name": "(anonymous_2)",
        "decl": {
          "start": {
            "line": 62,
            "column": 27
          },
          "end": {
            "line": 62,
            "column": 28
          }
        },
        "loc": {
          "start": {
            "line": 62,
            "column": 44
          },
          "end": {
            "line": 66,
            "column": 5
          }
        },
        "line": 62
      }
    },
    "branchMap": {
      "0": {
        "loc": {
          "start": {
            "line": 2,
            "column": 20
          },
          "end": {
            "line": 2,
            "column": 97
          }
        },
        "type": "binary-expr",
        "locations": [
          {
            "start": {
              "line": 2,
              "column": 20
            },
            "end": {
              "line": 2,
              "column": 60
            }
          },
          {
            "start": {
              "line": 2,
              "column": 64
            },
            "end": {
              "line": 2,
              "column": 97
            }
          }
        ],
        "line": 2
      },
      "1": {
        "loc": {
          "start": {
            "line": 7,
            "column": 0
          },
          "end": {
            "line": 18,
            "column": 1
          }
        },
        "type": "if",
        "locations": [
          {
            "start": {
              "line": 7,
              "column": 0
            },
            "end": {
              "line": 18,
              "column": 1
            }
          },
          {
            "start": {},
            "end": {}
          }
        ],
        "line": 7
      },
      "2": {
        "loc": {
          "start": {
            "line": 7,
            "column": 4
          },
          "end": {
            "line": 7,
            "column": 35
          }
        },
        "type": "binary-expr",
        "locations": [
          {
            "start": {
              "line": 7,
              "column": 4
            },
            "end": {
              "line": 7,
              "column": 19
            }
          },
          {
            "start": {
              "line": 7,
              "column": 23
            },
            "end": {
              "line": 7,
              "column": 35
            }
          }
        ],
        "line": 7
      },
      "3": {
        "loc": {
          "start": {
            "line": 8,
            "column": 2
          },
          "end": {
            "line": 12,
            "column": 3
          }
        },
        "type": "if",
        "locations": [
          {
            "start": {
              "line": 8,
              "column": 2
            },
            "end": {
              "line": 12,
              "column": 3
            }
          },
          {
            "start": {},
            "end": {}
          }
        ],
        "line": 8
      },
      "4": {
        "loc": {
          "start": {
            "line": 53,
            "column": 0
          },
          "end": {
            "line": 56,
            "column": 1
          }
        },
        "type": "if",
        "locations": [
          {
            "start": {
              "line": 53,
              "column": 0
            },
            "end": {
              "line": 56,
              "column": 1
            }
          },
          {
            "start": {},
            "end": {}
          }
        ],
        "line": 53
      },
      "5": {
        "loc": {
          "start": {
            "line": 53,
            "column": 4
          },
          "end": {
            "line": 53,
            "column": 35
          }
        },
        "type": "binary-expr",
        "locations": [
          {
            "start": {
              "line": 53,
              "column": 4
            },
            "end": {
              "line": 53,
              "column": 19
            }
          },
          {
            "start": {
              "line": 53,
              "column": 23
            },
            "end": {
              "line": 53,
              "column": 35
            }
          }
        ],
        "line": 53
      },
      "6": {
        "loc": {
          "start": {
            "line": 59,
            "column": 0
          },
          "end": {
            "line": 68,
            "column": 1
          }
        },
        "type": "if",
        "locations": [
          {
            "start": {
              "line": 59,
              "column": 0
            },
            "end": {
              "line": 68,
              "column": 1
            }
          },
          {
            "start": {},
            "end": {}
          }
        ],
        "line": 59
      },
      "7": {
        "loc": {
          "start": {
            "line": 59,
            "column": 4
          },
          "end": {
            "line": 59,
            "column": 35
          }
        },
        "type": "binary-expr",
        "locations": [
          {
            "start": {
              "line": 59,
              "column": 4
            },
            "end": {
              "line": 59,
              "column": 19
            }
          },
          {
            "start": {
              "line": 59,
              "column": 23
            },
            "end": {
              "line": 59,
              "column": 35
            }
          }
        ],
        "line": 59
      },
      "8": {
        "loc": {
          "start": {
            "line": 63,
            "column": 6
          },
          "end": {
            "line": 63,
            "column": 31
          }
        },
        "type": "if",
        "locations": [
          {
            "start": {
              "line": 63,
              "column": 6
            },
            "end": {
              "line": 63,
              "column": 31
            }
          },
          {
            "start": {},
            "end": {}
          }
        ],
        "line": 63
      },
      "9": {
        "loc": {
          "start": {
            "line": 65,
            "column": 6
          },
          "end": {
            "line": 65,
            "column": 75
          }
        },
        "type": "if",
        "locations": [
          {
            "start": {
              "line": 65,
              "column": 6
            },
            "end": {
              "line": 65,
              "column": 75
            }
          },
          {
            "start": {},
            "end": {}
          }
        ],
        "line": 65
      }
    },
    "s": {
      "0": 16,
      "1": 16,
      "2": 16,
      "3": 0,
      "4": 16,
      "5": 16,
      "6": 16,
      "7": 16,
      "8": 16,
      "9": 700,
      "10": 16,
      "11": 16,
      "12": 16,
      "13": 16,
      "14": 16,
      "15": 16,
      "16": 16,
      "17": 16,
      "18": 16,
      "19": 0,
      "20": 0,
      "21": 0,
      "22": 0,
      "23": 0
    },
    "f": {
      "0": 700,
      "1": 16,
      "2": 0
    },
    "b": {
      "0": [
        16,
        0
      ],
      "1": [
        16,
        0
      ],
      "2": [
        16,
        16
      ],
      "3": [
        0,
        16
      ],
      "4": [
        16,
        0
      ],
      "5": [
        16,
        16
      ],
      "6": [
        16,
        0
      ],
      "7": [
        16,
        16
      ],
      "8": [
        0,
        0
      ],
      "9": [
        0,
        0
      ]
    },
    "inputSourceMap": {
      "version": 3,
      "sources": [
        "C:/Users/R3/Desktop/Projects/Ryhma5/App/frontend/src/components/ui/footer.jsx"
      ],
      "names": [
        "Footer",
        "className",
        "div",
        "p",
        "strong"
      ],
      "mappings": ";;;;;;;;;;;;;;;;;;;;AAAA,OAAO,MAAMA,SAAS,CAAC,EAACC,SAAS,EAAC;IAC9B,qBACI;kBACI,cAAA,QAACC;YAAID,WAAW,CAAC,gEAAgE,EAAEA,WAAW;sBAC1F,cAAA,QAACE;;kCAAE,QAACC;kCAAO;;;;;;oBAAsB;;;;;;;;;;;;;AAIjD,EAAE;KARWJ"
    },
    "_coverageSchema": "1a1c01bbd47fc00a2c39e90264f33305004495a9",
    "hash": "9a608dff48caf8728ff8740aab467ecae8d508af"
  },
  "C:/Users/R3/Desktop/Projects/Ryhma5/App/frontend/src/components/ui/header.jsx": {
    "path": "C:/Users/R3/Desktop/Projects/Ryhma5/App/frontend/src/components/ui/header.jsx",
    "statementMap": {
      "0": {
        "start": {
          "line": 2,
          "column": 20
        },
        "end": {
          "line": 2,
          "column": 97
        }
      },
      "1": {
        "start": {
          "line": 7,
          "column": 0
        },
        "end": {
          "line": 18,
          "column": 1
        }
      },
      "2": {
        "start": {
          "line": 8,
          "column": 2
        },
        "end": {
          "line": 12,
          "column": 3
        }
      },
      "3": {
        "start": {
          "line": 9,
          "column": 4
        },
        "end": {
          "line": 11,
          "column": 6
        }
      },
      "4": {
        "start": {
          "line": 14,
          "column": 2
        },
        "end": {
          "line": 14,
          "column": 39
        }
      },
      "5": {
        "start": {
          "line": 15,
          "column": 2
        },
        "end": {
          "line": 15,
          "column": 39
        }
      },
      "6": {
        "start": {
          "line": 16,
          "column": 2
        },
        "end": {
          "line": 16,
          "column": 134
        }
      },
      "7": {
        "start": {
          "line": 17,
          "column": 2
        },
        "end": {
          "line": 17,
          "column": 75
        }
      },
      "8": {
        "start": {
          "line": 23,
          "column": 22
        },
        "end": {
          "line": 86,
          "column": 1
        }
      },
      "9": {
        "start": {
          "line": 24,
          "column": 4
        },
        "end": {
          "line": 85,
          "column": 13
        }
      },
      "10": {
        "start": {
          "line": 87,
          "column": 0
        },
        "end": {
          "line": 87,
          "column": 12
        }
      },
      "11": {
        "start": {
          "line": 90,
          "column": 0
        },
        "end": {
          "line": 90,
          "column": 27
        }
      },
      "12": {
        "start": {
          "line": 93,
          "column": 0
        },
        "end": {
          "line": 96,
          "column": 1
        }
      },
      "13": {
        "start": {
          "line": 94,
          "column": 2
        },
        "end": {
          "line": 94,
          "column": 39
        }
      },
      "14": {
        "start": {
          "line": 95,
          "column": 2
        },
        "end": {
          "line": 95,
          "column": 39
        }
      },
      "15": {
        "start": {
          "line": 99,
          "column": 0
        },
        "end": {
          "line": 108,
          "column": 1
        }
      },
      "16": {
        "start": {
          "line": 100,
          "column": 2
        },
        "end": {
          "line": 107,
          "column": 5
        }
      },
      "17": {
        "start": {
          "line": 101,
          "column": 4
        },
        "end": {
          "line": 101,
          "column": 147
        }
      },
      "18": {
        "start": {
          "line": 102,
          "column": 4
        },
        "end": {
          "line": 106,
          "column": 7
        }
      },
      "19": {
        "start": {
          "line": 103,
          "column": 6
        },
        "end": {
          "line": 103,
          "column": 31
        }
      },
      "20": {
        "start": {
          "line": 103,
          "column": 24
        },
        "end": {
          "line": 103,
          "column": 31
        }
      },
      "21": {
        "start": {
          "line": 104,
          "column": 32
        },
        "end": {
          "line": 104,
          "column": 196
        }
      },
      "22": {
        "start": {
          "line": 105,
          "column": 6
        },
        "end": {
          "line": 105,
          "column": 75
        }
      },
      "23": {
        "start": {
          "line": 105,
          "column": 29
        },
        "end": {
          "line": 105,
          "column": 75
        }
      }
    },
    "fnMap": {
      "0": {
        "name": "(anonymous_0)",
        "decl": {
          "start": {
            "line": 23,
            "column": 22
          },
          "end": {
            "line": 23,
            "column": 23
          }
        },
        "loc": {
          "start": {
            "line": 23,
            "column": 26
          },
          "end": {
            "line": 86,
            "column": 1
          }
        },
        "line": 23
      },
      "1": {
        "name": "(anonymous_1)",
        "decl": {
          "start": {
            "line": 100,
            "column": 52
          },
          "end": {
            "line": 100,
            "column": 53
          }
        },
        "loc": {
          "start": {
            "line": 100,
            "column": 72
          },
          "end": {
            "line": 107,
            "column": 3
          }
        },
        "line": 100
      },
      "2": {
        "name": "(anonymous_2)",
        "decl": {
          "start": {
            "line": 102,
            "column": 27
          },
          "end": {
            "line": 102,
            "column": 28
          }
        },
        "loc": {
          "start": {
            "line": 102,
            "column": 44
          },
          "end": {
            "line": 106,
            "column": 5
          }
        },
        "line": 102
      }
    },
    "branchMap": {
      "0": {
        "loc": {
          "start": {
            "line": 2,
            "column": 20
          },
          "end": {
            "line": 2,
            "column": 97
          }
        },
        "type": "binary-expr",
        "locations": [
          {
            "start": {
              "line": 2,
              "column": 20
            },
            "end": {
              "line": 2,
              "column": 60
            }
          },
          {
            "start": {
              "line": 2,
              "column": 64
            },
            "end": {
              "line": 2,
              "column": 97
            }
          }
        ],
        "line": 2
      },
      "1": {
        "loc": {
          "start": {
            "line": 7,
            "column": 0
          },
          "end": {
            "line": 18,
            "column": 1
          }
        },
        "type": "if",
        "locations": [
          {
            "start": {
              "line": 7,
              "column": 0
            },
            "end": {
              "line": 18,
              "column": 1
            }
          },
          {
            "start": {},
            "end": {}
          }
        ],
        "line": 7
      },
      "2": {
        "loc": {
          "start": {
            "line": 7,
            "column": 4
          },
          "end": {
            "line": 7,
            "column": 35
          }
        },
        "type": "binary-expr",
        "locations": [
          {
            "start": {
              "line": 7,
              "column": 4
            },
            "end": {
              "line": 7,
              "column": 19
            }
          },
          {
            "start": {
              "line": 7,
              "column": 23
            },
            "end": {
              "line": 7,
              "column": 35
            }
          }
        ],
        "line": 7
      },
      "3": {
        "loc": {
          "start": {
            "line": 8,
            "column": 2
          },
          "end": {
            "line": 12,
            "column": 3
          }
        },
        "type": "if",
        "locations": [
          {
            "start": {
              "line": 8,
              "column": 2
            },
            "end": {
              "line": 12,
              "column": 3
            }
          },
          {
            "start": {},
            "end": {}
          }
        ],
        "line": 8
      },
      "4": {
        "loc": {
          "start": {
            "line": 93,
            "column": 0
          },
          "end": {
            "line": 96,
            "column": 1
          }
        },
        "type": "if",
        "locations": [
          {
            "start": {
              "line": 93,
              "column": 0
            },
            "end": {
              "line": 96,
              "column": 1
            }
          },
          {
            "start": {},
            "end": {}
          }
        ],
        "line": 93
      },
      "5": {
        "loc": {
          "start": {
            "line": 93,
            "column": 4
          },
          "end": {
            "line": 93,
            "column": 35
          }
        },
        "type": "binary-expr",
        "locations": [
          {
            "start": {
              "line": 93,
              "column": 4
            },
            "end": {
              "line": 93,
              "column": 19
            }
          },
          {
            "start": {
              "line": 93,
              "column": 23
            },
            "end": {
              "line": 93,
              "column": 35
            }
          }
        ],
        "line": 93
      },
      "6": {
        "loc": {
          "start": {
            "line": 99,
            "column": 0
          },
          "end": {
            "line": 108,
            "column": 1
          }
        },
        "type": "if",
        "locations": [
          {
            "start": {
              "line": 99,
              "column": 0
            },
            "end": {
              "line": 108,
              "column": 1
            }
          },
          {
            "start": {},
            "end": {}
          }
        ],
        "line": 99
      },
      "7": {
        "loc": {
          "start": {
            "line": 99,
            "column": 4
          },
          "end": {
            "line": 99,
            "column": 35
          }
        },
        "type": "binary-expr",
        "locations": [
          {
            "start": {
              "line": 99,
              "column": 4
            },
            "end": {
              "line": 99,
              "column": 19
            }
          },
          {
            "start": {
              "line": 99,
              "column": 23
            },
            "end": {
              "line": 99,
              "column": 35
            }
          }
        ],
        "line": 99
      },
      "8": {
        "loc": {
          "start": {
            "line": 103,
            "column": 6
          },
          "end": {
            "line": 103,
            "column": 31
          }
        },
        "type": "if",
        "locations": [
          {
            "start": {
              "line": 103,
              "column": 6
            },
            "end": {
              "line": 103,
              "column": 31
            }
          },
          {
            "start": {},
            "end": {}
          }
        ],
        "line": 103
      },
      "9": {
        "loc": {
          "start": {
            "line": 105,
            "column": 6
          },
          "end": {
            "line": 105,
            "column": 75
          }
        },
        "type": "if",
        "locations": [
          {
            "start": {
              "line": 105,
              "column": 6
            },
            "end": {
              "line": 105,
              "column": 75
            }
          },
          {
            "start": {},
            "end": {}
          }
        ],
        "line": 105
      }
    },
    "s": {
      "0": 16,
      "1": 16,
      "2": 16,
      "3": 0,
      "4": 16,
      "5": 16,
      "6": 16,
      "7": 16,
      "8": 16,
      "9": 700,
      "10": 16,
      "11": 16,
      "12": 16,
      "13": 16,
      "14": 16,
      "15": 16,
      "16": 16,
      "17": 16,
      "18": 16,
      "19": 0,
      "20": 0,
      "21": 0,
      "22": 0,
      "23": 0
    },
    "f": {
      "0": 700,
      "1": 16,
      "2": 0
    },
    "b": {
      "0": [
        16,
        0
      ],
      "1": [
        16,
        0
      ],
      "2": [
        16,
        16
      ],
      "3": [
        0,
        16
      ],
      "4": [
        16,
        0
      ],
      "5": [
        16,
        16
      ],
      "6": [
        16,
        0
      ],
      "7": [
        16,
        16
      ],
      "8": [
        0,
        0
      ],
      "9": [
        0,
        0
      ]
    },
    "inputSourceMap": {
      "version": 3,
      "sources": [
        "C:/Users/R3/Desktop/Projects/Ryhma5/App/frontend/src/components/ui/header.jsx"
      ],
      "names": [
        "React",
        "useNavigate",
        "Header",
        "header",
        "className",
        "h1",
        "a",
        "href",
        "h2",
        "h3",
        "div"
      ],
      "mappings": ";;;;;;;;;;;;;;;;;;;;AAAA,OAAOA,WAAW,QAAQ;AAC1B,SAASC,WAAW,QAAQ,mBAAmB;AAE/C,OAAO,MAAMC,SAAS;IACpB,qBACE,QAACC;QAAOC,WAAU;;0BAChB,QAACC;gBAAGD,WAAU;0BACZ,cAAA,QAACE;oBAAEC,MAAK;8BAAS;;;;;;;;;;;0BAEnB,QAACC;gBAAGJ,WAAU;0BACZ,cAAA,QAACE;oBAAEC,MAAK;8BAAY;;;;;;;;;;;0BAEtB,QAACE;gBAAGL,WAAU;0BACZ,cAAA,QAACE;oBAAEC,MAAK;8BAAS;;;;;;;;;;;0BAInB,QAACG;gBAAIN,WAAU;0BAAkC;;;;;;;;;;;;AAKvD,EAAE;KAnBWF;AAqBb,eAAeA,OAAO"
    },
    "_coverageSchema": "1a1c01bbd47fc00a2c39e90264f33305004495a9",
    "hash": "b21e748e98704852f07dd85a717a5f575830df6d"
  },
  "C:/Users/R3/Desktop/Projects/Ryhma5/App/frontend/src/lib/supabaseClient.js": {
    "path": "C:/Users/R3/Desktop/Projects/Ryhma5/App/frontend/src/lib/supabaseClient.js",
    "statementMap": {
      "0": {
        "start": {
          "line": 3,
          "column": 20
        },
        "end": {
          "line": 3,
          "column": 53
        }
      },
      "1": {
        "start": {
          "line": 4,
          "column": 24
        },
        "end": {
          "line": 4,
          "column": 69
        }
      },
      "2": {
        "start": {
          "line": 6,
          "column": 0
        },
        "end": {
          "line": 8,
          "column": 1
        }
      },
      "3": {
        "start": {
          "line": 7,
          "column": 2
        },
        "end": {
          "line": 7,
          "column": 88
        }
      },
      "4": {
        "start": {
          "line": 10,
          "column": 24
        },
        "end": {
          "line": 10,
          "column": 66
        }
      }
    },
    "fnMap": {},
    "branchMap": {
      "0": {
        "loc": {
          "start": {
            "line": 6,
            "column": 0
          },
          "end": {
            "line": 8,
            "column": 1
          }
        },
        "type": "if",
        "locations": [
          {
            "start": {
              "line": 6,
              "column": 0
            },
            "end": {
              "line": 8,
              "column": 1
            }
          },
          {
            "start": {},
            "end": {}
          }
        ],
        "line": 6
      },
      "1": {
        "loc": {
          "start": {
            "line": 6,
            "column": 4
          },
          "end": {
            "line": 6,
            "column": 36
          }
        },
        "type": "binary-expr",
        "locations": [
          {
            "start": {
              "line": 6,
              "column": 4
            },
            "end": {
              "line": 6,
              "column": 16
            }
          },
          {
            "start": {
              "line": 6,
              "column": 20
            },
            "end": {
              "line": 6,
              "column": 36
            }
          }
        ],
        "line": 6
      }
    },
    "s": {
      "0": 16,
      "1": 16,
      "2": 16,
      "3": 0,
      "4": 16
    },
    "f": {},
    "b": {
      "0": [
        0,
        16
      ],
      "1": [
        16,
        16
      ]
    },
    "inputSourceMap": {
      "version": 3,
      "sources": [
        "C:/Users/R3/Desktop/Projects/Ryhma5/App/frontend/src/lib/supabaseClient.js"
      ],
      "names": [],
      "mappings": "AAAA,MAAM,CAAC,CAAC,CAAC,YAAY,CAAC,CAAC,CAAC,IAAI,CAAC,CAAC,CAAC,QAAQ,CAAC,QAAQ,CAAC,EAAE,CAAC,CAAC;AACrD;AACA,KAAK,CAAC,WAAW,CAAC,CAAC,CAAC,MAAM,CAAC,IAAI,CAAC,GAAG,CAAC,iBAAiB,CAAC;AACtD,KAAK,CAAC,eAAe,CAAC,CAAC,CAAC,MAAM,CAAC,IAAI,CAAC,GAAG,CAAC,6BAA6B,CAAC;AACtE;AACA,EAAE,CAAC,CAAC,CAAC,WAAW,CAAC,CAAC,CAAC,CAAC,CAAC,eAAe,CAAC,CAAC,CAAC;AACvC,CAAC,CAAC,KAAK,CAAC,GAAG,CAAC,KAAK,CAAC,CAAC,OAAO,CAAC,iBAAiB,CAAC,EAAE,CAAC,6BAA6B,CAAC,EAAE,CAAC,CAAC,GAAG,CAAC,CAAC,CAAC;AACxF,CAAC;AACD;AACA,MAAM,CAAC,KAAK,CAAC,QAAQ,CAAC,CAAC,CAAC,YAAY,CAAC,WAAW,CAAC,CAAC,eAAe,CAAC,CAAC;"
    },
    "_coverageSchema": "1a1c01bbd47fc00a2c39e90264f33305004495a9",
    "hash": "e33622a3104924a2cc38474e3762a2ccc9c5584d"
  },
  "C:/Users/R3/Desktop/Projects/Ryhma5/App/frontend/src/utils/AuthContext.jsx": {
    "path": "C:/Users/R3/Desktop/Projects/Ryhma5/App/frontend/src/utils/AuthContext.jsx",
    "statementMap": {
      "0": {
        "start": {
          "line": 2,
          "column": 20
        },
        "end": {
          "line": 2,
          "column": 97
        }
      },
      "1": {
        "start": {
          "line": 7,
          "column": 0
        },
        "end": {
          "line": 18,
          "column": 1
        }
      },
      "2": {
        "start": {
          "line": 8,
          "column": 2
        },
        "end": {
          "line": 12,
          "column": 3
        }
      },
      "3": {
        "start": {
          "line": 9,
          "column": 4
        },
        "end": {
          "line": 11,
          "column": 6
        }
      },
      "4": {
        "start": {
          "line": 14,
          "column": 2
        },
        "end": {
          "line": 14,
          "column": 39
        }
      },
      "5": {
        "start": {
          "line": 15,
          "column": 2
        },
        "end": {
          "line": 15,
          "column": 39
        }
      },
      "6": {
        "start": {
          "line": 16,
          "column": 2
        },
        "end": {
          "line": 16,
          "column": 131
        }
      },
      "7": {
        "start": {
          "line": 17,
          "column": 2
        },
        "end": {
          "line": 17,
          "column": 75
        }
      },
      "8": {
        "start": {
          "line": 21,
          "column": 9
        },
        "end": {
          "line": 21,
          "column": 23
        }
      },
      "9": {
        "start": {
          "line": 24,
          "column": 41
        },
        "end": {
          "line": 24,
          "column": 56
        }
      },
      "10": {
        "start": {
          "line": 25,
          "column": 28
        },
        "end": {
          "line": 78,
          "column": 1
        }
      },
      "11": {
        "start": {
          "line": 26,
          "column": 4
        },
        "end": {
          "line": 26,
          "column": 9
        }
      },
      "12": {
        "start": {
          "line": 27,
          "column": 28
        },
        "end": {
          "line": 27,
          "column": 42
        }
      },
      "13": {
        "start": {
          "line": 28,
          "column": 34
        },
        "end": {
          "line": 28,
          "column": 48
        }
      },
      "14": {
        "start": {
          "line": 29,
          "column": 4
        },
        "end": {
          "line": 42,
          "column": 11
        }
      },
      "15": {
        "start": {
          "line": 30,
          "column": 27
        },
        "end": {
          "line": 34,
          "column": 9
        }
      },
      "16": {
        "start": {
          "line": 31,
          "column": 29
        },
        "end": {
          "line": 31,
          "column": 61
        }
      },
      "17": {
        "start": {
          "line": 32,
          "column": 12
        },
        "end": {
          "line": 32,
          "column": 48
        }
      },
      "18": {
        "start": {
          "line": 33,
          "column": 12
        },
        "end": {
          "line": 33,
          "column": 30
        }
      },
      "19": {
        "start": {
          "line": 35,
          "column": 8
        },
        "end": {
          "line": 35,
          "column": 21
        }
      },
      "20": {
        "start": {
          "line": 36,
          "column": 35
        },
        "end": {
          "line": 38,
          "column": 10
        }
      },
      "21": {
        "start": {
          "line": 37,
          "column": 12
        },
        "end": {
          "line": 37,
          "column": 43
        }
      },
      "22": {
        "start": {
          "line": 39,
          "column": 8
        },
        "end": {
          "line": 41,
          "column": 10
        }
      },
      "23": {
        "start": {
          "line": 40,
          "column": 12
        },
        "end": {
          "line": 40,
          "column": 48
        }
      },
      "24": {
        "start": {
          "line": 43,
          "column": 19
        },
        "end": {
          "line": 50,
          "column": 5
        }
      },
      "25": {
        "start": {
          "line": 44,
          "column": 32
        },
        "end": {
          "line": 47,
          "column": 10
        }
      },
      "26": {
        "start": {
          "line": 48,
          "column": 8
        },
        "end": {
          "line": 48,
          "column": 31
        }
      },
      "27": {
        "start": {
          "line": 48,
          "column": 19
        },
        "end": {
          "line": 48,
          "column": 31
        }
      },
      "28": {
        "start": {
          "line": 49,
          "column": 8
        },
        "end": {
          "line": 49,
          "column": 25
        }
      },
      "29": {
        "start": {
          "line": 51,
          "column": 19
        },
        "end": {
          "line": 58,
          "column": 5
        }
      },
      "30": {
        "start": {
          "line": 52,
          "column": 32
        },
        "end": {
          "line": 55,
          "column": 10
        }
      },
      "31": {
        "start": {
          "line": 56,
          "column": 8
        },
        "end": {
          "line": 56,
          "column": 31
        }
      },
      "32": {
        "start": {
          "line": 56,
          "column": 19
        },
        "end": {
          "line": 56,
          "column": 31
        }
      },
      "33": {
        "start": {
          "line": 57,
          "column": 8
        },
        "end": {
          "line": 57,
          "column": 25
        }
      },
      "34": {
        "start": {
          "line": 59,
          "column": 20
        },
        "end": {
          "line": 63,
          "column": 5
        }
      },
      "35": {
        "start": {
          "line": 60,
          "column": 26
        },
        "end": {
          "line": 60,
          "column": 55
        }
      },
      "36": {
        "start": {
          "line": 61,
          "column": 8
        },
        "end": {
          "line": 61,
          "column": 31
        }
      },
      "37": {
        "start": {
          "line": 61,
          "column": 19
        },
        "end": {
          "line": 61,
          "column": 31
        }
      },
      "38": {
        "start": {
          "line": 62,
          "column": 8
        },
        "end": {
          "line": 62,
          "column": 22
        }
      },
      "39": {
        "start": {
          "line": 64,
          "column": 4
        },
        "end": {
          "line": 77,
          "column": 13
        }
      },
      "40": {
        "start": {
          "line": 79,
          "column": 0
        },
        "end": {
          "line": 79,
          "column": 49
        }
      },
      "41": {
        "start": {
          "line": 80,
          "column": 0
        },
        "end": {
          "line": 80,
          "column": 18
        }
      },
      "42": {
        "start": {
          "line": 82,
          "column": 0
        },
        "end": {
          "line": 82,
          "column": 33
        }
      },
      "43": {
        "start": {
          "line": 85,
          "column": 0
        },
        "end": {
          "line": 88,
          "column": 1
        }
      },
      "44": {
        "start": {
          "line": 86,
          "column": 2
        },
        "end": {
          "line": 86,
          "column": 39
        }
      },
      "45": {
        "start": {
          "line": 87,
          "column": 2
        },
        "end": {
          "line": 87,
          "column": 39
        }
      },
      "46": {
        "start": {
          "line": 91,
          "column": 0
        },
        "end": {
          "line": 100,
          "column": 1
        }
      },
      "47": {
        "start": {
          "line": 92,
          "column": 2
        },
        "end": {
          "line": 99,
          "column": 5
        }
      },
      "48": {
        "start": {
          "line": 93,
          "column": 4
        },
        "end": {
          "line": 93,
          "column": 144
        }
      },
      "49": {
        "start": {
          "line": 94,
          "column": 4
        },
        "end": {
          "line": 98,
          "column": 7
        }
      },
      "50": {
        "start": {
          "line": 95,
          "column": 6
        },
        "end": {
          "line": 95,
          "column": 31
        }
      },
      "51": {
        "start": {
          "line": 95,
          "column": 24
        },
        "end": {
          "line": 95,
          "column": 31
        }
      },
      "52": {
        "start": {
          "line": 96,
          "column": 32
        },
        "end": {
          "line": 96,
          "column": 193
        }
      },
      "53": {
        "start": {
          "line": 97,
          "column": 6
        },
        "end": {
          "line": 97,
          "column": 75
        }
      },
      "54": {
        "start": {
          "line": 97,
          "column": 29
        },
        "end": {
          "line": 97,
          "column": 75
        }
      }
    },
    "fnMap": {
      "0": {
        "name": "(anonymous_0)",
        "decl": {
          "start": {
            "line": 25,
            "column": 28
          },
          "end": {
            "line": 25,
            "column": 29
          }
        },
        "loc": {
          "start": {
            "line": 25,
            "column": 44
          },
          "end": {
            "line": 78,
            "column": 1
          }
        },
        "line": 25
      },
      "1": {
        "name": "(anonymous_1)",
        "decl": {
          "start": {
            "line": 29,
            "column": 14
          },
          "end": {
            "line": 29,
            "column": 15
          }
        },
        "loc": {
          "start": {
            "line": 29,
            "column": 18
          },
          "end": {
            "line": 42,
            "column": 5
          }
        },
        "line": 29
      },
      "2": {
        "name": "(anonymous_2)",
        "decl": {
          "start": {
            "line": 30,
            "column": 27
          },
          "end": {
            "line": 30,
            "column": 28
          }
        },
        "loc": {
          "start": {
            "line": 30,
            "column": 37
          },
          "end": {
            "line": 34,
            "column": 9
          }
        },
        "line": 30
      },
      "3": {
        "name": "(anonymous_3)",
        "decl": {
          "start": {
            "line": 36,
            "column": 67
          },
          "end": {
            "line": 36,
            "column": 68
          }
        },
        "loc": {
          "start": {
            "line": 36,
            "column": 86
          },
          "end": {
            "line": 38,
            "column": 9
          }
        },
        "line": 36
      },
      "4": {
        "name": "(anonymous_4)",
        "decl": {
          "start": {
            "line": 39,
            "column": 15
          },
          "end": {
            "line": 39,
            "column": 16
          }
        },
        "loc": {
          "start": {
            "line": 39,
            "column": 19
          },
          "end": {
            "line": 41,
            "column": 9
          }
        },
        "line": 39
      },
      "5": {
        "name": "(anonymous_5)",
        "decl": {
          "start": {
            "line": 43,
            "column": 19
          },
          "end": {
            "line": 43,
            "column": 20
          }
        },
        "loc": {
          "start": {
            "line": 43,
            "column": 44
          },
          "end": {
            "line": 50,
            "column": 5
          }
        },
        "line": 43
      },
      "6": {
        "name": "(anonymous_6)",
        "decl": {
          "start": {
            "line": 51,
            "column": 19
          },
          "end": {
            "line": 51,
            "column": 20
          }
        },
        "loc": {
          "start": {
            "line": 51,
            "column": 44
          },
          "end": {
            "line": 58,
            "column": 5
          }
        },
        "line": 51
      },
      "7": {
        "name": "(anonymous_7)",
        "decl": {
          "start": {
            "line": 59,
            "column": 20
          },
          "end": {
            "line": 59,
            "column": 21
          }
        },
        "loc": {
          "start": {
            "line": 59,
            "column": 30
          },
          "end": {
            "line": 63,
            "column": 5
          }
        },
        "line": 59
      },
      "8": {
        "name": "(anonymous_8)",
        "decl": {
          "start": {
            "line": 92,
            "column": 52
          },
          "end": {
            "line": 92,
            "column": 53
          }
        },
        "loc": {
          "start": {
            "line": 92,
            "column": 72
          },
          "end": {
            "line": 99,
            "column": 3
          }
        },
        "line": 92
      },
      "9": {
        "name": "(anonymous_9)",
        "decl": {
          "start": {
            "line": 94,
            "column": 27
          },
          "end": {
            "line": 94,
            "column": 28
          }
        },
        "loc": {
          "start": {
            "line": 94,
            "column": 44
          },
          "end": {
            "line": 98,
            "column": 5
          }
        },
        "line": 94
      }
    },
    "branchMap": {
      "0": {
        "loc": {
          "start": {
            "line": 2,
            "column": 20
          },
          "end": {
            "line": 2,
            "column": 97
          }
        },
        "type": "binary-expr",
        "locations": [
          {
            "start": {
              "line": 2,
              "column": 20
            },
            "end": {
              "line": 2,
              "column": 60
            }
          },
          {
            "start": {
              "line": 2,
              "column": 64
            },
            "end": {
              "line": 2,
              "column": 97
            }
          }
        ],
        "line": 2
      },
      "1": {
        "loc": {
          "start": {
            "line": 7,
            "column": 0
          },
          "end": {
            "line": 18,
            "column": 1
          }
        },
        "type": "if",
        "locations": [
          {
            "start": {
              "line": 7,
              "column": 0
            },
            "end": {
              "line": 18,
              "column": 1
            }
          },
          {
            "start": {},
            "end": {}
          }
        ],
        "line": 7
      },
      "2": {
        "loc": {
          "start": {
            "line": 7,
            "column": 4
          },
          "end": {
            "line": 7,
            "column": 35
          }
        },
        "type": "binary-expr",
        "locations": [
          {
            "start": {
              "line": 7,
              "column": 4
            },
            "end": {
              "line": 7,
              "column": 19
            }
          },
          {
            "start": {
              "line": 7,
              "column": 23
            },
            "end": {
              "line": 7,
              "column": 35
            }
          }
        ],
        "line": 7
      },
      "3": {
        "loc": {
          "start": {
            "line": 8,
            "column": 2
          },
          "end": {
            "line": 12,
            "column": 3
          }
        },
        "type": "if",
        "locations": [
          {
            "start": {
              "line": 8,
              "column": 2
            },
            "end": {
              "line": 12,
              "column": 3
            }
          },
          {
            "start": {},
            "end": {}
          }
        ],
        "line": 8
      },
      "4": {
        "loc": {
          "start": {
            "line": 32,
            "column": 20
          },
          "end": {
            "line": 32,
            "column": 46
          }
        },
        "type": "binary-expr",
        "locations": [
          {
            "start": {
              "line": 32,
              "column": 20
            },
            "end": {
              "line": 32,
              "column": 38
            }
          },
          {
            "start": {
              "line": 32,
              "column": 42
            },
            "end": {
              "line": 32,
              "column": 46
            }
          }
        ],
        "line": 32
      },
      "5": {
        "loc": {
          "start": {
            "line": 37,
            "column": 20
          },
          "end": {
            "line": 37,
            "column": 41
          }
        },
        "type": "binary-expr",
        "locations": [
          {
            "start": {
              "line": 37,
              "column": 20
            },
            "end": {
              "line": 37,
              "column": 33
            }
          },
          {
            "start": {
              "line": 37,
              "column": 37
            },
            "end": {
              "line": 37,
              "column": 41
            }
          }
        ],
        "line": 37
      },
      "6": {
        "loc": {
          "start": {
            "line": 48,
            "column": 8
          },
          "end": {
            "line": 48,
            "column": 31
          }
        },
        "type": "if",
        "locations": [
          {
            "start": {
              "line": 48,
              "column": 8
            },
            "end": {
              "line": 48,
              "column": 31
            }
          },
          {
            "start": {},
            "end": {}
[...]
            "end": {
              "line": 62,
              "column": 75
            }
          },
          {
            "start": {},
            "end": {}
          }
        ],
        "line": 62
      }
    },
    "s": {
      "0": 16,
      "1": 16,
      "2": 16,
      "3": 0,
      "4": 16,
      "5": 16,
      "6": 16,
      "7": 16,
      "8": 16,
      "9": 8,
      "10": 16,
      "11": 16,
      "12": 16,
      "13": 16,
      "14": 16,
      "15": 16,
      "16": 16,
      "17": 16,
      "18": 16,
      "19": 0,
      "20": 0,
      "21": 0,
      "22": 0,
      "23": 0
    },
    "f": {
      "0": 8,
      "1": 16,
      "2": 0
    },
    "b": {
      "0": [
        16,
        0
      ],
      "1": [
        16,
        0
      ],
      "2": [
        16,
        16
      ],
      "3": [
        0,
        16
      ],
      "4": [
        16,
        0
      ],
      "5": [
        16,
        16
      ],
      "6": [
        16,
        0
      ],
      "7": [
        16,
        16
      ],
      "8": [
        0,
        0
      ],
      "9": [
        0,
        0
      ]
    },
    "inputSourceMap": {
      "version": 3,
      "sources": [
        "C:/Users/R3/Desktop/Projects/Ryhma5/App/frontend/src/pages/notesPage.jsx"
      ],
      "names": [
        "Sidebar",
        "MainContent",
        "NotesPage",
        "div",
        "className"
      ],
      "mappings": ";;;;;;;;;;;;;;;;;;;;AAAA,OAAOA,aAAa,6BAA6B;AACjD,OAAOC,iBAAiB,iCAAiC;AAEzD,MAAMC,YAAY;IACd,qBACI,QAACC;QAAIC,WAAU;;0BACX,QAACJ;;;;;0BACD,QAACC;;;;;;;;;;;AAGb;KAPMC;AASN,eAAeA,UAAU"
    },
    "_coverageSchema": "1a1c01bbd47fc00a2c39e90264f33305004495a9",
    "hash": "d1538a5f22256efb3fdc5e3c9b772fed35b63cde"
  },
  "C:/Users/R3/Desktop/Projects/Ryhma5/App/frontend/src/App.jsx": {
    "path": "C:/Users/R3/Desktop/Projects/Ryhma5/App/frontend/src/App.jsx",
    "statementMap": {
      "0": {
        "start": {
          "line": 2,
          "column": 20
        },
        "end": {
          "line": 2,
          "column": 97
        }
      },
      "1": {
        "start": {
          "line": 7,
          "column": 0
        },
        "end": {
          "line": 18,
          "column": 1
        }
      },
      "2": {
        "start": {
          "line": 8,
          "column": 2
        },
        "end": {
          "line": 12,
          "column": 3
        }
      },
      "3": {
        "start": {
          "line": 9,
          "column": 4
        },
        "end": {
          "line": 11,
          "column": 6
        }
      },
      "4": {
        "start": {
          "line": 14,
          "column": 2
        },
        "end": {
          "line": 14,
          "column": 39
        }
      },
      "5": {
        "start": {
          "line": 15,
          "column": 2
        },
        "end": {
          "line": 15,
          "column": 39
        }
      },
      "6": {
        "start": {
          "line": 16,
          "column": 2
        },
        "end": {
          "line": 16,
          "column": 117
        }
      },
      "7": {
        "start": {
          "line": 17,
          "column": 2
        },
        "end": {
          "line": 17,
          "column": 75
        }
      },
      "8": {
        "start": {
          "line": 21,
          "column": 9
        },
        "end": {
          "line": 21,
          "column": 23
        }
      },
      "9": {
        "start": {
          "line": 30,
          "column": 4
        },
        "end": {
          "line": 30,
          "column": 9
        }
      },
      "10": {
        "start": {
          "line": 31,
          "column": 30
        },
        "end": {
          "line": 31,
          "column": 39
        }
      },
      "11": {
        "start": {
          "line": 32,
          "column": 4
        },
        "end": {
          "line": 38,
          "column": 13
        }
      },
      "12": {
        "start": {
          "line": 32,
          "column": 17
        },
        "end": {
          "line": 38,
          "column": 13
        }
      },
      "13": {
        "start": {
          "line": 39,
          "column": 4
        },
        "end": {
          "line": 129,
          "column": 13
        }
      },
      "14": {
        "start": {
          "line": 131,
          "column": 0
        },
        "end": {
          "line": 135,
          "column": 3
        }
      },
      "15": {
        "start": {
          "line": 132,
          "column": 4
        },
        "end": {
          "line": 134,
          "column": 6
        }
      },
      "16": {
        "start": {
          "line": 136,
          "column": 0
        },
        "end": {
          "line": 136,
          "column": 9
        }
      },
      "17": {
        "start": {
          "line": 139,
          "column": 0
        },
        "end": {
          "line": 139,
          "column": 24
        }
      },
      "18": {
        "start": {
          "line": 142,
          "column": 0
        },
        "end": {
          "line": 145,
          "column": 1
        }
      },
      "19": {
        "start": {
          "line": 143,
          "column": 2
        },
        "end": {
          "line": 143,
          "column": 39
        }
      },
      "20": {
        "start": {
          "line": 144,
          "column": 2
        },
        "end": {
          "line": 144,
          "column": 39
        }
      },
      "21": {
        "start": {
          "line": 148,
          "column": 0
        },
        "end": {
          "line": 157,
          "column": 1
        }
      },
      "22": {
        "start": {
          "line": 149,
          "column": 2
        },
        "end": {
          "line": 156,
          "column": 5
        }
      },
      "23": {
        "start": {
          "line": 150,
          "column": 4
        },
        "end": {
          "line": 150,
          "column": 130
        }
      },
      "24": {
        "start": {
          "line": 151,
          "column": 4
        },
        "end": {
          "line": 155,
          "column": 7
        }
      },
      "25": {
        "start": {
          "line": 152,
          "column": 6
        },
        "end": {
          "line": 152,
          "column": 31
        }
      },
      "26": {
        "start": {
          "line": 152,
          "column": 24
        },
        "end": {
          "line": 152,
          "column": 31
        }
      },
      "27": {
        "start": {
          "line": 153,
          "column": 32
        },
        "end": {
          "line": 153,
          "column": 179
        }
      },
      "28": {
        "start": {
          "line": 154,
          "column": 6
        },
        "end": {
          "line": 154,
          "column": 75
        }
      },
      "29": {
        "start": {
          "line": 154,
          "column": 29
        },
        "end": {
          "line": 154,
          "column": 75
        }
      }
    },
    "fnMap": {
      "0": {
        "name": "App",
        "decl": {
          "start": {
            "line": 29,
            "column": 9
          },
          "end": {
            "line": 29,
            "column": 12
          }
        },
        "loc": {
          "start": {
            "line": 29,
            "column": 15
          },
          "end": {
            "line": 130,
            "column": 1
          }
        },
        "line": 29
      },
      "1": {
        "name": "(anonymous_1)",
        "decl": {
          "start": {
            "line": 131,
            "column": 47
          },
          "end": {
            "line": 131,
            "column": 48
          }
        },
        "loc": {
          "start": {
            "line": 131,
            "column": 58
          },
          "end": {
            "line": 135,
            "column": 1
          }
        },
        "line": 131
      },
      "2": {
        "name": "(anonymous_2)",
        "decl": {
          "start": {
            "line": 149,
            "column": 52
          },
          "end": {
            "line": 149,
            "column": 53
          }
        },
        "loc": {
          "start": {
            "line": 149,
            "column": 72
          },
          "end": {
            "line": 156,
            "column": 3
          }
        },
        "line": 149
      },
      "3": {
        "name": "(anonymous_3)",
        "decl": {
          "start": {
            "line": 151,
            "column": 27
          },
          "end": {
            "line": 151,
            "column": 28
          }
        },
        "loc": {
          "start": {
            "line": 151,
            "column": 44
          },
          "end": {
            "line": 155,
            "column": 5
          }
        },
        "line": 151
      }
    },
    "branchMap": {
      "0": {
        "loc": {
          "start": {
            "line": 2,
            "column": 20
          },
          "end": {
            "line": 2,
            "column": 97
          }
        },
        "type": "binary-expr",
        "locations": [
          {
            "start": {
              "line": 2,
              "column": 20
            },
            "end": {
              "line": 2,
              "column": 60
            }
          },
          {
            "start": {
              "line": 2,
              "column": 64
            },
            "end": {
              "line": 2,
              "column": 97
            }
          }
        ],
        "line": 2
      },
      "1": {
        "loc": {
          "start": {
            "line": 7,
            "column": 0
          },
          "end": {
            "line": 18,
            "column": 1
          }
        },
        "type": "if",
        "locations": [
          {
            "start": {
              "line": 7,
              "column": 0
            },
            "end": {
              "line": 18,
              "column": 1
            }
          },
          {
            "start": {},
            "end": {}
          }
        ],
        "line": 7
      },
      "2": {
        "loc": {
          "start": {
            "line": 7,
            "column": 4
          },
          "end": {
            "line": 7,
            "column": 35
          }
        },
        "type": "binary-expr",
        "locations": [
          {
            "start": {
              "line": 7,
              "column": 4
            },
            "end": {
              "line": 7,
              "column": 19
            }
          },
          {
            "start": {
              "line": 7,
              "column": 23
            },
            "end": {
              "line": 7,
              "column": 35
            }
          }
        ],
        "line": 7
      },
      "3": {
        "loc": {
          "start": {
            "line": 8,
            "column": 2
          },
          "end": {
            "line": 12,
            "column": 3
          }
        },
        "type": "if",
        "locations": [
          {
            "start": {
              "line": 8,
              "column": 2
            },
            "end": {
              "line": 12,
              "column": 3
            }
          },
          {
            "start": {},
            "end": {}
          }
        ],
        "line": 8
      },
      "4": {
        "loc": {
          "start": {
            "line": 32,
            "column": 4
          },
          "end": {
            "line": 38,
            "column": 13
          }
        },
        "type": "if",
        "locations": [
          {
            "start": {
              "line": 32,
              "column": 4
            },
            "end": {
              "line": 38,
              "column": 13
            }
          },
          {
            "start": {},
            "end": {}
          }
        ],
        "line": 32
      },
      "5": {
        "loc": {
          "start": {
            "line": 40,
            "column": 18
          },
          "end": {
            "line": 124,
            "column": 24
          }
        },
        "type": "cond-expr",
        "locations": [
          {
            "start": {
              "line": 40,
              "column": 39
            },
            "end": {
              "line": 70,
              "column": 24
            }
          },
          {
            "start": {
              "line": 70,
              "column": 41
            },
            "end": {
              "line": 124,
              "column": 24
            }
          }
        ],
        "line": 40
      },
      "6": {
        "loc": {
          "start": {
            "line": 142,
            "column": 0
          },
          "end": {
            "line": 145,
            "column": 1
          }
        },
        "type": "if",
        "locations": [
          {
            "start": {
              "line": 142,
              "column": 0
            },
            "end": {
              "line": 145,
              "column": 1
            }
          },
          {
            "start": {},
            "end": {}
          }
        ],
        "line": 142
      },
      "7": {
        "loc": {
          "start": {
            "line": 142,
            "column": 4
          },
          "end": {
            "line": 142,
            "column": 35
          }
        },
        "type": "binary-expr",
        "locations": [
          {
            "start": {
              "line": 142,
              "column": 4
            },
            "end": {
              "line": 142,
              "column": 19
            }
          },
          {
            "start": {
              "line": 142,
              "column": 23
            },
            "end": {
              "line": 142,
              "column": 35
            }
          }
        ],
        "line": 142
      },
      "8": {
        "loc": {
          "start": {
            "line": 148,
            "column": 0
          },
          "end": {
            "line": 157,
            "column": 1
          }
        },
        "type": "if",
        "locations": [
          {
            "start": {
              "line": 148,
              "column": 0
            },
            "end": {
              "line": 157,
              "column": 1
            }
          },
          {
            "start": {},
            "end": {}
          }
        ],
        "line": 148
      },
      "9": {
        "loc": {
          "start": {
            "line": 148,
            "column": 4
          },
          "end": {
            "line": 148,
            "column": 35
          }
        },
        "type": "binary-expr",
        "locations": [
          {
            "start": {
              "line": 148,
              "column": 4
            },
            "end": {
              "line": 148,
              "column": 19
            }
          },
          {
            "start": {
              "line": 148,
              "column": 23
            },
            "end": {
              "line": 148,
              "column": 35
            }
          }
        ],
        "line": 148
      },
      "10": {
        "loc": {
          "start": {
            "line": 152,
            "column": 6
          },
          "end": {
            "line": 152,
            "column": 31
          }
        },
        "type": "if",
        "locations": [
          {
            "start": {
              "line": 152,
              "column": 6
            },
            "end": {
              "line": 152,
              "column": 31
            }
          },
          {
            "start": {},
            "end": {}
          }
        ],
        "line": 152
      },
      "11": {
        "loc": {
          "start": {
            "line": 154,
            "column": 6
          },
          "end": {
            "line": 154,
            "column": 75
          }
        },
        "type": "if",
        "locations": [
          {
            "start": {
              "line": 154,
              "column": 6
            },
            "end": {
              "line": 154,
              "column": 75
            }
          },
          {
            "start": {},
            "end": {}
          }
        ],
        "line": 154
      }
    },
    "s": {
      "0": 16,
      "1": 16,
      "2": 16,
      "3": 0,
      "4": 16,
      "5": 16,
      "6": 16,
      "7": 16,
      "8": 16,
      "9": 72,
      "10": 72,
      "11": 72,
      "12": 32,
      "13": 40,
      "14": 16,
      "15": 16,
      "16": 16,
      "17": 16,
      "18": 16,
      "19": 16,
      "20": 16,
      "21": 16,
      "22": 16,
      "23": 16,
      "24": 16,
      "25": 0,
      "26": 0,
      "27": 0,
      "28": 0,
      "29": 0
    },
    "f": {
      "0": 72,
      "1": 16,
      "2": 16,
      "3": 0
    },
    "b": {
      "0": [
        16,
        0
      ],
      "1": [
        16,
        0
      ],
      "2": [
        16,
        16
      ],
      "3": [
        0,
        16
      ],
      "4": [
        32,
        40
      ],
      "5": [
        8,
        32
      ],
      "6": [
        16,
        0
      ],
      "7": [
        16,
        16
      ],
      "8": [
        16,
        0
      ],
      "9": [
        16,
        16
      ],
      "10": [
        0,
        0
      ],
      "11": [
        0,
        0
      ]
    },
    "inputSourceMap": {
      "version": 3,
      "sources": [
        "C:/Users/R3/Desktop/Projects/Ryhma5/App/frontend/src/App.jsx"
      ],
      "names": [
        "Routes",
        "Route",
        "Navigate",
        "RegistrationForm",
        "LoginForm",
        "LandingPage",
        "NotesPage",
        "useAuth",
        "App",
        "user",
        "loading",
        "p",
        "path",
        "element",
        "to",
        "replace"
      ],
      "mappings": ";;;;;;;;;;;;;;;;;;;;;AAAA,OAAO,YAAY;AACnB,SAASA,MAAM,EAAEC,KAAK,EAAEC,QAAQ,QAAQ,mBAAmB;AAC3D,OAAOC,sBAAsB,2BAA2B;AACxD,OAAOC,eAAe,oBAAoB;AAC1C,OAAOC,iBAAiB,sBAAsB;AAC9C,OAAOC,eAAe,oBAAoB;AAC1C,SAASC,OAAO,QAAQ,kBAAkB;AAE1C,SAASC;;IACP,MAAM,EAAEC,IAAI,EAAEC,OAAO,EAAE,GAAGH;IAE1B,IAAIG,SAAS,qBAAO,QAACC;kBAAE;;;;;;IAEvB,qBACE,QAACX;kBACES,qBACC;;8BACE,QAACR;oBAAMW,MAAK;oBAASC,uBAAS,QAACP;;;;;;;;;;8BAC/B,QAACL;oBAAMW,MAAK;oBAAIC,uBAAS,QAACX;wBAASY,IAAG;wBAASC,OAAO;;;;;;;;;;;;yCAGxD;;8BACE,QAACd;oBAAMW,MAAK;oBAAIC,uBAAS,QAACR;;;;;;;;;;8BAC1B,QAACJ;oBAAMW,MAAK;oBAAYC,uBAAS,QAACV;;;;;;;;;;8BAClC,QAACF;oBAAMW,MAAK;oBAASC,uBAAS,QAACT;;;;;;;;;;8BAC/B,QAACH;oBAAMW,MAAK;oBAAIC,uBAAS,QAACX;wBAASY,IAAG;wBAAIC,OAAO;;;;;;;;;;;;;;;;;;AAK3D;GAtBSP;;QACmBD;;;KADnBC;AAwBT,eAAeA,IAAI"
    },
    "_coverageSchema": "1a1c01bbd47fc00a2c39e90264f33305004495a9",
    "hash": "4d51c333b04b2dae0ddf085a713de0991eec45d3"
  },
  "C:/Users/R3/Desktop/Projects/Ryhma5/App/frontend/src/main.jsx": {
    "path": "C:/Users/R3/Desktop/Projects/Ryhma5/App/frontend/src/main.jsx",
    "statementMap": {
      "0": {
        "start": {
          "line": 8,
          "column": 0
        },
        "end": {
          "line": 30,
          "column": 10
        }
      }
    },
    "fnMap": {},
    "branchMap": {},
    "s": {
      "0": 16
    },
    "f": {},
    "b": {},
    "inputSourceMap": {
      "version": 3,
      "sources": [
        "C:/Users/R3/Desktop/Projects/Ryhma5/App/frontend/src/main.jsx"
      ],
      "names": [
        "StrictMode",
        "createRoot",
        "App",
        "BrowserRouter",
        "AuthProvider",
        "document",
        "getElementById",
        "render"
      ],
      "mappings": ";AAAA,SAASA,UAAU,QAAQ,QAAO;AAClC,SAASC,UAAU,QAAQ,mBAAkB;AAC7C,OAAO,cAAa;AACpB,OAAOC,SAAS,YAAW;AAC3B,SAASC,aAAa,QAAQ,mBAAmB;AACjD,SAASC,YAAY,QAAQ,sBAAsB;AAEnDH,WAAWI,SAASC,cAAc,CAAC,SAASC,MAAM,eAChD,QAACP;cACC,cAAA,QAACG;kBACC,cAAA,QAACC;sBACC,cAAA,QAACF"
    },
    "_coverageSchema": "1a1c01bbd47fc00a2c39e90264f33305004495a9",
    "hash": "277b9e62c50d4c6308ab12180951085093ba4596"
  }
}